2018-07-26 14:58:46,487 [main] DEBUG [com.uiframe.utils.Config.getPro() Line: 30] - projectUrl:http://hizhubang.hizhu.com/
2018-07-26 14:58:46,491 [main] DEBUG [com.uiframe.utils.Config.getPro() Line: 30] - screenShotPath:screenshotImgs\
2018-07-26 14:58:46,491 [main] DEBUG [com.uiframe.utils.Config.getPro() Line: 30] - isPrintMsgToReport:3
2018-07-26 14:58:46,492 [main] DEBUG [com.uiframe.utils.Config.getPro() Line: 30] - maxRetryTimes:2
2018-07-26 14:58:46,492 [main] DEBUG [com.uiframe.utils.Config.getPro() Line: 30] - testCasePath:testCaseDatas\
2018-07-26 14:58:46,493 [main] DEBUG [com.uiframe.utils.Config.getPro() Line: 30] - codeImagePath:tessdata\vrCodeImage\codeImage.png
2018-07-26 14:58:46,494 [main] DEBUG [com.uiframe.utils.Config.getPro() Line: 30] - driverType:1
2018-07-26 14:58:46,494 [main] DEBUG [com.uiframe.utils.Config.getPro() Line: 30] - firefoxDriver:webDrivers\geckodriver.exe
2018-07-26 14:58:46,495 [main] DEBUG [com.uiframe.utils.Config.getPro() Line: 30] - chromeDriver:webDrivers\chromedriver.exe
2018-07-26 14:58:46,495 [main] DEBUG [com.uiframe.utils.Config.getPro() Line: 30] - elementsPath:webElementInfos\
2018-07-26 14:58:46,538 [TestNG] INFO  [com.uiframe.testng.TestNGListener.onStart() Line: 18] - 测试初始化
2018-07-26 14:58:46,539 [TestNG] INFO  [com.uiframe.testng.TestNGListener.onStart() Line: 18] - 测试初始化
2018-07-26 14:58:46,541 [TestNG] INFO  [com.uiframe.testng.TestNGListener.onStart() Line: 18] - 测试初始化
2018-07-26 14:58:46,544 [TestNG] INFO  [com.uiframe.testng.TestNGListener.onStart() Line: 18] - 测试初始化
2018-07-26 14:58:46,558 [TestNG] INFO  [com.uiframe.testng.TestNGListener.onTestStart() Line: 24] - 【asetUp】测试用例开始执行
2018-07-26 14:58:46,565 [TestNG] INFO  [com.uiframe.testng.TestNGListener.onTestStart() Line: 24] - 【asetUp】测试用例开始执行
2018-07-26 14:58:46,569 [TestNG] INFO  [com.uiframe.testng.TestNGListener.onTestStart() Line: 24] - 【asetUp】测试用例开始执行
2018-07-26 14:58:46,572 [TestNG] INFO  [com.uiframe.testng.TestNGListener.onTestStart() Line: 24] - 【asetUp】测试用例开始执行
2018-07-26 14:58:51,313 [chrome] INFO  [com.uiframe.baseframe.WebDriverFactory.getChrome() Line: 47] - 实例化谷歌浏览器_ok
2018-07-26 14:58:51,326 [chrome] INFO  [com.uiframe.baseframe.WebElementUtils.<init>() Line: 32] - LoginPage使用元素文件xml：webElementInfos\LoginPage.xml
2018-07-26 14:58:52,200 [chrome] INFO  [com.uiframe.baseframe.BrowserUtils.openUrl() Line: 53] - 打开网址：http://hizhubang.hizhu.com
2018-07-26 14:58:52,201 [chrome] INFO  [com.uiframe.testng.TestNGListener.onTestSuccess() Line: 30] - 【asetUp】测试用例执行成功
2018-07-26 14:58:52,207 [chrome] INFO  [com.uiframe.testng.TestNGListener.onTestSuccess() Line: 30] - 【asetUp】测试用例执行成功
2018-07-26 14:58:52,209 [chrome] INFO  [com.uiframe.testng.TestNGListener.onTestStart() Line: 24] - 【login】测试用例开始执行
2018-07-26 14:58:52,216 [chrome] INFO  [com.uiframe.testng.TestNGListener.onTestStart() Line: 24] - 【login】测试用例开始执行
2018-07-26 14:58:52,361 [chrome] INFO  [com.uiframe.baseframe.WebElementUtils.getElement() Line: 83] - 【用户名输入框】识别成功
2018-07-26 14:58:52,431 [chrome] INFO  [com.uiframe.testng.TestngRetry.retry() Line: 20] - 测试类：'com.uiframe.testng.TestngRetry' 中的测试方法：'login' 执行失败，重试第 1 次
2018-07-26 14:58:52,432 [chrome] ERROR [com.uiframe.testng.TestNGListener.onTestSkipped() Line: 43] - 【login】测试用例被跳过
2018-07-26 14:58:52,438 [chrome] ERROR [com.uiframe.testng.TestNGListener.onTestSkipped() Line: 43] - 【login】测试用例被跳过
2018-07-26 14:58:52,439 [chrome] INFO  [com.uiframe.testng.TestNGListener.onTestStart() Line: 24] - 【login】测试用例开始执行
2018-07-26 14:58:52,443 [chrome] INFO  [com.uiframe.testng.TestNGListener.onTestStart() Line: 24] - 【login】测试用例开始执行
2018-07-26 14:58:52,460 [chrome] INFO  [com.uiframe.baseframe.WebElementUtils.getElement() Line: 83] - 【用户名输入框】识别成功
2018-07-26 14:58:52,485 [chrome] INFO  [com.uiframe.testng.TestngRetry.retry() Line: 20] - 测试类：'com.uiframe.testng.TestngRetry' 中的测试方法：'login' 执行失败，重试第 2 次
2018-07-26 14:58:52,486 [chrome] ERROR [com.uiframe.testng.TestNGListener.onTestSkipped() Line: 43] - 【login】测试用例被跳过
2018-07-26 14:58:52,489 [chrome] ERROR [com.uiframe.testng.TestNGListener.onTestSkipped() Line: 43] - 【login】测试用例被跳过
2018-07-26 14:58:52,489 [chrome] INFO  [com.uiframe.testng.TestNGListener.onTestStart() Line: 24] - 【login】测试用例开始执行
2018-07-26 14:58:52,491 [chrome] INFO  [com.uiframe.testng.TestNGListener.onTestStart() Line: 24] - 【login】测试用例开始执行
2018-07-26 14:58:52,506 [chrome] INFO  [com.uiframe.baseframe.WebElementUtils.getElement() Line: 83] - 【用户名输入框】识别成功
2018-07-26 14:58:52,536 [chrome] ERROR [com.uiframe.testng.TestNGListener.onTestFailure() Line: 36] - 【login】测试用例执行失败
2018-07-26 14:58:52,539 [chrome] ERROR [com.uiframe.testng.TestNGListener.onTestFailure() Line: 36] - 【login】测试用例执行失败
2018-07-26 14:58:52,571 [chrome] INFO  [com.uiframe.testng.TestNGListener.onFinish() Line: 50] - 测试执行完毕
2018-07-26 14:58:52,573 [chrome] INFO  [com.uiframe.testng.TestNGListener.onFinish() Line: 50] - 测试执行完毕
2018-07-26 14:58:53,690 [firefox] INFO  [com.uiframe.baseframe.WebElementUtils.<init>() Line: 32] - LoginPage使用元素文件xml：webElementInfos\LoginPage.xml
2018-07-26 14:58:54,196 [firefox] INFO  [com.uiframe.baseframe.BrowserUtils.openUrl() Line: 53] - 打开网址：http://hizhubang.hizhu.com
2018-07-26 14:58:54,196 [firefox] INFO  [com.uiframe.testng.TestNGListener.onTestSuccess() Line: 30] - 【asetUp】测试用例执行成功
2018-07-26 14:58:54,198 [firefox] INFO  [com.uiframe.testng.TestNGListener.onTestSuccess() Line: 30] - 【asetUp】测试用例执行成功
2018-07-26 14:58:54,199 [firefox] INFO  [com.uiframe.testng.TestNGListener.onTestStart() Line: 24] - 【login】测试用例开始执行
2018-07-26 14:58:54,201 [firefox] INFO  [com.uiframe.testng.TestNGListener.onTestStart() Line: 24] - 【login】测试用例开始执行
2018-07-26 14:58:54,220 [firefox] INFO  [com.uiframe.baseframe.WebElementUtils.getElement() Line: 83] - 【用户名输入框】识别成功
2018-07-26 14:58:54,284 [firefox] INFO  [com.uiframe.baseframe.WebElementUtils.getElement() Line: 83] - 【密码输入框】识别成功
2018-07-26 14:58:54,306 [firefox] INFO  [com.uiframe.testng.TestNGListener.onTestSuccess() Line: 30] - 【login】测试用例执行成功
2018-07-26 14:58:54,309 [firefox] INFO  [com.uiframe.testng.TestNGListener.onTestSuccess() Line: 30] - 【login】测试用例执行成功
2018-07-26 14:58:54,317 [firefox] INFO  [com.uiframe.testng.TestNGListener.onFinish() Line: 50] - 测试执行完毕
2018-07-26 14:58:54,318 [firefox] INFO  [com.uiframe.testng.TestNGListener.onFinish() Line: 50] - 测试执行完毕
