2018-04-11 17:28:09,261 [main]---元素【新增广告主】识别成功
2018-04-11 17:28:10,460 [main]---点击元素【新增广告主】
2018-04-11 17:28:10,461 [main]---AddAdverPage_adx使用元素文件xml：D:\Users\admin\workspace2\uiautotest\webelementinfos\AddAdverPage_adx.xml
2018-04-11 17:28:10,489 [main]---元素【广告主名称】识别成功
2018-04-11 17:28:10,491 [main]---【createAdver】测试用例执行成功
2018-04-11 17:28:10,518 [main]---测试执行完毕
2018-04-11 17:28:13,638 [main]---用例执行完毕，关闭浏览器
2018-04-11 17:29:59,399 [main]---启动谷歌浏览器
2018-04-11 17:29:59,762 [main]---测试初始化
2018-04-11 17:29:59,786 [main]---【Login】测试用例开始执行
2018-04-11 17:29:59,798 [main]---LoginPage_adx使用元素文件xml：D:\Users\admin\workspace2\uiautotest\webelementinfos\LoginPage_adx.xml
2018-04-11 17:30:01,479 [main]---打开网址：http://60.166.12.158:4077/login
2018-04-11 17:30:01,535 [main]---元素【用户名输入框】识别成功
2018-04-11 17:30:01,648 [main]---在元素【用户名输入框】中输入 admin
2018-04-11 17:30:01,670 [main]---元素【密码输入框】识别成功
2018-04-11 17:30:01,747 [main]---在元素【密码输入框】中输入 Xylx1.T
2018-04-11 17:30:01,772 [main]---元素【验证码图片】识别成功
2018-04-11 17:30:01,917 [main]---验证码图片截图保存成功：tessdata\vrCodeImage\codeImage.png
2018-04-11 17:30:01,917 [main]---tessdata\vrCodeImage\codeImage.png
2018-04-11 17:30:02,819 [main]---doOCR验证码识别结果:ueif i
2018-04-11 17:30:03,838 [main]---元素【验证吗输入框】识别成功
2018-04-11 17:30:03,926 [main]---在元素【验证吗输入框】中输入 ueif i
2018-04-11 17:30:03,948 [main]---元素【登录按钮】识别成功
2018-04-11 17:30:04,417 [main]---点击元素【登录按钮】
2018-04-11 17:30:04,418 [main]---MainPage_adx使用元素文件xml：D:\Users\admin\workspace2\uiautotest\webelementinfos\MainPage_adx.xml
2018-04-11 17:30:04,468 [main]---元素【欢迎登陆】识别不成功
2018-04-11 17:30:04,835 [main]---截图保存的路径为:D:\Users\admin\workspace2\uiautotest\screenshotimgs\error_2018_04_11_17_30_04.png
2018-04-11 17:30:04,842 [main]---截图成功！！！
2018-04-11 17:30:04,846 [main]---测试类：'com.uiframe.testng.TestngRetry' 中的测试方法：'Login' 执行失败，重试第 1 次
2018-04-11 17:30:04,856 [main]---【Login】测试用例被跳过
2018-04-11 17:30:04,864 [main]---【Login】测试用例开始执行
2018-04-11 17:30:04,865 [main]---LoginPage_adx使用元素文件xml：D:\Users\admin\workspace2\uiautotest\webelementinfos\LoginPage_adx.xml
2018-04-11 17:30:05,351 [main]---打开网址：http://60.166.12.158:4077/login
2018-04-11 17:30:05,374 [main]---元素【用户名输入框】识别成功
2018-04-11 17:30:05,457 [main]---在元素【用户名输入框】中输入 admin
2018-04-11 17:30:05,469 [main]---元素【密码输入框】识别成功
2018-04-11 17:30:05,592 [main]---在元素【密码输入框】中输入 Xylx1.T
2018-04-11 17:30:05,609 [main]---元素【验证码图片】识别成功
2018-04-11 17:30:05,661 [main]---验证码图片截图保存成功：tessdata\vrCodeImage\codeImage.png
2018-04-11 17:30:05,661 [main]---tessdata\vrCodeImage\codeImage.png
2018-04-11 17:30:05,857 [main]---doOCR验证码识别结果:oiaf
2018-04-11 17:30:06,870 [main]---元素【验证吗输入框】识别成功
