2018-07-26 14:35:26,805 [main]---projectUrl:http://hizhubang.hizhu.com/
2018-07-26 14:35:26,808 [main]---screenShotPath:screenshotImgs\
2018-07-26 14:35:26,808 [main]---isPrintMsgToReport:3
2018-07-26 14:35:26,809 [main]---maxRetryTimes:2
2018-07-26 14:35:26,809 [main]---testCasePath:testCaseDatas\
2018-07-26 14:35:26,810 [main]---codeImagePath:tessdata\vrCodeImage\codeImage.png
2018-07-26 14:35:26,811 [main]---driverType:1
2018-07-26 14:35:26,811 [main]---firefoxDriver:webDrivers\geckodriver.exe
2018-07-26 14:35:26,812 [main]---chromeDriver:webDrivers\chromedriver.exe
2018-07-26 14:35:26,812 [main]---elementsPath:webElementInfos\
2018-07-26 14:35:26,856 [TestNG]---测试初始化
2018-07-26 14:35:26,857 [TestNG]---测试初始化
2018-07-26 14:35:26,859 [TestNG]---测试初始化
2018-07-26 14:35:26,860 [TestNG]---测试初始化
2018-07-26 14:35:26,877 [TestNG]---【asetUp】测试用例开始执行
2018-07-26 14:35:26,880 [TestNG]---【asetUp】测试用例开始执行
2018-07-26 14:35:26,884 [TestNG]---【asetUp】测试用例开始执行
2018-07-26 14:35:26,887 [TestNG]---【asetUp】测试用例开始执行
2018-07-26 14:35:31,241 [chrome]---实例化谷歌浏览器_ok
2018-07-26 14:35:31,254 [chrome]---LoginPage使用元素文件xml：webElementInfos\LoginPage.xml
2018-07-26 14:35:32,995 [chrome]---打开网址：http://hizhubang.hizhu.com
2018-07-26 14:35:32,998 [chrome]---【asetUp】测试用例执行成功
2018-07-26 14:35:33,006 [chrome]---【asetUp】测试用例执行成功
2018-07-26 14:35:33,007 [chrome]---【login】测试用例开始执行
2018-07-26 14:35:33,015 [chrome]---【login】测试用例开始执行
2018-07-26 14:35:33,098 [firefox]---LoginPage使用元素文件xml：webElementInfos\LoginPage.xml
2018-07-26 14:35:33,209 [chrome]---【用户名输入框】识别成功
2018-07-26 14:35:33,314 [chrome]---测试类：'com.uiframe.testng.TestngRetry' 中的测试方法：'login' 执行失败，重试第 1 次
2018-07-26 14:35:33,315 [chrome]---【login】测试用例被跳过
2018-07-26 14:35:33,322 [chrome]---【login】测试用例被跳过
2018-07-26 14:35:33,323 [chrome]---【login】测试用例开始执行
2018-07-26 14:35:33,325 [chrome]---【login】测试用例开始执行
2018-07-26 14:35:33,359 [chrome]---【用户名输入框】识别成功
2018-07-26 14:35:33,444 [chrome]---测试类：'com.uiframe.testng.TestngRetry' 中的测试方法：'login' 执行失败，重试第 2 次
2018-07-26 14:35:33,444 [chrome]---【login】测试用例被跳过
2018-07-26 14:35:33,448 [chrome]---【login】测试用例被跳过
2018-07-26 14:35:33,449 [chrome]---【login】测试用例开始执行
2018-07-26 14:35:33,450 [chrome]---【login】测试用例开始执行
2018-07-26 14:35:33,473 [chrome]---【用户名输入框】识别成功
2018-07-26 14:35:33,503 [chrome]---【login】测试用例执行失败
2018-07-26 14:35:33,506 [chrome]---【login】测试用例执行失败
2018-07-26 14:35:33,546 [chrome]---测试执行完毕
2018-07-26 14:35:33,548 [chrome]---测试执行完毕
2018-07-26 14:35:33,737 [firefox]---打开网址：http://hizhubang.hizhu.com
2018-07-26 14:35:33,738 [firefox]---【asetUp】测试用例执行成功
2018-07-26 14:35:33,740 [firefox]---【asetUp】测试用例执行成功
2018-07-26 14:35:33,741 [firefox]---【login】测试用例开始执行
2018-07-26 14:35:33,744 [firefox]---【login】测试用例开始执行
2018-07-26 14:35:33,766 [firefox]---【用户名输入框】识别成功
2018-07-26 14:35:33,845 [firefox]---【密码输入框】识别成功
2018-07-26 14:35:33,896 [firefox]---【login】测试用例执行成功
2018-07-26 14:35:33,898 [firefox]---【login】测试用例执行成功
2018-07-26 14:35:33,905 [firefox]---测试执行完毕
2018-07-26 14:35:33,909 [firefox]---测试执行完毕
2018-07-26 14:42:38,548 [main]---projectUrl:http://hizhubang.hizhu.com/
2018-07-26 14:42:38,551 [main]---screenShotPath:screenshotImgs\
2018-07-26 14:42:38,552 [main]---isPrintMsgToReport:3
2018-07-26 14:42:38,553 [main]---maxRetryTimes:2
2018-07-26 14:42:38,554 [main]---testCasePath:testCaseDatas\
2018-07-26 14:42:38,554 [main]---codeImagePath:tessdata\vrCodeImage\codeImage.png
2018-07-26 14:42:38,555 [main]---driverType:1
2018-07-26 14:42:38,555 [main]---firefoxDriver:webDrivers\geckodriver.exe
2018-07-26 14:42:38,556 [main]---chromeDriver:webDrivers\chromedriver.exe
2018-07-26 14:42:38,556 [main]---elementsPath:webElementInfos\
2018-07-26 14:42:38,600 [TestNG]---测试初始化
2018-07-26 14:42:38,600 [TestNG]---测试初始化
2018-07-26 14:42:38,603 [TestNG]---测试初始化
2018-07-26 14:42:38,605 [TestNG]---测试初始化
2018-07-26 14:42:38,620 [TestNG]---【asetUp】测试用例开始执行
2018-07-26 14:42:38,622 [TestNG]---【asetUp】测试用例开始执行
2018-07-26 14:42:38,628 [TestNG]---【asetUp】测试用例开始执行
2018-07-26 14:42:38,631 [TestNG]---【asetUp】测试用例开始执行
2018-07-26 14:42:43,575 [chrome]---实例化谷歌浏览器_ok
2018-07-26 14:42:43,589 [chrome]---LoginPage使用元素文件xml：webElementInfos\LoginPage.xml
2018-07-26 14:42:45,082 [chrome]---打开网址：http://hizhubang.hizhu.com
2018-07-26 14:42:45,084 [chrome]---【asetUp】测试用例执行成功
2018-07-26 14:42:45,086 [chrome]---【asetUp】测试用例执行成功
2018-07-26 14:42:45,088 [chrome]---【login】测试用例开始执行
2018-07-26 14:42:45,090 [chrome]---【login】测试用例开始执行
2018-07-26 14:42:45,117 [firefox]---LoginPage使用元素文件xml：webElementInfos\LoginPage.xml
2018-07-26 14:42:45,156 [chrome]---【用户名输入框】识别成功
2018-07-26 14:42:45,282 [chrome]---测试类：'com.uiframe.testng.TestngRetry' 中的测试方法：'login' 执行失败，重试第 1 次
2018-07-26 14:42:45,284 [chrome]---【login】测试用例被跳过
2018-07-26 14:42:45,290 [chrome]---【login】测试用例被跳过
2018-07-26 14:42:45,291 [chrome]---【login】测试用例开始执行
2018-07-26 14:42:45,293 [chrome]---【login】测试用例开始执行
2018-07-26 14:42:45,317 [chrome]---【用户名输入框】识别成功
2018-07-26 14:42:45,350 [chrome]---测试类：'com.uiframe.testng.TestngRetry' 中的测试方法：'login' 执行失败，重试第 2 次
2018-07-26 14:42:45,351 [chrome]---【login】测试用例被跳过
2018-07-26 14:42:45,354 [chrome]---【login】测试用例被跳过
2018-07-26 14:42:45,354 [chrome]---【login】测试用例开始执行
2018-07-26 14:42:45,356 [chrome]---【login】测试用例开始执行
2018-07-26 14:42:45,370 [chrome]---【用户名输入框】识别成功
2018-07-26 14:42:45,403 [chrome]---【login】测试用例执行失败
2018-07-26 14:42:45,406 [chrome]---【login】测试用例执行失败
2018-07-26 14:42:45,444 [chrome]---测试执行完毕
2018-07-26 14:42:45,445 [chrome]---测试执行完毕
2018-07-26 14:42:45,738 [firefox]---打开网址：http://hizhubang.hizhu.com
2018-07-26 14:42:45,739 [firefox]---【asetUp】测试用例执行成功
2018-07-26 14:42:45,741 [firefox]---【asetUp】测试用例执行成功
2018-07-26 14:42:45,741 [firefox]---【login】测试用例开始执行
2018-07-26 14:42:45,743 [firefox]---【login】测试用例开始执行
2018-07-26 14:42:45,767 [firefox]---【用户名输入框】识别成功
2018-07-26 14:42:45,867 [firefox]---【密码输入框】识别成功
2018-07-26 14:42:45,969 [firefox]---【login】测试用例执行成功
2018-07-26 14:42:45,971 [firefox]---【login】测试用例执行成功
2018-07-26 14:42:45,978 [firefox]---测试执行完毕
2018-07-26 14:42:45,979 [firefox]---测试执行完毕
2018-07-26 14:48:06,530 [main]---projectUrl:http://hizhubang.hizhu.com/
2018-07-26 14:48:06,533 [main]---screenShotPath:screenshotImgs\
2018-07-26 14:48:06,534 [main]---isPrintMsgToReport:3
2018-07-26 14:48:06,534 [main]---maxRetryTimes:2
2018-07-26 14:48:06,535 [main]---testCasePath:testCaseDatas\
2018-07-26 14:48:06,535 [main]---codeImagePath:tessdata\vrCodeImage\codeImage.png
2018-07-26 14:48:06,536 [main]---driverType:1
2018-07-26 14:48:06,536 [main]---firefoxDriver:webDrivers\geckodriver.exe
2018-07-26 14:48:06,537 [main]---chromeDriver:webDrivers\chromedriver.exe
2018-07-26 14:48:06,537 [main]---elementsPath:webElementInfos\
2018-07-26 14:48:06,580 [TestNG]---测试初始化
2018-07-26 14:48:06,581 [TestNG]---测试初始化
2018-07-26 14:48:06,583 [TestNG]---测试初始化
2018-07-26 14:48:06,584 [TestNG]---测试初始化
2018-07-26 14:48:06,602 [TestNG]---【asetUp】测试用例开始执行
2018-07-26 14:48:06,602 [TestNG]---【asetUp】测试用例开始执行
2018-07-26 14:48:06,609 [TestNG]---【asetUp】测试用例开始执行
2018-07-26 14:48:06,610 [TestNG]---【asetUp】测试用例开始执行
2018-07-26 14:48:11,514 [chrome]---实例化谷歌浏览器_ok
2018-07-26 14:48:11,526 [chrome]---LoginPage使用元素文件xml：webElementInfos\LoginPage.xml
2018-07-26 14:48:12,407 [chrome]---打开网址：http://hizhubang.hizhu.com
2018-07-26 14:48:12,409 [chrome]---【asetUp】测试用例执行成功
2018-07-26 14:48:12,412 [chrome]---【asetUp】测试用例执行成功
2018-07-26 14:48:12,413 [chrome]---【login】测试用例开始执行
2018-07-26 14:48:12,415 [chrome]---【login】测试用例开始执行
2018-07-26 14:48:12,555 [chrome]---【用户名输入框】识别成功
2018-07-26 14:48:12,632 [chrome]---测试类：'com.uiframe.testng.TestngRetry' 中的测试方法：'login' 执行失败，重试第 1 次
2018-07-26 14:48:12,633 [chrome]---【login】测试用例被跳过
2018-07-26 14:48:12,640 [chrome]---【login】测试用例被跳过
2018-07-26 14:48:12,641 [chrome]---【login】测试用例开始执行
2018-07-26 14:48:12,643 [chrome]---【login】测试用例开始执行
2018-07-26 14:48:12,661 [chrome]---【用户名输入框】识别成功
2018-07-26 14:48:12,687 [chrome]---测试类：'com.uiframe.testng.TestngRetry' 中的测试方法：'login' 执行失败，重试第 2 次
2018-07-26 14:48:12,687 [chrome]---【login】测试用例被跳过
2018-07-26 14:48:12,690 [chrome]---【login】测试用例被跳过
2018-07-26 14:48:12,691 [chrome]---【login】测试用例开始执行
2018-07-26 14:48:12,693 [chrome]---【login】测试用例开始执行
2018-07-26 14:48:12,709 [chrome]---【用户名输入框】识别成功
2018-07-26 14:48:12,741 [chrome]---【login】测试用例执行失败
2018-07-26 14:48:12,745 [chrome]---【login】测试用例执行失败
2018-07-26 14:48:12,784 [chrome]---测试执行完毕
2018-07-26 14:48:12,787 [chrome]---测试执行完毕
2018-07-26 14:48:13,785 [firefox]---LoginPage使用元素文件xml：webElementInfos\LoginPage.xml
2018-07-26 14:48:14,348 [firefox]---打开网址：http://hizhubang.hizhu.com
2018-07-26 14:48:14,349 [firefox]---【asetUp】测试用例执行成功
2018-07-26 14:48:14,350 [firefox]---【asetUp】测试用例执行成功
2018-07-26 14:48:14,351 [firefox]---【login】测试用例开始执行
2018-07-26 14:48:14,353 [firefox]---【login】测试用例开始执行
2018-07-26 14:48:14,389 [firefox]---【用户名输入框】识别成功
2018-07-26 14:48:14,497 [firefox]---【密码输入框】识别成功
2018-07-26 14:48:14,577 [firefox]---【login】测试用例执行成功
2018-07-26 14:48:14,579 [firefox]---【login】测试用例执行成功
2018-07-26 14:48:14,587 [firefox]---测试执行完毕
2018-07-26 14:48:14,588 [firefox]---测试执行完毕
2018-07-26 14:58:46,487 [main]---projectUrl:http://hizhubang.hizhu.com/
2018-07-26 14:58:46,491 [main]---screenShotPath:screenshotImgs\
2018-07-26 14:58:46,491 [main]---isPrintMsgToReport:3
2018-07-26 14:58:46,492 [main]---maxRetryTimes:2
2018-07-26 14:58:46,492 [main]---testCasePath:testCaseDatas\
2018-07-26 14:58:46,493 [main]---codeImagePath:tessdata\vrCodeImage\codeImage.png
2018-07-26 14:58:46,494 [main]---driverType:1
2018-07-26 14:58:46,494 [main]---firefoxDriver:webDrivers\geckodriver.exe
2018-07-26 14:58:46,495 [main]---chromeDriver:webDrivers\chromedriver.exe
2018-07-26 14:58:46,495 [main]---elementsPath:webElementInfos\
2018-07-26 14:58:46,538 [TestNG]---测试初始化
2018-07-26 14:58:46,539 [TestNG]---测试初始化
2018-07-26 14:58:46,541 [TestNG]---测试初始化
2018-07-26 14:58:46,544 [TestNG]---测试初始化
2018-07-26 14:58:46,558 [TestNG]---【asetUp】测试用例开始执行
2018-07-26 14:58:46,565 [TestNG]---【asetUp】测试用例开始执行
2018-07-26 14:58:46,569 [TestNG]---【asetUp】测试用例开始执行
2018-07-26 14:58:46,572 [TestNG]---【asetUp】测试用例开始执行
2018-07-26 14:58:51,313 [chrome]---实例化谷歌浏览器_ok
2018-07-26 14:58:51,326 [chrome]---LoginPage使用元素文件xml：webElementInfos\LoginPage.xml
2018-07-26 14:58:52,200 [chrome]---打开网址：http://hizhubang.hizhu.com
2018-07-26 14:58:52,201 [chrome]---【asetUp】测试用例执行成功
2018-07-26 14:58:52,207 [chrome]---【asetUp】测试用例执行成功
2018-07-26 14:58:52,209 [chrome]---【login】测试用例开始执行
2018-07-26 14:58:52,216 [chrome]---【login】测试用例开始执行
2018-07-26 14:58:52,361 [chrome]---【用户名输入框】识别成功
2018-07-26 14:58:52,431 [chrome]---测试类：'com.uiframe.testng.TestngRetry' 中的测试方法：'login' 执行失败，重试第 1 次
2018-07-26 14:58:52,432 [chrome]---【login】测试用例被跳过
2018-07-26 14:58:52,438 [chrome]---【login】测试用例被跳过
2018-07-26 14:58:52,439 [chrome]---【login】测试用例开始执行
2018-07-26 14:58:52,443 [chrome]---【login】测试用例开始执行
2018-07-26 14:58:52,460 [chrome]---【用户名输入框】识别成功
2018-07-26 14:58:52,485 [chrome]---测试类：'com.uiframe.testng.TestngRetry' 中的测试方法：'login' 执行失败，重试第 2 次
2018-07-26 14:58:52,486 [chrome]---【login】测试用例被跳过
2018-07-26 14:58:52,489 [chrome]---【login】测试用例被跳过
2018-07-26 14:58:52,489 [chrome]---【login】测试用例开始执行
2018-07-26 14:58:52,491 [chrome]---【login】测试用例开始执行
2018-07-26 14:58:52,506 [chrome]---【用户名输入框】识别成功
2018-07-26 14:58:52,536 [chrome]---【login】测试用例执行失败
2018-07-26 14:58:52,539 [chrome]---【login】测试用例执行失败
2018-07-26 14:58:52,571 [chrome]---测试执行完毕
2018-07-26 14:58:52,573 [chrome]---测试执行完毕
2018-07-26 14:58:53,690 [firefox]---LoginPage使用元素文件xml：webElementInfos\LoginPage.xml
2018-07-26 14:58:54,196 [firefox]---打开网址：http://hizhubang.hizhu.com
2018-07-26 14:58:54,196 [firefox]---【asetUp】测试用例执行成功
2018-07-26 14:58:54,198 [firefox]---【asetUp】测试用例执行成功
2018-07-26 14:58:54,199 [firefox]---【login】测试用例开始执行
2018-07-26 14:58:54,201 [firefox]---【login】测试用例开始执行
2018-07-26 14:58:54,220 [firefox]---【用户名输入框】识别成功
2018-07-26 14:58:54,284 [firefox]---【密码输入框】识别成功
2018-07-26 14:58:54,306 [firefox]---【login】测试用例执行成功
2018-07-26 14:58:54,309 [firefox]---【login】测试用例执行成功
2018-07-26 14:58:54,317 [firefox]---测试执行完毕
2018-07-26 14:58:54,318 [firefox]---测试执行完毕
