2018-04-27 14:33:12,266 [main]---No input source set!
java.lang.IllegalStateException: No input source set!
	at com.sun.imageio.plugins.png.PNGImageReader.getNumImages(Unknown Source) ~[?:1.8.0_101]
	at net.sourceforge.tess4j.util.ImageIOHelper.getIIOImageList(ImageIOHelper.java:415) ~[tess4j-3.4.0.jar:3.4.0]
	at net.sourceforge.tess4j.Tesseract.doOCR(Tesseract.java:212) [tess4j-3.4.0.jar:3.4.0]
	at net.sourceforge.tess4j.Tesseract.doOCR(Tesseract.java:196) [tess4j-3.4.0.jar:3.4.0]
	at com.uiframe.samples.ElementShot.main(ElementShot.java:16) [classes/:?]
2018-04-27 14:33:34,299 [main]---No input source set!
java.lang.IllegalStateException: No input source set!
	at com.sun.imageio.plugins.png.PNGImageReader.getNumImages(Unknown Source) ~[?:1.8.0_101]
	at net.sourceforge.tess4j.util.ImageIOHelper.getIIOImageList(ImageIOHelper.java:415) ~[tess4j-3.4.0.jar:3.4.0]
	at net.sourceforge.tess4j.Tesseract.doOCR(Tesseract.java:212) [tess4j-3.4.0.jar:3.4.0]
	at net.sourceforge.tess4j.Tesseract.doOCR(Tesseract.java:196) [tess4j-3.4.0.jar:3.4.0]
	at com.uiframe.samples.ElementShot.main(ElementShot.java:16) [classes/:?]
2018-04-27 14:33:58,884 [main]---No input source set!
java.lang.IllegalStateException: No input source set!
	at com.sun.imageio.plugins.png.PNGImageReader.getNumImages(Unknown Source) ~[?:1.8.0_101]
	at net.sourceforge.tess4j.util.ImageIOHelper.getIIOImageList(ImageIOHelper.java:415) ~[tess4j-3.4.0.jar:3.4.0]
	at net.sourceforge.tess4j.Tesseract.doOCR(Tesseract.java:212) [tess4j-3.4.0.jar:3.4.0]
	at net.sourceforge.tess4j.Tesseract.doOCR(Tesseract.java:196) [tess4j-3.4.0.jar:3.4.0]
	at com.uiframe.samples.ElementShot.main(ElementShot.java:16) [classes/:?]
2018-04-27 14:34:46,995 [main]---No input source set!
java.lang.IllegalStateException: No input source set!
	at com.sun.imageio.plugins.png.PNGImageReader.getNumImages(Unknown Source) ~[?:1.8.0_101]
	at net.sourceforge.tess4j.util.ImageIOHelper.getIIOImageList(ImageIOHelper.java:415) ~[tess4j-3.4.0.jar:3.4.0]
	at net.sourceforge.tess4j.Tesseract.doOCR(Tesseract.java:212) [tess4j-3.4.0.jar:3.4.0]
	at net.sourceforge.tess4j.Tesseract.doOCR(Tesseract.java:196) [tess4j-3.4.0.jar:3.4.0]
	at com.uiframe.samples.ElementShot.main(ElementShot.java:16) [classes/:?]
2018-04-27 14:41:44,838 [main]---实例化谷歌浏览器_ok
2018-04-27 14:41:45,605 [main]---LoginPage使用元素文件xml：webElementInfos\LoginPage.xml
2018-04-27 14:41:45,805 [main]---LoginPage使用元素文件xml：webElementInfos\LoginPage.xml
2018-04-27 14:41:47,484 [main]---打开网址：http://60.166.12.158:4077/login
2018-04-27 14:41:47,637 [main]---【用户名输入框】识别成功
2018-04-27 14:41:47,771 [main]---在【用户名输入框】中输入 admin
2018-04-27 14:41:47,792 [main]---【密码输入框】识别成功
2018-04-27 14:41:47,893 [main]---在【密码输入框】中输入 Xylx1.T
2018-04-27 14:41:47,912 [main]---【验证码图片】识别成功
2018-04-27 14:41:49,508 [main]---doOCR验证码识别结果:
2018-04-27 14:41:50,509 [main]---等待 1 秒
2018-04-27 14:41:51,528 [main]---【验证吗输入框】识别成功
2018-04-27 14:41:51,598 [main]---在【验证吗输入框】中输入 
2018-04-27 14:41:51,618 [main]---【登录按钮】识别成功
2018-04-27 14:41:51,694 [main]---点击【登录按钮】
2018-04-27 14:41:51,709 [main]---MainPage使用元素文件xml：webElementInfos\MainPage.xml
2018-04-27 14:41:51,720 [main]---debug-message:登录
2018-04-27 14:41:51,741 [main]---【错误提示文字】识别成功
2018-04-27 14:41:51,792 [main]---LoginPage使用元素文件xml：webElementInfos\LoginPage.xml
2018-04-27 14:41:52,321 [main]---打开网址：http://60.166.12.158:4077/login
2018-04-27 14:41:52,336 [main]---【用户名输入框】识别成功
2018-04-27 14:41:52,447 [main]---在【用户名输入框】中输入 admin2
2018-04-27 14:41:52,458 [main]---【密码输入框】识别成功
2018-04-27 14:41:52,549 [main]---在【密码输入框】中输入 123456
2018-04-27 14:41:52,560 [main]---【验证码图片】识别成功
2018-04-27 14:41:52,763 [main]---doOCR验证码识别结果:
2018-04-27 14:41:53,763 [main]---等待 1 秒
2018-04-27 14:41:54,775 [main]---【验证吗输入框】识别成功
2018-04-27 14:41:54,844 [main]---在【验证吗输入框】中输入 
2018-04-27 14:41:54,855 [main]---【登录按钮】识别成功
2018-04-27 14:41:54,921 [main]---点击【登录按钮】
2018-04-27 14:41:54,921 [main]---MainPage使用元素文件xml：webElementInfos\MainPage.xml
2018-04-27 14:41:54,924 [main]---debug-message:登录
2018-04-27 14:41:54,939 [main]---【错误提示文字】识别成功
2018-04-27 14:41:54,968 [main]---LoginPage使用元素文件xml：webElementInfos\LoginPage.xml
2018-04-27 14:41:55,503 [main]---打开网址：http://60.166.12.158:4077/login
2018-04-27 14:41:55,522 [main]---【用户名输入框】识别成功
2018-04-27 14:41:55,617 [main]---在【用户名输入框】中输入 admin3
2018-04-27 14:41:55,629 [main]---【密码输入框】识别成功
2018-04-27 14:41:55,722 [main]---在【密码输入框】中输入 123456
2018-04-27 14:41:55,733 [main]---【验证码图片】识别成功
2018-04-27 14:41:55,939 [main]---doOCR验证码识别结果:
2018-04-27 14:41:56,940 [main]---等待 1 秒
2018-04-27 14:41:57,950 [main]---【验证吗输入框】识别成功
2018-04-27 14:41:58,024 [main]---在【验证吗输入框】中输入 
2018-04-27 14:41:58,036 [main]---【登录按钮】识别成功
2018-04-27 14:41:58,099 [main]---点击【登录按钮】
2018-04-27 14:41:58,100 [main]---MainPage使用元素文件xml：webElementInfos\MainPage.xml
2018-04-27 14:41:58,102 [main]---debug-message:登录
2018-04-27 14:41:58,116 [main]---【错误提示文字】识别成功
2018-04-27 14:41:58,139 [main]---LoginPage使用元素文件xml：webElementInfos\LoginPage.xml
2018-04-27 14:41:58,516 [main]---打开网址：http://60.166.12.158:4077/login
2018-04-27 14:41:58,531 [main]---【用户名输入框】识别成功
2018-04-27 14:41:58,621 [main]---在【用户名输入框】中输入 admin4
2018-04-27 14:41:58,635 [main]---【密码输入框】识别成功
2018-04-27 14:41:58,728 [main]---在【密码输入框】中输入 123456
2018-04-27 14:41:58,738 [main]---【验证码图片】识别成功
2018-04-27 14:41:58,940 [main]---doOCR验证码识别结果:
2018-04-27 14:41:59,942 [main]---等待 1 秒
2018-04-27 14:42:00,953 [main]---【验证吗输入框】识别成功
2018-04-27 14:42:01,028 [main]---在【验证吗输入框】中输入 
2018-04-27 14:42:01,040 [main]---【登录按钮】识别成功
2018-04-27 14:42:01,110 [main]---点击【登录按钮】
2018-04-27 14:42:01,111 [main]---MainPage使用元素文件xml：webElementInfos\MainPage.xml
2018-04-27 14:42:01,113 [main]---debug-message:登录
2018-04-27 14:42:01,127 [main]---【错误提示文字】识别成功
2018-04-27 14:42:01,150 [main]---LoginPage使用元素文件xml：webElementInfos\LoginPage.xml
2018-04-27 14:42:01,636 [main]---打开网址：http://60.166.12.158:4077/login
2018-04-27 14:42:01,664 [main]---【用户名输入框】识别成功
2018-04-27 14:42:01,755 [main]---在【用户名输入框】中输入 admin
2018-04-27 14:42:01,775 [main]---【密码输入框】识别成功
2018-04-27 14:42:01,863 [main]---在【密码输入框】中输入 123456
2018-04-27 14:42:01,882 [main]---【验证码图片】识别成功
2018-04-27 14:42:02,081 [main]---doOCR验证码识别结果:
2018-04-27 14:42:03,083 [main]---等待 1 秒
2018-04-27 14:42:04,094 [main]---【验证吗输入框】识别成功
2018-04-27 14:42:04,161 [main]---在【验证吗输入框】中输入 
2018-04-27 14:42:04,173 [main]---【登录按钮】识别成功
2018-04-27 14:42:04,239 [main]---点击【登录按钮】
2018-04-27 14:42:04,239 [main]---MainPage使用元素文件xml：webElementInfos\MainPage.xml
2018-04-27 14:42:04,241 [main]---debug-message:登录
2018-04-27 14:42:04,253 [main]---【错误提示文字】识别成功
2018-04-27 14:42:07,446 [main]---用例执行完毕，关闭浏览器
2018-04-27 14:47:03,094 [main]---实例化谷歌浏览器_ok
2018-04-27 14:47:03,340 [main]---LoginPage使用元素文件xml：webElementInfos\LoginPage.xml
2018-04-27 14:47:03,403 [main]---LoginPage使用元素文件xml：webElementInfos\LoginPage.xml
2018-04-27 14:47:04,561 [main]---打开网址：http://60.166.12.158:4077/login
2018-04-27 14:47:04,598 [main]---【用户名输入框】识别成功
2018-04-27 14:47:04,721 [main]---在【用户名输入框】中输入 admin
2018-04-27 14:47:04,741 [main]---【密码输入框】识别成功
2018-04-27 14:47:04,826 [main]---在【密码输入框】中输入 Xylx1.T
2018-04-27 14:47:04,846 [main]---【验证码图片】识别成功
2018-04-27 14:47:05,005 [main]---验证码图片截图保存成功：tessdata\vrCodeImage\codeImage.png
2018-04-27 14:47:06,005 [main]---等待 1 秒
2018-04-27 14:47:06,015 [main]---null
java.lang.NullPointerException
	at net.sourceforge.tess4j.util.ImageIOHelper.getIIOImageList(ImageIOHelper.java:391) ~[tess4j-3.4.0.jar:3.4.0]
	at net.sourceforge.tess4j.Tesseract.doOCR(Tesseract.java:212) [tess4j-3.4.0.jar:3.4.0]
	at net.sourceforge.tess4j.Tesseract.doOCR(Tesseract.java:196) [tess4j-3.4.0.jar:3.4.0]
	at com.uiframe.utils.WebShot.doOCR(WebShot.java:65) [classes/:?]
	at com.uiframe.baseframe.WebElementUtils.docR(WebElementUtils.java:129) [classes/:?]
	at com.uiframe.pages.LoginPage.inputVerificationCode(LoginPage.java:41) [classes/:?]
	at com.uiframe.actions.LoginAction.login(LoginAction.java:31) [classes/:?]
	at com.uiframe.testcases.PLogin.Login(PLogin.java:63) [test-classes/:?]
	at sun.reflect.NativeMethodAccessorImpl.invoke0(Native Method) ~[?:1.8.0_101]
	at sun.reflect.NativeMethodAccessorImpl.invoke(Unknown Source) ~[?:1.8.0_101]
	at sun.reflect.DelegatingMethodAccessorImpl.invoke(Unknown Source) ~[?:1.8.0_101]
	at java.lang.reflect.Method.invoke(Unknown Source) ~[?:1.8.0_101]
	at org.testng.internal.MethodInvocationHelper.invokeMethod(MethodInvocationHelper.java:86) [testng-6.9.10.jar:?]
	at org.testng.internal.Invoker.invokeMethod(Invoker.java:643) [testng-6.9.10.jar:?]
	at org.testng.internal.Invoker.invokeTestMethod(Invoker.java:820) [testng-6.9.10.jar:?]
	at org.testng.internal.Invoker.invokeTestMethods(Invoker.java:1128) [testng-6.9.10.jar:?]
	at org.testng.internal.TestMethodWorker.invokeTestMethods(TestMethodWorker.java:129) [testng-6.9.10.jar:?]
	at org.testng.internal.TestMethodWorker.run(TestMethodWorker.java:112) [testng-6.9.10.jar:?]
	at org.testng.TestRunner.privateRun(TestRunner.java:782) [testng-6.9.10.jar:?]
	at org.testng.TestRunner.run(TestRunner.java:632) [testng-6.9.10.jar:?]
	at org.testng.SuiteRunner.runTest(SuiteRunner.java:366) [testng-6.9.10.jar:?]
	at org.testng.SuiteRunner.runSequentially(SuiteRunner.java:361) [testng-6.9.10.jar:?]
	at org.testng.SuiteRunner.privateRun(SuiteRunner.java:319) [testng-6.9.10.jar:?]
	at org.testng.SuiteRunner.run(SuiteRunner.java:268) [testng-6.9.10.jar:?]
	at org.testng.SuiteRunnerWorker.runSuite(SuiteRunnerWorker.java:52) [testng-6.9.10.jar:?]
	at org.testng.SuiteRunnerWorker.run(SuiteRunnerWorker.java:86) [testng-6.9.10.jar:?]
	at org.testng.TestNG.runSuitesSequentially(TestNG.java:1244) [testng-6.9.10.jar:?]
	at org.testng.TestNG.runSuitesLocally(TestNG.java:1169) [testng-6.9.10.jar:?]
	at org.testng.TestNG.run(TestNG.java:1064) [testng-6.9.10.jar:?]
	at org.testng.remote.AbstractRemoteTestNG.run(AbstractRemoteTestNG.java:132) [testng-remote.jar:?]
	at org.testng.remote.RemoteTestNG.initAndRun(RemoteTestNG.java:230) [testng-remote.jar:?]
	at org.testng.remote.RemoteTestNG.main(RemoteTestNG.java:76) [testng-remote.jar:?]
2018-04-27 14:47:07,038 [main]---【验证吗输入框】识别成功
2018-04-27 14:47:07,151 [main]---不能完成【验证吗输入框】中输入，原因是：org.openqa.selenium.WebDriverException: unknown error: keys should be a string
  (Session info: chrome=64.0.3282.186)
  (Driver info: chromedriver=2.31.488763 (092de99f48a300323ecf8c2a4e2e7cab51de5ba8),platform=Windows NT 10.0.16299 x86_64) (WARNING: The server did not provide any stacktrace information)
Command duration or timeout: 0 milliseconds
Build info: version: '3.11.0', revision: 'e59cfb3', time: '2018-03-11T20:26:55.152Z'
System info: host: 'DESKTOP-9QN5V92', ip: '192.168.135.3', os.name: 'Windows 10', os.arch: 'amd64', os.version: '10.0', java.version: '1.8.0_101'
Driver info: org.openqa.selenium.chrome.ChromeDriver
Capabilities {acceptSslCerts: true, applicationCacheEnabled: false, browserConnectionEnabled: false, browserName: chrome, chrome: {chromedriverVersion: 2.31.488763 (092de99f48a300..., userDataDir: C:\Users\admin\AppData\Loca...}, cssSelectorsEnabled: true, databaseEnabled: false, handlesAlerts: true, hasTouchScreen: false, javascriptEnabled: true, locationContextEnabled: true, mobileEmulationEnabled: false, nativeEvents: true, networkConnectionEnabled: false, pageLoadStrategy: normal, platform: XP, platformName: XP, rotatable: false, setWindowRect: true, takesHeapSnapshot: true, takesScreenshot: true, unexpectedAlertBehaviour: , unhandledPromptBehavior: , version: 64.0.3282.186, webStorageEnabled: true}
Session ID: 05d4f0912a182eec63f82c716611adf6
2018-04-27 14:47:07,172 [main]---【登录按钮】识别成功
2018-04-27 14:47:07,242 [main]---点击【登录按钮】
2018-04-27 14:47:07,244 [main]---MainPage使用元素文件xml：webElementInfos\MainPage.xml
2018-04-27 14:47:07,248 [main]---debug-message:登录
2018-04-27 14:47:07,274 [main]---【错误提示文字】识别成功
2018-04-27 14:47:07,306 [main]---LoginPage使用元素文件xml：webElementInfos\LoginPage.xml
2018-04-27 14:47:07,687 [main]---打开网址：http://60.166.12.158:4077/login
2018-04-27 14:47:07,708 [main]---【用户名输入框】识别成功
2018-04-27 14:47:07,803 [main]---在【用户名输入框】中输入 admin2
2018-04-27 14:47:07,816 [main]---【密码输入框】识别成功
2018-04-27 14:47:07,909 [main]---在【密码输入框】中输入 123456
2018-04-27 14:47:07,919 [main]---【验证码图片】识别成功
2018-04-27 14:47:07,956 [main]---验证码图片截图保存成功：tessdata\vrCodeImage\codeImage.png
2018-04-27 14:47:08,958 [main]---等待 1 秒
2018-04-27 14:47:08,958 [main]---null
java.lang.NullPointerException
	at net.sourceforge.tess4j.util.ImageIOHelper.getIIOImageList(ImageIOHelper.java:391) ~[tess4j-3.4.0.jar:3.4.0]
	at net.sourceforge.tess4j.Tesseract.doOCR(Tesseract.java:212) [tess4j-3.4.0.jar:3.4.0]
	at net.sourceforge.tess4j.Tesseract.doOCR(Tesseract.java:196) [tess4j-3.4.0.jar:3.4.0]
	at com.uiframe.utils.WebShot.doOCR(WebShot.java:65) [classes/:?]
	at com.uiframe.baseframe.WebElementUtils.docR(WebElementUtils.java:129) [classes/:?]
	at com.uiframe.pages.LoginPage.inputVerificationCode(LoginPage.java:41) [classes/:?]
	at com.uiframe.actions.LoginAction.login(LoginAction.java:31) [classes/:?]
	at com.uiframe.testcases.PLogin.Login(PLogin.java:63) [test-classes/:?]
	at sun.reflect.NativeMethodAccessorImpl.invoke0(Native Method) ~[?:1.8.0_101]
	at sun.reflect.NativeMethodAccessorImpl.invoke(Unknown Source) ~[?:1.8.0_101]
	at sun.reflect.DelegatingMethodAccessorImpl.invoke(Unknown Source) ~[?:1.8.0_101]
	at java.lang.reflect.Method.invoke(Unknown Source) ~[?:1.8.0_101]
	at org.testng.internal.MethodInvocationHelper.invokeMethod(MethodInvocationHelper.java:86) [testng-6.9.10.jar:?]
	at org.testng.internal.Invoker.invokeMethod(Invoker.java:643) [testng-6.9.10.jar:?]
	at org.testng.internal.Invoker.invokeTestMethod(Invoker.java:820) [testng-6.9.10.jar:?]
	at org.testng.internal.Invoker.invokeTestMethods(Invoker.java:1128) [testng-6.9.10.jar:?]
	at org.testng.internal.TestMethodWorker.invokeTestMethods(TestMethodWorker.java:129) [testng-6.9.10.jar:?]
	at org.testng.internal.TestMethodWorker.run(TestMethodWorker.java:112) [testng-6.9.10.jar:?]
	at org.testng.TestRunner.privateRun(TestRunner.java:782) [testng-6.9.10.jar:?]
	at org.testng.TestRunner.run(TestRunner.java:632) [testng-6.9.10.jar:?]
	at org.testng.SuiteRunner.runTest(SuiteRunner.java:366) [testng-6.9.10.jar:?]
	at org.testng.SuiteRunner.runSequentially(SuiteRunner.java:361) [testng-6.9.10.jar:?]
	at org.testng.SuiteRunner.privateRun(SuiteRunner.java:319) [testng-6.9.10.jar:?]
	at org.testng.SuiteRunner.run(SuiteRunner.java:268) [testng-6.9.10.jar:?]
	at org.testng.SuiteRunnerWorker.runSuite(SuiteRunnerWorker.java:52) [testng-6.9.10.jar:?]
	at org.testng.SuiteRunnerWorker.run(SuiteRunnerWorker.java:86) [testng-6.9.10.jar:?]
	at org.testng.TestNG.runSuitesSequentially(TestNG.java:1244) [testng-6.9.10.jar:?]
	at org.testng.TestNG.runSuitesLocally(TestNG.java:1169) [testng-6.9.10.jar:?]
	at org.testng.TestNG.run(TestNG.java:1064) [testng-6.9.10.jar:?]
	at org.testng.remote.AbstractRemoteTestNG.run(AbstractRemoteTestNG.java:132) [testng-remote.jar:?]
	at org.testng.remote.RemoteTestNG.initAndRun(RemoteTestNG.java:230) [testng-remote.jar:?]
	at org.testng.remote.RemoteTestNG.main(RemoteTestNG.java:76) [testng-remote.jar:?]
2018-04-27 14:47:09,972 [main]---【验证吗输入框】识别成功
2018-04-27 14:47:10,040 [main]---不能完成【验证吗输入框】中输入，原因是：org.openqa.selenium.WebDriverException: unknown error: keys should be a string
  (Session info: chrome=64.0.3282.186)
  (Driver info: chromedriver=2.31.488763 (092de99f48a300323ecf8c2a4e2e7cab51de5ba8),platform=Windows NT 10.0.16299 x86_64) (WARNING: The server did not provide any stacktrace information)
Command duration or timeout: 0 milliseconds
Build info: version: '3.11.0', revision: 'e59cfb3', time: '2018-03-11T20:26:55.152Z'
System info: host: 'DESKTOP-9QN5V92', ip: '192.168.135.3', os.name: 'Windows 10', os.arch: 'amd64', os.version: '10.0', java.version: '1.8.0_101'
Driver info: org.openqa.selenium.chrome.ChromeDriver
Capabilities {acceptSslCerts: true, applicationCacheEnabled: false, browserConnectionEnabled: false, browserName: chrome, chrome: {chromedriverVersion: 2.31.488763 (092de99f48a300..., userDataDir: C:\Users\admin\AppData\Loca...}, cssSelectorsEnabled: true, databaseEnabled: false, handlesAlerts: true, hasTouchScreen: false, javascriptEnabled: true, locationContextEnabled: true, mobileEmulationEnabled: false, nativeEvents: true, networkConnectionEnabled: false, pageLoadStrategy: normal, platform: XP, platformName: XP, rotatable: false, setWindowRect: true, takesHeapSnapshot: true, takesScreenshot: true, unexpectedAlertBehaviour: , unhandledPromptBehavior: , version: 64.0.3282.186, webStorageEnabled: true}
Session ID: 05d4f0912a182eec63f82c716611adf6
2018-04-27 14:47:10,052 [main]---【登录按钮】识别成功
2018-04-27 14:47:10,126 [main]---点击【登录按钮】
2018-04-27 14:47:10,127 [main]---MainPage使用元素文件xml：webElementInfos\MainPage.xml
2018-04-27 14:47:10,130 [main]---debug-message:登录
2018-04-27 14:47:10,143 [main]---【错误提示文字】识别成功
2018-04-27 14:47:10,170 [main]---LoginPage使用元素文件xml：webElementInfos\LoginPage.xml
2018-04-27 14:47:10,541 [main]---打开网址：http://60.166.12.158:4077/login
2018-04-27 14:47:10,564 [main]---【用户名输入框】识别成功
2018-04-27 14:47:10,672 [main]---在【用户名输入框】中输入 admin3
2018-04-27 14:47:10,682 [main]---【密码输入框】识别成功
2018-04-27 14:47:10,779 [main]---在【密码输入框】中输入 123456
2018-04-27 14:47:10,790 [main]---【验证码图片】识别成功
2018-04-27 14:47:10,838 [main]---验证码图片截图保存成功：tessdata\vrCodeImage\codeImage.png
2018-04-27 14:47:11,839 [main]---等待 1 秒
2018-04-27 14:47:11,839 [main]---null
java.lang.NullPointerException
	at net.sourceforge.tess4j.util.ImageIOHelper.getIIOImageList(ImageIOHelper.java:391) ~[tess4j-3.4.0.jar:3.4.0]
	at net.sourceforge.tess4j.Tesseract.doOCR(Tesseract.java:212) [tess4j-3.4.0.jar:3.4.0]
	at net.sourceforge.tess4j.Tesseract.doOCR(Tesseract.java:196) [tess4j-3.4.0.jar:3.4.0]
	at com.uiframe.utils.WebShot.doOCR(WebShot.java:65) [classes/:?]
	at com.uiframe.baseframe.WebElementUtils.docR(WebElementUtils.java:129) [classes/:?]
	at com.uiframe.pages.LoginPage.inputVerificationCode(LoginPage.java:41) [classes/:?]
	at com.uiframe.actions.LoginAction.login(LoginAction.java:31) [classes/:?]
	at com.uiframe.testcases.PLogin.Login(PLogin.java:63) [test-classes/:?]
	at sun.reflect.NativeMethodAccessorImpl.invoke0(Native Method) ~[?:1.8.0_101]
	at sun.reflect.NativeMethodAccessorImpl.invoke(Unknown Source) ~[?:1.8.0_101]
	at sun.reflect.DelegatingMethodAccessorImpl.invoke(Unknown Source) ~[?:1.8.0_101]
	at java.lang.reflect.Method.invoke(Unknown Source) ~[?:1.8.0_101]
	at org.testng.internal.MethodInvocationHelper.invokeMethod(MethodInvocationHelper.java:86) [testng-6.9.10.jar:?]
	at org.testng.internal.Invoker.invokeMethod(Invoker.java:643) [testng-6.9.10.jar:?]
	at org.testng.internal.Invoker.invokeTestMethod(Invoker.java:820) [testng-6.9.10.jar:?]
	at org.testng.internal.Invoker.invokeTestMethods(Invoker.java:1128) [testng-6.9.10.jar:?]
	at org.testng.internal.TestMethodWorker.invokeTestMethods(TestMethodWorker.java:129) [testng-6.9.10.jar:?]
	at org.testng.internal.TestMethodWorker.run(TestMethodWorker.java:112) [testng-6.9.10.jar:?]
	at org.testng.TestRunner.privateRun(TestRunner.java:782) [testng-6.9.10.jar:?]
	at org.testng.TestRunner.run(TestRunner.java:632) [testng-6.9.10.jar:?]
	at org.testng.SuiteRunner.runTest(SuiteRunner.java:366) [testng-6.9.10.jar:?]
	at org.testng.SuiteRunner.runSequentially(SuiteRunner.java:361) [testng-6.9.10.jar:?]
	at org.testng.SuiteRunner.privateRun(SuiteRunner.java:319) [testng-6.9.10.jar:?]
	at org.testng.SuiteRunner.run(SuiteRunner.java:268) [testng-6.9.10.jar:?]
	at org.testng.SuiteRunnerWorker.runSuite(SuiteRunnerWorker.java:52) [testng-6.9.10.jar:?]
	at org.testng.SuiteRunnerWorker.run(SuiteRunnerWorker.java:86) [testng-6.9.10.jar:?]
	at org.testng.TestNG.runSuitesSequentially(TestNG.java:1244) [testng-6.9.10.jar:?]
	at org.testng.TestNG.runSuitesLocally(TestNG.java:1169) [testng-6.9.10.jar:?]
	at org.testng.TestNG.run(TestNG.java:1064) [testng-6.9.10.jar:?]
	at org.testng.remote.AbstractRemoteTestNG.run(AbstractRemoteTestNG.java:132) [testng-remote.jar:?]
	at org.testng.remote.RemoteTestNG.initAndRun(RemoteTestNG.java:230) [testng-remote.jar:?]
	at org.testng.remote.RemoteTestNG.main(RemoteTestNG.java:76) [testng-remote.jar:?]
2018-04-27 14:52:43,056 [main]---实例化谷歌浏览器_ok
2018-04-27 14:52:43,306 [main]---LoginPage使用元素文件xml：webElementInfos\LoginPage.xml
2018-04-27 14:52:43,366 [main]---LoginPage使用元素文件xml：webElementInfos\LoginPage.xml
2018-04-27 14:52:45,187 [main]---打开网址：http://60.166.12.158:4077/login
2018-04-27 14:52:45,230 [main]---【用户名输入框】识别成功
2018-04-27 14:52:45,336 [main]---在【用户名输入框】中输入 admin
2018-04-27 14:52:45,359 [main]---【密码输入框】识别成功
2018-04-27 14:52:45,462 [main]---在【密码输入框】中输入 Xylx1.T
2018-04-27 14:52:45,482 [main]---【验证码图片】识别成功
2018-04-27 14:52:45,618 [main]---验证码图片截图保存成功：tessdata\vrCodeImage\codeImage.png
2018-04-27 14:52:46,620 [main]---等待 1 秒
2018-04-27 14:52:48,337 [main]---doOCR验证码识别结果:
2018-04-27 14:52:49,356 [main]---【验证吗输入框】识别成功
2018-04-27 14:52:49,423 [main]---在【验证吗输入框】中输入 
2018-04-27 14:52:49,442 [main]---【登录按钮】识别成功
2018-04-27 14:52:49,517 [main]---点击【登录按钮】
2018-04-27 14:52:49,518 [main]---MainPage使用元素文件xml：webElementInfos\MainPage.xml
2018-04-27 14:52:49,521 [main]---debug-message:登录
2018-04-27 14:52:49,543 [main]---【错误提示文字】识别成功
2018-04-27 14:52:49,572 [main]---LoginPage使用元素文件xml：webElementInfos\LoginPage.xml
2018-04-27 14:52:50,105 [main]---打开网址：http://60.166.12.158:4077/login
2018-04-27 14:52:50,122 [main]---【用户名输入框】识别成功
2018-04-27 14:52:50,213 [main]---在【用户名输入框】中输入 admin2
2018-04-27 14:52:50,228 [main]---【密码输入框】识别成功
2018-04-27 14:52:50,319 [main]---在【密码输入框】中输入 123456
2018-04-27 14:52:50,330 [main]---【验证码图片】识别成功
2018-04-27 14:52:50,370 [main]---验证码图片截图保存成功：tessdata\vrCodeImage\codeImage.png
2018-04-27 14:52:51,373 [main]---等待 1 秒
2018-04-27 14:52:51,535 [main]---doOCR验证码识别结果:
2018-04-27 14:52:52,545 [main]---【验证吗输入框】识别成功
2018-04-27 14:52:52,611 [main]---在【验证吗输入框】中输入 
2018-04-27 14:52:52,622 [main]---【登录按钮】识别成功
2018-04-27 14:52:52,695 [main]---点击【登录按钮】
2018-04-27 14:52:52,695 [main]---MainPage使用元素文件xml：webElementInfos\MainPage.xml
2018-04-27 14:52:52,698 [main]---debug-message:登录
2018-04-27 14:52:52,713 [main]---【错误提示文字】识别成功
2018-04-27 14:52:52,744 [main]---LoginPage使用元素文件xml：webElementInfos\LoginPage.xml
2018-04-27 14:52:53,227 [main]---打开网址：http://60.166.12.158:4077/login
2018-04-27 14:52:53,244 [main]---【用户名输入框】识别成功
2018-04-27 14:52:53,350 [main]---在【用户名输入框】中输入 admin3
2018-04-27 14:52:53,361 [main]---【密码输入框】识别成功
2018-04-27 14:52:53,454 [main]---在【密码输入框】中输入 123456
2018-04-27 14:52:53,465 [main]---【验证码图片】识别成功
2018-04-27 14:52:53,520 [main]---验证码图片截图保存成功：tessdata\vrCodeImage\codeImage.png
2018-04-27 14:52:54,521 [main]---等待 1 秒
2018-04-27 14:52:54,705 [main]---doOCR验证码识别结果:
2018-04-27 15:00:09,990 [main]---实例化谷歌浏览器_ok
2018-04-27 15:00:10,233 [main]---LoginPage使用元素文件xml：webElementInfos\LoginPage.xml
2018-04-27 15:00:10,296 [main]---LoginPage使用元素文件xml：webElementInfos\LoginPage.xml
2018-04-27 15:00:11,474 [main]---打开网址：http://60.166.12.158:4077/login
2018-04-27 15:00:11,508 [main]---【用户名输入框】识别成功
2018-04-27 15:00:11,619 [main]---在【用户名输入框】中输入 admin
2018-04-27 15:00:11,637 [main]---【密码输入框】识别成功
2018-04-27 15:00:11,728 [main]---在【密码输入框】中输入 Xylx1.T
2018-04-27 15:00:11,747 [main]---【验证码图片】识别成功
2018-04-27 15:00:11,884 [main]---验证码图片截图保存成功：tessdata\vrCodeImage\codeImage.png
2018-04-27 15:00:12,886 [main]---等待 1 秒
2018-04-27 15:00:13,672 [main]---doOCR验证码识别结果:
2018-04-27 15:00:14,689 [main]---【验证吗输入框】识别成功
2018-04-27 15:00:14,757 [main]---在【验证吗输入框】中输入 
2018-04-27 15:00:14,776 [main]---【登录按钮】识别成功
2018-04-27 15:00:14,849 [main]---点击【登录按钮】
2018-04-27 15:00:14,851 [main]---MainPage使用元素文件xml：webElementInfos\MainPage.xml
2018-04-27 15:00:14,853 [main]---debug-message:登录
2018-04-27 15:00:14,880 [main]---【错误提示文字】识别成功
2018-04-27 15:00:14,917 [main]---LoginPage使用元素文件xml：webElementInfos\LoginPage.xml
2018-04-27 15:00:15,311 [main]---打开网址：http://60.166.12.158:4077/login
2018-04-27 15:00:15,329 [main]---【用户名输入框】识别成功
2018-04-27 15:00:15,425 [main]---在【用户名输入框】中输入 admin2
2018-04-27 15:00:15,438 [main]---【密码输入框】识别成功
2018-04-27 15:00:15,527 [main]---在【密码输入框】中输入 123456
2018-04-27 15:00:15,539 [main]---【验证码图片】识别成功
2018-04-27 15:00:15,585 [main]---验证码图片截图保存成功：tessdata\vrCodeImage\codeImage.png
2018-04-27 15:00:16,585 [main]---等待 1 秒
2018-04-27 15:00:16,825 [main]---doOCR验证码识别结果:
2018-04-27 15:00:39,719 [main]---实例化谷歌浏览器_ok
2018-04-27 15:00:39,963 [main]---LoginPage使用元素文件xml：webElementInfos\LoginPage.xml
2018-04-27 15:00:40,024 [main]---LoginPage使用元素文件xml：webElementInfos\LoginPage.xml
2018-04-27 15:00:41,435 [main]---打开网址：http://60.166.12.158:4077/login
2018-04-27 15:00:41,475 [main]---【用户名输入框】识别成功
2018-04-27 15:00:41,590 [main]---在【用户名输入框】中输入 admin
2018-04-27 15:00:41,612 [main]---【密码输入框】识别成功
2018-04-27 15:00:41,711 [main]---在【密码输入框】中输入 Xylx1.T
2018-04-27 15:00:41,732 [main]---【验证码图片】识别成功
2018-04-27 15:00:41,889 [main]---验证码图片截图保存成功：tessdata\vrCodeImage\codeImage.png
2018-04-27 15:00:42,889 [main]---等待 1 秒
2018-04-27 15:00:43,910 [main]---doOCR验证码识别结果:
2018-04-27 15:00:44,928 [main]---【验证吗输入框】识别成功
2018-04-27 15:00:44,989 [main]---在【验证吗输入框】中输入 
2018-04-27 15:00:45,007 [main]---【登录按钮】识别成功
2018-04-27 15:00:45,075 [main]---点击【登录按钮】
2018-04-27 15:00:45,076 [main]---MainPage使用元素文件xml：webElementInfos\MainPage.xml
2018-04-27 15:00:45,078 [main]---debug-message:登录
2018-04-27 15:00:45,101 [main]---【错误提示文字】识别成功
2018-04-27 15:00:45,137 [main]---LoginPage使用元素文件xml：webElementInfos\LoginPage.xml
2018-04-27 15:00:45,566 [main]---打开网址：http://60.166.12.158:4077/login
2018-04-27 15:00:45,584 [main]---【用户名输入框】识别成功
2018-04-27 15:00:45,678 [main]---在【用户名输入框】中输入 admin2
2018-04-27 15:00:45,690 [main]---【密码输入框】识别成功
2018-04-27 15:00:45,776 [main]---在【密码输入框】中输入 123456
2018-04-27 15:00:45,791 [main]---【验证码图片】识别成功
2018-04-27 15:00:45,839 [main]---验证码图片截图保存成功：tessdata\vrCodeImage\codeImage.png
2018-04-27 15:00:46,840 [main]---等待 1 秒
2018-04-27 15:00:47,110 [main]---doOCR验证码识别结果:
2018-04-27 15:04:32,891 [main]---实例化谷歌浏览器_ok
2018-04-27 15:04:33,191 [main]---LoginPage使用元素文件xml：webElementInfos\LoginPage.xml
2018-04-27 15:04:33,291 [main]---LoginPage使用元素文件xml：webElementInfos\LoginPage.xml
2018-04-27 15:04:35,413 [main]---打开网址：http://60.166.12.158:4077/login
2018-04-27 15:04:35,453 [main]---【用户名输入框】识别成功
2018-04-27 15:04:35,566 [main]---在【用户名输入框】中输入 admin
2018-04-27 15:04:35,585 [main]---【密码输入框】识别成功
2018-04-27 15:04:35,671 [main]---在【密码输入框】中输入 Xylx1.T
2018-04-27 15:04:35,702 [main]---【验证码图片】识别成功
2018-04-27 15:04:35,856 [main]---验证码图片截图保存成功：tessdata\vrCodeImage\codeImage.png
2018-04-27 15:04:36,857 [main]---等待 1 秒
2018-04-27 15:25:57,797 [main]---doOCR验证码识别结果:
2018-04-27 16:27:09,452 [main]---实例化谷歌浏览器_ok
2018-04-27 16:27:09,711 [main]---LoginPage使用元素文件xml：webElementInfos\LoginPage.xml
2018-04-27 16:27:09,783 [main]---LoginPage使用元素文件xml：webElementInfos\LoginPage.xml
2018-04-27 16:27:11,646 [main]---打开网址：http://60.166.12.158:4077/login
2018-04-27 16:27:11,680 [main]---【用户名输入框】识别成功
2018-04-27 16:27:11,766 [main]---在【用户名输入框】中输入 admin
2018-04-27 16:27:11,793 [main]---【密码输入框】识别成功
2018-04-27 16:27:11,884 [main]---在【密码输入框】中输入 Xylx1.T
2018-04-27 16:27:11,902 [main]---【验证码图片】识别成功
2018-04-27 16:27:13,120 [main]---【验证吗输入框】识别成功
2018-04-27 16:27:14,608 [main]---在【验证吗输入框】中输入 amur


2018-04-27 16:27:14,646 [main]---【登录按钮】暂未找到，轮询中...
2018-04-27 16:27:15,160 [main]---【登录按钮】暂未找到，轮询中...
2018-04-27 16:27:15,671 [main]---【登录按钮】暂未找到，轮询中...
2018-04-27 16:27:16,184 [main]---【登录按钮】暂未找到，轮询中...
2018-04-27 16:27:16,697 [main]---【登录按钮】暂未找到，轮询中...
2018-04-27 16:27:17,211 [main]---【登录按钮】暂未找到，轮询中...
2018-04-27 16:27:18,209 [main]---【登录按钮】识别成功
2018-04-27 16:27:18,288 [main]---点击【登录按钮】
2018-04-27 16:27:18,289 [main]---MainPage使用元素文件xml：webElementInfos\MainPage.xml
2018-04-27 16:27:18,292 [main]---debug-message:登录
2018-04-27 16:27:18,324 [main]---【错误提示文字】识别成功
2018-04-27 16:27:18,354 [main]---LoginPage使用元素文件xml：webElementInfos\LoginPage.xml
2018-04-27 16:27:18,726 [main]---打开网址：http://60.166.12.158:4077/login
2018-04-27 16:27:18,740 [main]---【用户名输入框】识别成功
2018-04-27 16:27:18,835 [main]---在【用户名输入框】中输入 admin2
2018-04-27 16:27:18,845 [main]---【密码输入框】识别成功
2018-04-27 16:27:18,934 [main]---在【密码输入框】中输入 123456
2018-04-27 16:27:18,944 [main]---【验证码图片】识别成功
2018-04-27 16:27:19,486 [main]---【验证吗输入框】识别成功
2018-04-27 16:27:20,434 [main]---在【验证吗输入框】中输入 :
eaki


2018-04-27 16:27:20,449 [main]---【登录按钮】识别成功
2018-04-27 16:27:20,518 [main]---点击【登录按钮】
2018-04-27 16:27:20,518 [main]---MainPage使用元素文件xml：webElementInfos\MainPage.xml
2018-04-27 16:27:20,521 [main]---debug-message:登录
2018-04-27 16:27:20,532 [main]---【错误提示文字】识别成功
2018-04-27 16:27:20,565 [main]---LoginPage使用元素文件xml：webElementInfos\LoginPage.xml
2018-04-27 16:27:20,919 [main]---打开网址：http://60.166.12.158:4077/login
2018-04-27 16:27:20,940 [main]---【用户名输入框】识别成功
2018-04-27 16:27:21,040 [main]---在【用户名输入框】中输入 admin3
2018-04-27 16:27:21,053 [main]---【密码输入框】识别成功
2018-04-27 16:27:21,141 [main]---在【密码输入框】中输入 123456
2018-04-27 16:27:21,151 [main]---【验证码图片】识别成功
2018-04-27 16:27:21,686 [main]---【验证吗输入框】识别成功
2018-04-27 16:27:22,408 [main]---在【验证吗输入框】中输入 aeqew


2018-04-27 16:27:22,425 [main]---【登录按钮】识别成功
2018-04-27 16:27:22,500 [main]---点击【登录按钮】
2018-04-27 16:27:22,500 [main]---MainPage使用元素文件xml：webElementInfos\MainPage.xml
2018-04-27 16:27:22,503 [main]---debug-message:登录
2018-04-27 16:27:22,514 [main]---【错误提示文字】识别成功
2018-04-27 16:27:22,540 [main]---LoginPage使用元素文件xml：webElementInfos\LoginPage.xml
2018-04-27 16:27:22,927 [main]---打开网址：http://60.166.12.158:4077/login
2018-04-27 16:27:22,949 [main]---【用户名输入框】识别成功
2018-04-27 16:27:23,042 [main]---在【用户名输入框】中输入 admin4
2018-04-27 16:27:23,057 [main]---【密码输入框】识别成功
2018-04-27 16:27:23,151 [main]---在【密码输入框】中输入 123456
2018-04-27 16:27:23,163 [main]---【验证码图片】识别成功
2018-04-27 16:27:23,696 [main]---【验证吗输入框】识别成功
2018-04-27 16:27:24,419 [main]---在【验证吗输入框】中输入 paﬁ


2018-04-27 16:27:24,441 [main]---【登录按钮】识别成功
2018-04-27 16:27:24,521 [main]---点击【登录按钮】
2018-04-27 16:27:24,521 [main]---MainPage使用元素文件xml：webElementInfos\MainPage.xml
2018-04-27 16:27:24,523 [main]---debug-message:登录
2018-04-27 16:27:24,545 [main]---【错误提示文字】识别成功
2018-04-27 16:27:24,571 [main]---LoginPage使用元素文件xml：webElementInfos\LoginPage.xml
2018-04-27 16:27:24,901 [main]---打开网址：http://60.166.12.158:4077/login
2018-04-27 16:27:24,919 [main]---【用户名输入框】识别成功
2018-04-27 16:27:25,008 [main]---在【用户名输入框】中输入 admin
2018-04-27 16:27:25,018 [main]---【密码输入框】识别成功
2018-04-27 16:27:25,106 [main]---在【密码输入框】中输入 123456
2018-04-27 16:27:25,117 [main]---【验证码图片】识别成功
2018-04-27 16:27:25,642 [main]---【验证吗输入框】识别成功
2018-04-27 16:27:26,367 [main]---在【验证吗输入框】中输入 foyar


2018-04-27 16:27:26,380 [main]---【登录按钮】识别成功
2018-04-27 16:27:26,449 [main]---点击【登录按钮】
2018-04-27 16:27:26,449 [main]---MainPage使用元素文件xml：webElementInfos\MainPage.xml
2018-04-27 16:27:26,451 [main]---debug-message:登录
2018-04-27 16:27:26,467 [main]---【错误提示文字】识别成功
2018-04-27 16:27:29,588 [main]---用例执行完毕，关闭浏览器
2018-04-27 16:35:26,473 [main]---实例化谷歌浏览器_ok
2018-04-27 16:35:26,725 [main]---LoginPage使用元素文件xml：webElementInfos\LoginPage.xml
2018-04-27 16:35:26,806 [main]---LoginPage使用元素文件xml：webElementInfos\LoginPage.xml
2018-04-27 16:35:28,030 [main]---打开网址：http://60.166.12.158:4077/login
2018-04-27 16:35:28,069 [main]---【用户名输入框】识别成功
2018-04-27 16:35:28,194 [main]---在【用户名输入框】中输入 admin
2018-04-27 16:35:28,213 [main]---【密码输入框】识别成功
2018-04-27 16:35:28,306 [main]---在【密码输入框】中输入 Xylx1.T
2018-04-27 16:35:28,324 [main]---【验证码图片】识别成功
2018-04-27 16:35:29,651 [main]---【验证吗输入框】识别成功
2018-04-27 16:35:31,052 [main]---在【验证吗输入框】中输入 iiuqa


2018-04-27 16:35:31,089 [main]---【登录按钮】暂未找到，轮询中...
2018-04-27 16:35:31,604 [main]---【登录按钮】暂未找到，轮询中...
2018-04-27 16:35:32,583 [main]---【登录按钮】识别成功
2018-04-27 16:35:32,659 [main]---点击【登录按钮】
2018-04-27 16:35:32,660 [main]---MainPage使用元素文件xml：webElementInfos\MainPage.xml
2018-04-27 16:35:32,664 [main]---debug-message:登录
2018-04-27 16:35:32,690 [main]---【错误提示文字】识别成功
2018-04-27 16:35:32,722 [main]---LoginPage使用元素文件xml：webElementInfos\LoginPage.xml
2018-04-27 16:35:33,122 [main]---打开网址：http://60.166.12.158:4077/login
2018-04-27 16:35:33,142 [main]---【用户名输入框】识别成功
2018-04-27 16:35:33,238 [main]---在【用户名输入框】中输入 admin2
2018-04-27 16:35:33,251 [main]---【密码输入框】识别成功
2018-04-27 16:35:33,342 [main]---在【密码输入框】中输入 123456
2018-04-27 16:35:33,353 [main]---【验证码图片】识别成功
2018-04-27 16:35:33,870 [main]---【验证吗输入框】识别成功
2018-04-27 16:35:34,608 [main]---在【验证吗输入框】中输入 ofem


2018-04-27 16:35:34,627 [main]---【登录按钮】识别成功
2018-04-27 16:35:34,700 [main]---点击【登录按钮】
2018-04-27 16:35:34,701 [main]---MainPage使用元素文件xml：webElementInfos\MainPage.xml
2018-04-27 16:35:34,703 [main]---debug-message:登录
2018-04-27 16:35:34,717 [main]---【错误提示文字】识别成功
2018-04-27 16:35:34,742 [main]---LoginPage使用元素文件xml：webElementInfos\LoginPage.xml
2018-04-27 16:35:35,103 [main]---打开网址：http://60.166.12.158:4077/login
2018-04-27 16:35:35,125 [main]---【用户名输入框】识别成功
2018-04-27 16:35:35,239 [main]---在【用户名输入框】中输入 admin3
2018-04-27 16:35:35,257 [main]---【密码输入框】识别成功
2018-04-27 16:35:35,347 [main]---在【密码输入框】中输入 123456
2018-04-27 16:35:35,357 [main]---【验证码图片】识别成功
2018-04-27 16:35:35,870 [main]---【验证吗输入框】识别成功
2018-04-27 16:35:36,607 [main]---在【验证吗输入框】中输入 E


2018-04-27 16:35:36,621 [main]---【登录按钮】识别成功
2018-04-27 16:35:36,700 [main]---点击【登录按钮】
2018-04-27 16:35:36,701 [main]---MainPage使用元素文件xml：webElementInfos\MainPage.xml
2018-04-27 16:35:36,703 [main]---debug-message:登录
2018-04-27 16:35:36,715 [main]---【错误提示文字】识别成功
2018-04-27 16:35:36,743 [main]---LoginPage使用元素文件xml：webElementInfos\LoginPage.xml
2018-04-27 16:35:37,092 [main]---打开网址：http://60.166.12.158:4077/login
2018-04-27 16:35:37,107 [main]---【用户名输入框】识别成功
2018-04-27 16:35:37,204 [main]---在【用户名输入框】中输入 admin4
2018-04-27 16:35:37,215 [main]---【密码输入框】识别成功
2018-04-27 16:35:37,309 [main]---在【密码输入框】中输入 123456
2018-04-27 16:35:37,319 [main]---【验证码图片】识别成功
2018-04-27 16:35:37,863 [main]---【验证吗输入框】识别成功
2018-04-27 16:35:38,838 [main]---在【验证吗输入框】中输入 E
bazi


2018-04-27 16:35:38,857 [main]---【登录按钮】识别成功
2018-04-27 16:35:38,943 [main]---点击【登录按钮】
2018-04-27 16:35:38,944 [main]---MainPage使用元素文件xml：webElementInfos\MainPage.xml
2018-04-27 16:35:38,946 [main]---debug-message:登录
2018-04-27 16:35:38,957 [main]---【错误提示文字】识别成功
2018-04-27 16:35:38,984 [main]---LoginPage使用元素文件xml：webElementInfos\LoginPage.xml
2018-04-27 16:35:39,432 [main]---打开网址：http://60.166.12.158:4077/login
2018-04-27 16:35:39,449 [main]---【用户名输入框】识别成功
2018-04-27 16:35:39,538 [main]---在【用户名输入框】中输入 admin
2018-04-27 16:35:39,552 [main]---【密码输入框】识别成功
2018-04-27 16:35:39,637 [main]---在【密码输入框】中输入 123456
2018-04-27 16:35:39,650 [main]---【验证码图片】识别成功
2018-04-27 16:35:40,231 [main]---【验证吗输入框】识别成功
2018-04-27 16:35:40,910 [main]---在【验证吗输入框】中输入 jupaf


2018-04-27 16:35:40,921 [main]---【登录按钮】识别成功
2018-04-27 16:35:41,009 [main]---点击【登录按钮】
2018-04-27 16:35:41,009 [main]---MainPage使用元素文件xml：webElementInfos\MainPage.xml
2018-04-27 16:35:41,012 [main]---debug-message:登录
2018-04-27 16:35:41,026 [main]---【错误提示文字】识别成功
2018-04-27 16:35:44,158 [main]---用例执行完毕，关闭浏览器
2018-04-27 16:53:48,430 [main]---实例化谷歌浏览器_ok
2018-04-27 16:53:48,676 [main]---LoginPage使用元素文件xml：webElementInfos\LoginPage.xml
2018-04-27 16:53:48,745 [main]---LoginPage使用元素文件xml：webElementInfos\LoginPage.xml
2018-04-27 16:53:49,867 [main]---打开网址：http://60.166.12.158:4077/login
2018-04-27 16:53:49,912 [main]---【用户名输入框】识别成功
2018-04-27 16:53:50,003 [main]---在【用户名输入框】中输入 admin
2018-04-27 16:53:50,031 [main]---【密码输入框】识别成功
2018-04-27 16:53:50,144 [main]---在【密码输入框】中输入 Xylx1.T
2018-04-27 16:53:50,172 [main]---【验证码图片】识别成功
2018-04-27 16:53:51,298 [main]---【验证吗输入框】识别成功
2018-04-27 16:53:52,668 [main]---在【验证吗输入框】中输入 iiiad


2018-04-27 16:53:52,669 [main]---MainPage使用元素文件xml：webElementInfos\MainPage.xml
2018-04-27 16:53:52,672 [main]---debug-message:登录
2018-04-27 16:53:52,707 [main]---【错误提示文字】暂未找到，轮询中...
2018-04-27 16:53:53,220 [main]---【错误提示文字】暂未找到，轮询中...
2018-04-27 16:53:53,733 [main]---【错误提示文字】暂未找到，轮询中...
2018-04-27 16:53:54,575 [main]---【错误提示文字】识别成功
2018-04-27 16:53:54,610 [main]---LoginPage使用元素文件xml：webElementInfos\LoginPage.xml
2018-04-27 16:53:54,981 [main]---打开网址：http://60.166.12.158:4077/login
2018-04-27 16:53:55,006 [main]---【用户名输入框】识别成功
2018-04-27 16:53:55,100 [main]---在【用户名输入框】中输入 admin2
2018-04-27 16:53:55,111 [main]---【密码输入框】识别成功
2018-04-27 16:53:55,201 [main]---在【密码输入框】中输入 123456
2018-04-27 16:53:55,214 [main]---【验证码图片】识别成功
2018-04-27 16:53:55,717 [main]---【验证吗输入框】识别成功
2018-04-27 16:53:55,785 [main]---在【验证吗输入框】中输入 
2018-04-27 16:53:55,786 [main]---MainPage使用元素文件xml：webElementInfos\MainPage.xml
2018-04-27 16:53:55,788 [main]---debug-message:登录
2018-04-27 16:53:55,800 [main]---【错误提示文字】识别成功
2018-04-27 16:53:55,823 [main]---LoginPage使用元素文件xml：webElementInfos\LoginPage.xml
2018-04-27 16:53:56,243 [main]---打开网址：http://60.166.12.158:4077/login
2018-04-27 16:53:56,255 [main]---【用户名输入框】识别成功
2018-04-27 16:53:56,345 [main]---在【用户名输入框】中输入 admin3
2018-04-27 16:53:56,359 [main]---【密码输入框】识别成功
2018-04-27 16:53:56,445 [main]---在【密码输入框】中输入 123456
2018-04-27 16:53:56,455 [main]---【验证码图片】识别成功
2018-04-27 16:53:56,988 [main]---【验证吗输入框】识别成功
2018-04-27 16:53:57,962 [main]---在【验证吗输入框】中输入 piet


2018-04-27 16:53:57,962 [main]---MainPage使用元素文件xml：webElementInfos\MainPage.xml
2018-04-27 16:53:57,967 [main]---debug-message:登录
2018-04-27 16:53:57,986 [main]---【错误提示文字】识别成功
2018-04-27 16:53:58,014 [main]---LoginPage使用元素文件xml：webElementInfos\LoginPage.xml
2018-04-27 16:53:58,410 [main]---打开网址：http://60.166.12.158:4077/login
2018-04-27 16:53:58,432 [main]---【用户名输入框】识别成功
2018-04-27 16:53:58,522 [main]---在【用户名输入框】中输入 admin4
2018-04-27 16:53:58,534 [main]---【密码输入框】识别成功
2018-04-27 16:53:58,627 [main]---在【密码输入框】中输入 123456
2018-04-27 16:53:58,637 [main]---【验证码图片】识别成功
2018-04-27 16:53:59,235 [main]---【验证吗输入框】识别成功
2018-04-27 16:54:00,187 [main]---在【验证吗输入框】中输入 E


2018-04-27 16:54:00,187 [main]---MainPage使用元素文件xml：webElementInfos\MainPage.xml
2018-04-27 16:54:00,190 [main]---debug-message:登录
2018-04-27 16:54:00,203 [main]---【错误提示文字】识别成功
2018-04-27 16:54:00,227 [main]---LoginPage使用元素文件xml：webElementInfos\LoginPage.xml
2018-04-27 16:54:00,725 [main]---打开网址：http://60.166.12.158:4077/login
2018-04-27 16:54:00,738 [main]---【用户名输入框】识别成功
2018-04-27 16:54:00,830 [main]---在【用户名输入框】中输入 admin
2018-04-27 16:54:00,843 [main]---【密码输入框】识别成功
2018-04-27 16:54:00,931 [main]---在【密码输入框】中输入 123456
2018-04-27 16:54:00,947 [main]---【验证码图片】识别成功
2018-04-27 16:54:01,448 [main]---【验证吗输入框】识别成功
2018-04-27 16:54:02,751 [main]---在【验证吗输入框】中输入 E


2018-04-27 16:54:02,752 [main]---MainPage使用元素文件xml：webElementInfos\MainPage.xml
2018-04-27 16:54:02,755 [main]---debug-message:登录
2018-04-27 16:54:02,771 [main]---【错误提示文字】识别成功
2018-04-27 16:54:11,433 [main]---实例化谷歌浏览器_ok
2018-04-27 16:54:11,685 [main]---LoginPage使用元素文件xml：webElementInfos\LoginPage.xml
2018-04-27 16:54:11,762 [main]---LoginPage使用元素文件xml：webElementInfos\LoginPage.xml
2018-04-27 16:54:13,177 [main]---打开网址：http://60.166.12.158:4077/login
2018-04-27 16:54:13,212 [main]---【用户名输入框】识别成功
2018-04-27 16:54:13,301 [main]---在【用户名输入框】中输入 admin
2018-04-27 16:54:13,329 [main]---【密码输入框】识别成功
2018-04-27 16:54:13,423 [main]---在【密码输入框】中输入 Xylx1.T
2018-04-27 16:54:13,440 [main]---【验证码图片】识别成功
2018-04-27 16:54:14,659 [main]---【验证吗输入框】识别成功
2018-04-27 16:54:15,552 [main]---在【验证吗输入框】中输入 vayog


2018-04-27 16:54:15,553 [main]---MainPage使用元素文件xml：webElementInfos\MainPage.xml
2018-04-27 16:54:15,557 [main]---debug-message:登录
2018-04-27 16:54:15,576 [main]---【错误提示文字】识别成功
2018-04-27 16:54:15,604 [main]---LoginPage使用元素文件xml：webElementInfos\LoginPage.xml
2018-04-27 16:54:16,126 [main]---打开网址：http://60.166.12.158:4077/login
2018-04-27 16:54:16,148 [main]---【用户名输入框】识别成功
2018-04-27 16:54:16,247 [main]---在【用户名输入框】中输入 admin2
2018-04-27 16:54:16,260 [main]---【密码输入框】识别成功
2018-04-27 16:54:16,344 [main]---在【密码输入框】中输入 123456
2018-04-27 16:54:16,357 [main]---【验证码图片】识别成功
2018-04-27 16:54:16,893 [main]---【验证吗输入框】识别成功
2018-04-27 16:54:17,914 [main]---在【验证吗输入框】中输入 ugep


2018-04-27 16:54:17,914 [main]---MainPage使用元素文件xml：webElementInfos\MainPage.xml
2018-04-27 16:54:17,916 [main]---debug-message:登录
2018-04-27 16:54:17,932 [main]---【错误提示文字】识别成功
2018-04-27 16:54:17,958 [main]---LoginPage使用元素文件xml：webElementInfos\LoginPage.xml
2018-04-27 16:54:18,438 [main]---打开网址：http://60.166.12.158:4077/login
2018-04-27 16:54:18,457 [main]---【用户名输入框】识别成功
2018-04-27 16:54:18,551 [main]---在【用户名输入框】中输入 admin3
2018-04-27 16:54:18,563 [main]---【密码输入框】识别成功
2018-04-27 16:54:18,647 [main]---在【密码输入框】中输入 123456
2018-04-27 16:54:18,656 [main]---【验证码图片】识别成功
2018-04-27 16:54:19,158 [main]---【验证吗输入框】识别成功
2018-04-27 16:54:19,888 [main]---在【验证吗输入框】中输入 @


2018-04-27 16:54:19,888 [main]---MainPage使用元素文件xml：webElementInfos\MainPage.xml
2018-04-27 16:54:19,890 [main]---debug-message:登录
2018-04-27 16:54:19,910 [main]---【错误提示文字】识别成功
2018-04-27 16:54:19,936 [main]---LoginPage使用元素文件xml：webElementInfos\LoginPage.xml
2018-04-27 16:54:20,269 [main]---打开网址：http://60.166.12.158:4077/login
2018-04-27 16:54:20,288 [main]---【用户名输入框】识别成功
2018-04-27 16:54:20,388 [main]---在【用户名输入框】中输入 admin4
2018-04-27 16:54:20,399 [main]---【密码输入框】识别成功
2018-04-27 16:54:20,488 [main]---在【密码输入框】中输入 123456
2018-04-27 16:54:20,501 [main]---【验证码图片】识别成功
2018-04-27 16:54:21,059 [main]---【验证吗输入框】识别成功
2018-04-27 16:54:21,769 [main]---在【验证吗输入框】中输入 cobeo


2018-04-27 16:54:21,769 [main]---MainPage使用元素文件xml：webElementInfos\MainPage.xml
2018-04-27 16:54:21,771 [main]---debug-message:登录
2018-04-27 16:54:21,791 [main]---【错误提示文字】识别成功
2018-04-27 16:54:21,816 [main]---LoginPage使用元素文件xml：webElementInfos\LoginPage.xml
2018-04-27 16:54:22,177 [main]---打开网址：http://60.166.12.158:4077/login
2018-04-27 16:54:22,188 [main]---【用户名输入框】识别成功
2018-04-27 16:54:22,278 [main]---在【用户名输入框】中输入 admin
2018-04-27 16:54:22,295 [main]---【密码输入框】识别成功
2018-04-27 16:54:22,385 [main]---在【密码输入框】中输入 123456
2018-04-27 16:54:22,395 [main]---【验证码图片】识别成功
2018-04-27 16:54:22,921 [main]---【验证吗输入框】识别成功
2018-04-27 16:54:22,986 [main]---在【验证吗输入框】中输入 
2018-04-27 16:54:22,987 [main]---MainPage使用元素文件xml：webElementInfos\MainPage.xml
2018-04-27 16:54:22,989 [main]---debug-message:登录
2018-04-27 16:54:22,999 [main]---【错误提示文字】识别成功
2018-04-27 17:30:42,135 [main]---实例化谷歌浏览器_ok
2018-04-27 17:30:42,440 [main]---LoginPage使用元素文件xml：webElementInfos\LoginPage.xml
2018-04-27 17:30:42,574 [main]---LoginPage使用元素文件xml：webElementInfos\LoginPage.xml
2018-04-27 17:30:43,727 [main]---打开网址：http://60.166.12.158:4077/login
2018-04-27 17:30:43,777 [main]---【用户名输入框】识别成功
2018-04-27 17:30:43,907 [main]---在【用户名输入框】中输入 admin
2018-04-27 17:30:43,926 [main]---【密码输入框】识别成功
2018-04-27 17:30:44,021 [main]---在【密码输入框】中输入 Xylx1.T
2018-04-27 17:30:44,040 [main]---【验证码图片】识别成功
2018-04-27 17:30:45,404 [main]---【验证吗输入框】识别成功
2018-04-27 17:30:47,306 [main]---在【验证吗输入框】中输入 muqo


2018-04-27 17:30:47,376 [main]---【登录按钮】暂未找到，轮询中...
2018-04-27 17:30:48,062 [main]---【登录按钮】识别成功
2018-04-27 17:30:48,140 [main]---点击【登录按钮】
2018-04-27 17:30:48,142 [main]---MainPage使用元素文件xml：webElementInfos\MainPage.xml
2018-04-27 17:30:48,145 [main]---debug-message:登录
2018-04-27 17:30:48,176 [main]---【错误提示文字】识别成功
2018-04-27 17:30:48,209 [main]---LoginPage使用元素文件xml：webElementInfos\LoginPage.xml
2018-04-27 17:30:48,742 [main]---打开网址：http://60.166.12.158:4077/login
2018-04-27 17:30:48,765 [main]---【用户名输入框】识别成功
2018-04-27 17:30:48,865 [main]---在【用户名输入框】中输入 admin2
2018-04-27 17:30:48,879 [main]---【密码输入框】识别成功
2018-04-27 17:30:48,964 [main]---在【密码输入框】中输入 123456
2018-04-27 17:30:48,975 [main]---【验证码图片】识别成功
2018-04-27 17:30:49,580 [main]---【验证吗输入框】识别成功
2018-04-27 17:30:50,574 [main]---在【验证吗输入框】中输入 wwiai


2018-04-27 17:30:50,597 [main]---【登录按钮】识别成功
2018-04-27 17:30:50,672 [main]---点击【登录按钮】
2018-04-27 17:30:50,672 [main]---MainPage使用元素文件xml：webElementInfos\MainPage.xml
2018-04-27 17:30:50,675 [main]---debug-message:登录
2018-04-27 17:30:50,689 [main]---【错误提示文字】识别成功
2018-04-27 17:30:50,770 [main]---LoginPage使用元素文件xml：webElementInfos\LoginPage.xml
2018-04-27 17:30:51,273 [main]---打开网址：http://60.166.12.158:4077/login
2018-04-27 17:30:51,289 [main]---【用户名输入框】识别成功
2018-04-27 17:30:51,388 [main]---在【用户名输入框】中输入 admin3
2018-04-27 17:30:51,399 [main]---【密码输入框】识别成功
2018-04-27 17:30:51,486 [main]---在【密码输入框】中输入 123456
2018-04-27 17:30:51,497 [main]---【验证码图片】识别成功
2018-04-27 17:30:52,101 [main]---【验证吗输入框】识别成功
2018-04-27 17:30:53,180 [main]---在【验证吗输入框】中输入 :
rho


2018-04-27 17:30:53,193 [main]---【登录按钮】识别成功
2018-04-27 17:30:53,266 [main]---点击【登录按钮】
2018-04-27 17:30:53,266 [main]---MainPage使用元素文件xml：webElementInfos\MainPage.xml
2018-04-27 17:30:53,270 [main]---debug-message:登录
2018-04-27 17:30:53,285 [main]---【错误提示文字】识别成功
2018-04-27 17:30:53,309 [main]---LoginPage使用元素文件xml：webElementInfos\LoginPage.xml
2018-04-27 17:30:53,740 [main]---打开网址：http://60.166.12.158:4077/login
2018-04-27 17:30:53,760 [main]---【用户名输入框】识别成功
2018-04-27 17:30:53,858 [main]---在【用户名输入框】中输入 admin4
2018-04-27 17:30:53,871 [main]---【密码输入框】识别成功
2018-04-27 17:30:53,961 [main]---在【密码输入框】中输入 123456
2018-04-27 17:30:53,972 [main]---【验证码图片】识别成功
2018-04-27 17:30:54,501 [main]---【验证吗输入框】识别成功
2018-04-27 17:30:55,466 [main]---在【验证吗输入框】中输入 E


2018-04-27 17:30:55,484 [main]---【登录按钮】识别成功
2018-04-27 17:30:55,554 [main]---点击【登录按钮】
2018-04-27 17:30:55,555 [main]---MainPage使用元素文件xml：webElementInfos\MainPage.xml
2018-04-27 17:30:55,558 [main]---debug-message:登录
2018-04-27 17:30:55,571 [main]---【错误提示文字】识别成功
2018-04-27 17:30:55,604 [main]---LoginPage使用元素文件xml：webElementInfos\LoginPage.xml
2018-04-27 17:30:56,115 [main]---打开网址：http://60.166.12.158:4077/login
2018-04-27 17:30:56,129 [main]---【用户名输入框】识别成功
2018-04-27 17:30:56,221 [main]---在【用户名输入框】中输入 admin
2018-04-27 17:30:56,234 [main]---【密码输入框】识别成功
2018-04-27 17:30:56,323 [main]---在【密码输入框】中输入 123456
2018-04-27 17:30:56,334 [main]---【验证码图片】识别成功
2018-04-27 17:30:56,885 [main]---【验证吗输入框】识别成功
2018-04-27 17:30:57,757 [main]---在【验证吗输入框】中输入 21' um


2018-04-27 17:30:57,773 [main]---【登录按钮】识别成功
2018-04-27 17:30:57,848 [main]---点击【登录按钮】
2018-04-27 17:30:57,849 [main]---MainPage使用元素文件xml：webElementInfos\MainPage.xml
2018-04-27 17:30:57,852 [main]---debug-message:登录
2018-04-27 17:30:57,868 [main]---【错误提示文字】识别成功
