2018-04-19 10:17:18,863 [main]---Æô¶¯¹È¸èä¯ÀÀÆ÷
2018-04-19 10:17:19,204 [main]---LoginPageÊ¹ÓÃÔªËØÎÄ¼şxml£ºD:\Users\admin\workspace2\uiautotest\webelementinfos\LoginPage.xml
2018-04-19 10:17:20,627 [main]---´ò¿ªÍøÖ·£ºhttp://60.166.12.158:4077/login
2018-04-19 10:17:21,532 [main]---MainPageÊ¹ÓÃÔªËØÎÄ¼şxml£ºD:\Users\admin\workspace2\uiautotest\webelementinfos\MainPage.xml
2018-04-19 10:17:21,563 [main]---¡¾»¶Ó­µÇÂ½¡¿Ê¶±ğ³É¹¦
2018-04-19 10:17:21,571 [main]---MainPageÊ¹ÓÃÔªËØÎÄ¼şxml£ºD:\Users\admin\workspace2\uiautotest\webelementinfos\MainPage.xml
2018-04-19 10:17:21,601 [main]---¡¾Í¶·Å¹ÜÀíÄ£¿é¡¿Ê¶±ğ³É¹¦
2018-04-19 10:17:21,664 [main]---µã»÷¡¾Í¶·Å¹ÜÀíÄ£¿é¡¿
2018-04-19 10:17:21,691 [main]---¡¾¹ã¸æÖ÷¹ÜÀí¡¿Ê¶±ğ³É¹¦
2018-04-19 10:17:22,470 [main]---µã»÷¡¾¹ã¸æÖ÷¹ÜÀí¡¿
2018-04-19 10:17:22,491 [main]---¡¾ĞÂÔö¹ã¸æÖ÷¡¿Ê¶±ğ³É¹¦
2018-04-19 10:17:24,163 [main]---µã»÷¡¾ĞÂÔö¹ã¸æÖ÷¡¿
2018-04-19 10:17:24,164 [main]---AddAdverPageÊ¹ÓÃÔªËØÎÄ¼şxml£ºD:\Users\admin\workspace2\uiautotest\webelementinfos\AddAdverPage.xml
2018-04-19 10:17:24,188 [main]---¡¾¹ã¸æÖ÷Ãû³Æ¡¿Ê¶±ğ³É¹¦
2018-04-19 10:17:27,253 [main]---ÓÃÀıÖ´ĞĞÍê±Ï£¬¹Ø±Õä¯ÀÀÆ÷
2018-04-19 14:45:23,088 [main]---å¯åŠ¨è°·æ­Œæµè§ˆå™¨
2018-04-19 14:45:23,467 [main]---LoginPageä½¿ç”¨å…ƒç´ æ–‡ä»¶xmlï¼šD:\Users\admin\workspace2\uiautotest\webelementinfos\LoginPage.xml
2018-04-19 14:45:24,854 [main]---æ‰“å¼€ç½‘å€ï¼šhttp://60.166.12.158:4077/login
2018-04-19 14:45:24,987 [main]---ã€ç”¨æˆ·åè¾“å…¥æ¡†ã€‘è¯†åˆ«æˆåŠŸ
2018-04-19 14:45:25,123 [main]---åœ¨ã€ç”¨æˆ·åè¾“å…¥æ¡†ã€‘ä¸­è¾“å…¥ admin
2018-04-19 14:45:25,147 [main]---ã€å¯†ç è¾“å…¥æ¡†ã€‘è¯†åˆ«æˆåŠŸ
2018-04-19 14:45:25,253 [main]---åœ¨ã€å¯†ç è¾“å…¥æ¡†ã€‘ä¸­è¾“å…¥ Xylx1.T
2018-04-19 14:45:25,282 [main]---ã€éªŒè¯ç å›¾ç‰‡ã€‘è¯†åˆ«æˆåŠŸ
2018-04-19 14:45:25,446 [main]---éªŒè¯ç å›¾ç‰‡æˆªå›¾ä¿å­˜æˆåŠŸï¼štessdata\vrCodeImage\codeImage.png
2018-04-19 14:45:25,447 [main]---tessdata\vrCodeImage\codeImage.png
2018-04-19 14:45:26,519 [main]---doOCRéªŒè¯ç è¯†åˆ«ç»“æœ:M
2018-04-19 14:45:27,539 [main]---ã€éªŒè¯å—è¾“å…¥æ¡†ã€‘è¯†åˆ«æˆåŠŸ
2018-04-19 14:45:27,616 [main]---åœ¨ã€éªŒè¯å—è¾“å…¥æ¡†ã€‘ä¸­è¾“å…¥ M
2018-04-19 14:45:27,637 [main]---ã€ç™»å½•æŒ‰é’®ã€‘è¯†åˆ«æˆåŠŸ
2018-04-19 14:45:28,095 [main]---ç‚¹å‡»ã€ç™»å½•æŒ‰é’®ã€‘
2018-04-19 14:45:28,096 [main]---MainPageä½¿ç”¨å…ƒç´ æ–‡ä»¶xmlï¼šD:\Users\admin\workspace2\uiautotest\webelementinfos\MainPage.xml
2018-04-19 14:45:28,161 [main]---ã€æ¬¢è¿ç™»é™†ã€‘æš‚æœªæ‰¾åˆ°ï¼Œè½®è¯¢ä¸­...
2018-04-19 14:45:28,678 [main]---ã€æ¬¢è¿ç™»é™†ã€‘æš‚æœªæ‰¾åˆ°ï¼Œè½®è¯¢ä¸­...
2018-04-19 14:45:29,191 [main]---ã€æ¬¢è¿ç™»é™†ã€‘æš‚æœªæ‰¾åˆ°ï¼Œè½®è¯¢ä¸­...
2018-04-19 14:45:29,704 [main]---ã€æ¬¢è¿ç™»é™†ã€‘æš‚æœªæ‰¾åˆ°ï¼Œè½®è¯¢ä¸­...
2018-04-19 14:45:30,220 [main]---ã€æ¬¢è¿ç™»é™†ã€‘æš‚æœªæ‰¾åˆ°ï¼Œè½®è¯¢ä¸­...
2018-04-19 14:45:30,735 [main]---ã€æ¬¢è¿ç™»é™†ã€‘æš‚æœªæ‰¾åˆ°ï¼Œè½®è¯¢ä¸­...
2018-04-19 14:45:31,247 [main]---ã€æ¬¢è¿ç™»é™†ã€‘æš‚æœªæ‰¾åˆ°ï¼Œè½®è¯¢ä¸­...
2018-04-19 14:45:31,766 [main]---ã€æ¬¢è¿ç™»é™†ã€‘æš‚æœªæ‰¾åˆ°ï¼Œè½®è¯¢ä¸­...
2018-04-19 14:45:32,284 [main]---ã€æ¬¢è¿ç™»é™†ã€‘æš‚æœªæ‰¾åˆ°ï¼Œè½®è¯¢ä¸­...
2018-04-19 14:45:32,801 [main]---ã€æ¬¢è¿ç™»é™†ã€‘æš‚æœªæ‰¾åˆ°ï¼Œè½®è¯¢ä¸­...
2018-04-19 14:45:33,316 [main]---ã€æ¬¢è¿ç™»é™†ã€‘æš‚æœªæ‰¾åˆ°ï¼Œè½®è¯¢ä¸­...
2018-04-19 14:45:33,317 [main]---ã€æ¬¢è¿ç™»é™†ã€‘è¯†åˆ«å¤±è´¥ï¼šè¯†åˆ«è¶…æ—¶
2018-04-19 14:45:33,684 [main]---æˆªå›¾ä¿å­˜çš„è·¯å¾„ä¸º:D:\Users\admin\workspace2\uiautotest\screenshotimgs\error_2018_04_19_14_45_33.png
2018-04-19 14:45:33,689 [main]---æˆªå›¾æˆåŠŸï¼ï¼ï¼
2018-04-19 14:45:33,694 [main]---ã€æ£€æŸ¥ç‚¹æ£€æŸ¥å¤±è´¥ã€‘  [å®é™…]ï¼šfalseã€€[é¢„æœŸ]ï¼štrue
2018-04-19 14:45:36,800 [main]---ç”¨ä¾‹æ‰§è¡Œå®Œæ¯•ï¼Œå…³é—­æµè§ˆå™¨
2018-04-19 14:48:44,169 [main]---å¯åŠ¨è°·æ­Œæµè§ˆå™¨
2018-04-19 14:48:44,532 [main]---LoginPageä½¿ç”¨å…ƒç´ æ–‡ä»¶xmlï¼šD:\Users\admin\workspace2\uiautotest\webelementinfos\LoginPage.xml
2018-04-19 14:48:46,117 [main]---æ‰“å¼€ç½‘å€ï¼šhttp://60.166.12.158:4077/login
2018-04-19 14:48:46,162 [main]---ã€ç”¨æˆ·åè¾“å…¥æ¡†ã€‘è¯†åˆ«æˆåŠŸ
2018-04-19 14:48:46,291 [main]---åœ¨ã€ç”¨æˆ·åè¾“å…¥æ¡†ã€‘ä¸­è¾“å…¥ admin
2018-04-19 14:48:46,319 [main]---ã€å¯†ç è¾“å…¥æ¡†ã€‘è¯†åˆ«æˆåŠŸ
2018-04-19 14:48:46,426 [main]---åœ¨ã€å¯†ç è¾“å…¥æ¡†ã€‘ä¸­è¾“å…¥ Xylx1.T
2018-04-19 14:48:46,451 [main]---ã€éªŒè¯ç å›¾ç‰‡ã€‘è¯†åˆ«æˆåŠŸ
2018-04-19 14:48:46,640 [main]---éªŒè¯ç å›¾ç‰‡æˆªå›¾ä¿å­˜æˆåŠŸï¼štessdata\vrCodeImage\codeImage.png
2018-04-19 14:48:46,641 [main]---tessdata\vrCodeImage\codeImage.png
2018-04-19 14:48:47,873 [main]---doOCRéªŒè¯ç è¯†åˆ«ç»“æœ:uhec
2018-04-19 14:48:48,894 [main]---ã€éªŒè¯å—è¾“å…¥æ¡†ã€‘è¯†åˆ«æˆåŠŸ
2018-04-19 14:48:49,003 [main]---åœ¨ã€éªŒè¯å—è¾“å…¥æ¡†ã€‘ä¸­è¾“å…¥ uhec
2018-04-19 14:48:49,027 [main]---ã€ç™»å½•æŒ‰é’®ã€‘è¯†åˆ«æˆåŠŸ
2018-04-19 14:48:50,344 [main]---ç‚¹å‡»ã€ç™»å½•æŒ‰é’®ã€‘
2018-04-19 14:48:50,345 [main]---MainPageä½¿ç”¨å…ƒç´ æ–‡ä»¶xmlï¼šD:\Users\admin\workspace2\uiautotest\webelementinfos\MainPage.xml
2018-04-19 14:48:50,368 [main]---ã€æ¬¢è¿ç™»é™†ã€‘è¯†åˆ«æˆåŠŸ
2018-04-19 14:48:50,371 [main]---ã€æ£€æŸ¥ç‚¹æ£€æŸ¥æˆåŠŸã€‘  [å®é™…]ï¼štrueã€€[é¢„æœŸ]ï¼štrue
2018-04-19 14:48:50,379 [main]---MainPageä½¿ç”¨å…ƒç´ æ–‡ä»¶xmlï¼šD:\Users\admin\workspace2\uiautotest\webelementinfos\MainPage.xml
2018-04-19 14:48:50,423 [main]---ã€æŠ•æ”¾ç®¡ç†æ¨¡å—ã€‘è¯†åˆ«æˆåŠŸ
2018-04-19 14:48:50,511 [main]---ç‚¹å‡»ã€æŠ•æ”¾ç®¡ç†æ¨¡å—ã€‘
2018-04-19 14:48:50,550 [main]---ã€å¹¿å‘Šä¸»ç®¡ç†ã€‘è¯†åˆ«æˆåŠŸ
2018-04-19 14:48:51,357 [main]---ç‚¹å‡»ã€å¹¿å‘Šä¸»ç®¡ç†ã€‘
2018-04-19 14:48:51,390 [main]---ã€æ–°å¢å¹¿å‘Šä¸»ã€‘è¯†åˆ«æˆåŠŸ
2018-04-19 14:48:53,032 [main]---ç‚¹å‡»ã€æ–°å¢å¹¿å‘Šä¸»ã€‘
2018-04-19 14:48:53,034 [main]---AddAdverPageä½¿ç”¨å…ƒç´ æ–‡ä»¶xmlï¼šD:\Users\admin\workspace2\uiautotest\webelementinfos\AddAdverPage.xml
2018-04-19 14:48:53,062 [main]---ã€å¹¿å‘Šä¸»åç§°ã€‘è¯†åˆ«æˆåŠŸ
2018-04-19 14:48:56,138 [main]---ç”¨ä¾‹æ‰§è¡Œå®Œæ¯•ï¼Œå…³é—­æµè§ˆå™¨
2018-04-19 14:49:17,458 [main]---å¯åŠ¨è°·æ­Œæµè§ˆå™¨
2018-04-19 14:49:17,860 [main]---LoginPageä½¿ç”¨å…ƒç´ æ–‡ä»¶xmlï¼šD:\Users\admin\workspace2\uiautotest\webelementinfos\LoginPage.xml
2018-04-19 14:49:19,205 [main]---æ‰“å¼€ç½‘å€ï¼šhttp://60.166.12.158:4077/login
2018-04-19 14:49:19,285 [main]---ã€ç”¨æˆ·åè¾“å…¥æ¡†ã€‘è¯†åˆ«æˆåŠŸ
2018-04-19 14:49:19,425 [main]---åœ¨ã€ç”¨æˆ·åè¾“å…¥æ¡†ã€‘ä¸­è¾“å…¥ admin
2018-04-19 14:49:19,445 [main]---ã€å¯†ç è¾“å…¥æ¡†ã€‘è¯†åˆ«æˆåŠŸ
2018-04-19 14:49:19,552 [main]---åœ¨ã€å¯†ç è¾“å…¥æ¡†ã€‘ä¸­è¾“å…¥ Xylx1.T
2018-04-19 14:49:19,577 [main]---ã€éªŒè¯ç å›¾ç‰‡ã€‘è¯†åˆ«æˆåŠŸ
2018-04-19 14:49:19,757 [main]---éªŒè¯ç å›¾ç‰‡æˆªå›¾ä¿å­˜æˆåŠŸï¼štessdata\vrCodeImage\codeImage.png
2018-04-19 14:49:19,758 [main]---tessdata\vrCodeImage\codeImage.png
2018-04-19 14:49:20,831 [main]---doOCRéªŒè¯ç è¯†åˆ«ç»“æœ:M
2018-04-19 14:49:21,850 [main]---ã€éªŒè¯å—è¾“å…¥æ¡†ã€‘è¯†åˆ«æˆåŠŸ
2018-04-19 14:49:21,925 [main]---åœ¨ã€éªŒè¯å—è¾“å…¥æ¡†ã€‘ä¸­è¾“å…¥ M
2018-04-19 14:49:21,947 [main]---ã€ç™»å½•æŒ‰é’®ã€‘è¯†åˆ«æˆåŠŸ
2018-04-19 14:49:22,546 [main]---ç‚¹å‡»ã€ç™»å½•æŒ‰é’®ã€‘
2018-04-19 14:49:22,547 [main]---MainPageä½¿ç”¨å…ƒç´ æ–‡ä»¶xmlï¼šD:\Users\admin\workspace2\uiautotest\webelementinfos\MainPage.xml
2018-04-19 14:49:22,616 [main]---ã€æ¬¢è¿ç™»é™†ã€‘æš‚æœªæ‰¾åˆ°ï¼Œè½®è¯¢ä¸­...
2018-04-19 14:49:23,131 [main]---ã€æ¬¢è¿ç™»é™†ã€‘æš‚æœªæ‰¾åˆ°ï¼Œè½®è¯¢ä¸­...
2018-04-19 14:49:23,645 [main]---ã€æ¬¢è¿ç™»é™†ã€‘æš‚æœªæ‰¾åˆ°ï¼Œè½®è¯¢ä¸­...
2018-04-19 14:49:24,163 [main]---ã€æ¬¢è¿ç™»é™†ã€‘æš‚æœªæ‰¾åˆ°ï¼Œè½®è¯¢ä¸­...
2018-04-19 14:49:24,676 [main]---ã€æ¬¢è¿ç™»é™†ã€‘æš‚æœªæ‰¾åˆ°ï¼Œè½®è¯¢ä¸­...
2018-04-19 14:49:25,190 [main]---ã€æ¬¢è¿ç™»é™†ã€‘æš‚æœªæ‰¾åˆ°ï¼Œè½®è¯¢ä¸­...
2018-04-19 14:49:25,707 [main]---ã€æ¬¢è¿ç™»é™†ã€‘æš‚æœªæ‰¾åˆ°ï¼Œè½®è¯¢ä¸­...
2018-04-19 14:49:26,220 [main]---ã€æ¬¢è¿ç™»é™†ã€‘æš‚æœªæ‰¾åˆ°ï¼Œè½®è¯¢ä¸­...
2018-04-19 14:49:26,737 [main]---ã€æ¬¢è¿ç™»é™†ã€‘æš‚æœªæ‰¾åˆ°ï¼Œè½®è¯¢ä¸­...
2018-04-19 14:49:27,249 [main]---ã€æ¬¢è¿ç™»é™†ã€‘æš‚æœªæ‰¾åˆ°ï¼Œè½®è¯¢ä¸­...
2018-04-19 14:49:27,767 [main]---ã€æ¬¢è¿ç™»é™†ã€‘æš‚æœªæ‰¾åˆ°ï¼Œè½®è¯¢ä¸­...
2018-04-19 14:49:27,768 [main]---ã€æ¬¢è¿ç™»é™†ã€‘è¯†åˆ«å¤±è´¥ï¼šè¯†åˆ«è¶…æ—¶
2018-04-19 14:49:28,164 [main]---æˆªå›¾ä¿å­˜çš„è·¯å¾„ä¸º:D:\Users\admin\workspace2\uiautotest\screenshotimgs\error_2018_04_19_14_49_27.png
2018-04-19 14:49:28,169 [main]---æˆªå›¾æˆåŠŸï¼ï¼ï¼
2018-04-19 14:49:31,271 [main]---ç”¨ä¾‹æ‰§è¡Œå®Œæ¯•ï¼Œå…³é—­æµè§ˆå™¨
2018-04-19 14:51:56,861 [main]---å¯åŠ¨è°·æ­Œæµè§ˆå™¨
2018-04-19 14:51:57,287 [main]---LoginPageä½¿ç”¨å…ƒç´ æ–‡ä»¶xmlï¼šD:\Users\admin\workspace2\uiautotest\webelementinfos\LoginPage.xml
2018-04-19 14:51:58,546 [main]---æ‰“å¼€ç½‘å€ï¼šhttp://60.166.12.158:4077/login
2018-04-19 14:51:58,615 [main]---ã€ç”¨æˆ·åè¾“å…¥æ¡†ã€‘è¯†åˆ«æˆåŠŸ
2018-04-19 14:51:58,783 [main]---åœ¨ã€ç”¨æˆ·åè¾“å…¥æ¡†ã€‘ä¸­è¾“å…¥ admin
2018-04-19 14:51:58,806 [main]---ã€å¯†ç è¾“å…¥æ¡†ã€‘è¯†åˆ«æˆåŠŸ
2018-04-19 14:51:58,926 [main]---åœ¨ã€å¯†ç è¾“å…¥æ¡†ã€‘ä¸­è¾“å…¥ Xylx1.T
2018-04-19 14:51:58,950 [main]---ã€éªŒè¯ç å›¾ç‰‡ã€‘è¯†åˆ«æˆåŠŸ
2018-04-19 14:51:59,131 [main]---éªŒè¯ç å›¾ç‰‡æˆªå›¾ä¿å­˜æˆåŠŸï¼štessdata\vrCodeImage\codeImage.png
2018-04-19 14:51:59,132 [main]---tessdata\vrCodeImage\codeImage.png
2018-04-19 14:52:00,219 [main]---doOCRéªŒè¯ç è¯†åˆ«ç»“æœ:
2018-04-19 14:52:01,242 [main]---ã€éªŒè¯å—è¾“å…¥æ¡†ã€‘è¯†åˆ«æˆåŠŸ
2018-04-19 14:52:01,306 [main]---åœ¨ã€éªŒè¯å—è¾“å…¥æ¡†ã€‘ä¸­è¾“å…¥ 
2018-04-19 14:52:01,334 [main]---ã€ç™»å½•æŒ‰é’®ã€‘è¯†åˆ«æˆåŠŸ
2018-04-19 14:52:01,435 [main]---ç‚¹å‡»ã€ç™»å½•æŒ‰é’®ã€‘
2018-04-19 14:52:01,437 [main]---MainPageä½¿ç”¨å…ƒç´ æ–‡ä»¶xmlï¼šD:\Users\admin\workspace2\uiautotest\webelementinfos\MainPage.xml
2018-04-19 14:52:01,496 [main]---ã€æ¬¢è¿ç™»é™†ã€‘æš‚æœªæ‰¾åˆ°ï¼Œè½®è¯¢ä¸­...
2018-04-19 14:52:02,012 [main]---ã€æ¬¢è¿ç™»é™†ã€‘æš‚æœªæ‰¾åˆ°ï¼Œè½®è¯¢ä¸­...
2018-04-19 14:52:02,525 [main]---ã€æ¬¢è¿ç™»é™†ã€‘æš‚æœªæ‰¾åˆ°ï¼Œè½®è¯¢ä¸­...
2018-04-19 14:52:03,041 [main]---ã€æ¬¢è¿ç™»é™†ã€‘æš‚æœªæ‰¾åˆ°ï¼Œè½®è¯¢ä¸­...
2018-04-19 14:52:03,556 [main]---ã€æ¬¢è¿ç™»é™†ã€‘æš‚æœªæ‰¾åˆ°ï¼Œè½®è¯¢ä¸­...
2018-04-19 14:52:04,072 [main]---ã€æ¬¢è¿ç™»é™†ã€‘æš‚æœªæ‰¾åˆ°ï¼Œè½®è¯¢ä¸­...
2018-04-19 14:52:04,589 [main]---ã€æ¬¢è¿ç™»é™†ã€‘æš‚æœªæ‰¾åˆ°ï¼Œè½®è¯¢ä¸­...
2018-04-19 14:52:05,104 [main]---ã€æ¬¢è¿ç™»é™†ã€‘æš‚æœªæ‰¾åˆ°ï¼Œè½®è¯¢ä¸­...
2018-04-19 14:52:05,619 [main]---ã€æ¬¢è¿ç™»é™†ã€‘æš‚æœªæ‰¾åˆ°ï¼Œè½®è¯¢ä¸­...
2018-04-19 14:52:06,132 [main]---ã€æ¬¢è¿ç™»é™†ã€‘æš‚æœªæ‰¾åˆ°ï¼Œè½®è¯¢ä¸­...
2018-04-19 14:52:06,646 [main]---ã€æ¬¢è¿ç™»é™†ã€‘æš‚æœªæ‰¾åˆ°ï¼Œè½®è¯¢ä¸­...
2018-04-19 14:52:06,648 [main]---ã€æ¬¢è¿ç™»é™†ã€‘è¯†åˆ«å¤±è´¥ï¼šè¯†åˆ«è¶…æ—¶
2018-04-19 14:52:07,031 [main]---æˆªå›¾ä¿å­˜çš„è·¯å¾„ä¸º:D:\Users\admin\workspace2\uiautotest\screenshotimgs\error_2018_04_19_14_52_06.png
2018-04-19 14:52:07,036 [main]---æˆªå›¾æˆåŠŸï¼ï¼ï¼
2018-04-19 14:52:10,214 [main]---ç”¨ä¾‹æ‰§è¡Œå®Œæ¯•ï¼Œå…³é—­æµè§ˆå™¨
