2018-04-25 09:22:18,601 [main]---测试初始化
2018-04-25 09:22:18,632 [main]---测试初始化
2018-04-25 09:22:22,816 [main]---实例化谷歌浏览器_ok
2018-04-25 09:22:23,117 [main]---【Login】测试用例开始执行
2018-04-25 09:22:23,128 [main]---【Login】测试用例开始执行
2018-04-25 09:22:23,139 [main]---LoginPage使用元素文件xml：webElementInfos\LoginPage.xml
2018-04-25 09:22:25,616 [main]---打开网址：http://60.166.12.158:4077/login
2018-04-25 09:22:26,793 [main]---MainPage使用元素文件xml：webElementInfos\MainPage.xml
2018-04-25 09:22:26,833 [main]---【欢迎登陆】识别成功
2018-04-25 09:22:26,836 [main]---【Login】测试用例执行成功
2018-04-25 09:22:26,837 [main]---【Login】测试用例执行成功
2018-04-25 09:22:26,839 [main]---【createAdver】测试用例开始执行
2018-04-25 09:22:26,841 [main]---【createAdver】测试用例开始执行
2018-04-25 09:22:26,842 [main]---MainPage使用元素文件xml：webElementInfos\MainPage.xml
2018-04-25 09:22:26,871 [main]---【投放管理模块】识别成功
2018-04-25 09:22:26,940 [main]---点击【投放管理模块】
2018-04-25 09:22:26,975 [main]---【广告主管理】识别成功
2018-04-25 09:22:27,840 [main]---点击【广告主管理】
2018-04-25 09:22:27,866 [main]---【新增广告主】识别成功
2018-04-25 09:22:29,608 [main]---点击【新增广告主】
2018-04-25 09:22:29,610 [main]---AddAdverPage使用元素文件xml：webElementInfos\AddAdverPage.xml
2018-04-25 09:22:29,633 [main]---【广告主名称】识别成功
2018-04-25 09:22:29,633 [main]---【createAdver】测试用例执行成功
2018-04-25 09:22:29,634 [main]---【createAdver】测试用例执行成功
2018-04-25 09:22:29,635 [main]---测试执行完毕
2018-04-25 09:22:29,636 [main]---测试执行完毕
2018-04-25 09:22:32,720 [main]---用例执行完毕，关闭浏览器
