2018-04-11 17:30:06,948 [main]---在元素【验证吗输入框】中输入 oiaf
2018-04-11 17:30:06,975 [main]---元素【登录按钮】识别成功
2018-04-11 17:30:08,356 [main]---点击元素【登录按钮】
2018-04-11 17:30:08,357 [main]---MainPage_adx使用元素文件xml：D:\Users\admin\workspace2\uiautotest\webelementinfos\MainPage_adx.xml
2018-04-11 17:30:08,378 [main]---元素【欢迎登陆】识别成功
2018-04-11 17:30:08,380 [main]---【Login】测试用例执行成功
2018-04-11 17:30:08,382 [main]---【createAdver】测试用例开始执行
2018-04-11 17:30:08,383 [main]---MainPage_adx使用元素文件xml：D:\Users\admin\workspace2\uiautotest\webelementinfos\MainPage_adx.xml
2018-04-11 17:30:08,410 [main]---元素【投放管理模块】识别成功
2018-04-11 17:30:08,477 [main]---点击元素【投放管理模块】
2018-04-11 17:30:08,515 [main]---元素【广告主管理】识别成功
2018-04-11 17:30:09,163 [main]---点击元素【广告主管理】
2018-04-11 17:30:09,182 [main]---元素【新增广告主】识别成功
2018-04-11 17:30:10,626 [main]---点击元素【新增广告主】
2018-04-11 17:30:10,627 [main]---AddAdverPage_adx使用元素文件xml：D:\Users\admin\workspace2\uiautotest\webelementinfos\AddAdverPage_adx.xml
2018-04-11 17:30:10,648 [main]---元素【广告主名称】识别成功
2018-04-11 17:30:10,650 [main]---【createAdver】测试用例执行成功
2018-04-11 17:30:10,673 [main]---测试执行完毕
2018-04-11 17:30:13,788 [main]---用例执行完毕，关闭浏览器
2018-04-11 19:16:26,103 [main]---启动谷歌浏览器
2018-04-11 19:16:26,419 [main]---测试初始化
2018-04-11 19:16:26,423 [main]---one:3
2018-04-11 19:16:26,425 [main]---two:-1
2018-04-11 19:16:26,448 [main]---【检查点检查失败】  [实际]：-1　[预期]：3
2018-04-11 19:16:26,489 [main]---【f2】测试用例被跳过
2018-04-11 19:16:26,493 [main]---【Login】测试用例被跳过
2018-04-11 19:16:26,496 [main]---【createAdver】测试用例被跳过
2018-04-11 19:16:26,534 [main]---测试执行完毕
2018-04-11 19:16:29,690 [main]---用例执行完毕，关闭浏览器
2018-04-11 19:49:49,239 [main]---one:3
2018-04-11 19:49:49,243 [main]---two:-1
2018-04-11 19:49:49,247 [main]---【检查点检查失败】  [实际]：-1　[预期]：3
