2018-04-11 17:25:52,619 [main]---测试类：'com.uiframe.testng.TestngRetry' 中的测试方法：'Login' 执行失败，重试第 2 次
2018-04-11 17:25:52,627 [main]---【Login】测试用例被跳过
2018-04-11 17:25:52,628 [main]---【Login】测试用例开始执行
2018-04-11 17:25:52,628 [main]---LoginPage_adx使用元素文件xml：D:\Users\admin\workspace2\uiautotest\webelementinfos\LoginPage_adx.xml
2018-04-11 17:25:53,102 [main]---打开网址：http://60.166.12.158:4077/login
2018-04-11 17:25:53,124 [main]---元素【用户名输入框】识别成功
2018-04-11 17:25:53,199 [main]---在元素【用户名输入框】中输入 admin
2018-04-11 17:25:53,214 [main]---元素【密码输入框】识别成功
2018-04-11 17:25:53,295 [main]---在元素【密码输入框】中输入 Xylx1.T
2018-04-11 17:25:53,309 [main]---元素【验证码图片】识别成功
2018-04-11 17:25:53,358 [main]---验证码图片截图保存成功：tessdata\vrCodeImage\codeImage.png
2018-04-11 17:25:53,358 [main]---tessdata\vrCodeImage\codeImage.png
2018-04-11 17:25:53,678 [main]---doOCR验证码识别结果:auger
2018-04-11 17:25:54,692 [main]---元素【验证吗输入框】识别成功
2018-04-11 17:25:54,774 [main]---在元素【验证吗输入框】中输入 auger
2018-04-11 17:25:54,787 [main]---元素【登录按钮】识别成功
2018-04-11 17:25:55,313 [main]---点击元素【登录按钮】
2018-04-11 17:25:55,314 [main]---MainPage_adx使用元素文件xml：D:\Users\admin\workspace2\uiautotest\webelementinfos\MainPage_adx.xml
2018-04-11 17:25:55,339 [main]---元素【欢迎登陆】识别不成功
2018-04-11 17:25:55,654 [main]---截图保存的路径为:D:\Users\admin\workspace2\uiautotest\screenshotimgs\error_2018_04_11_17_25_55.png
2018-04-11 17:25:55,659 [main]---截图成功！！！
2018-04-11 17:25:55,662 [main]---【Login】测试用例执行失败
2018-04-11 17:25:55,664 [main]---【createAdver】测试用例开始执行
2018-04-11 17:25:55,666 [main]---MainPage_adx使用元素文件xml：D:\Users\admin\workspace2\uiautotest\webelementinfos\MainPage_adx.xml
2018-04-11 17:25:55,710 [main]---元素【投放管理模块】识别不成功
2018-04-11 17:25:55,985 [main]---截图保存的路径为:D:\Users\admin\workspace2\uiautotest\screenshotimgs\error_2018_04_11_17_25_55.png
2018-04-11 17:25:55,989 [main]---截图成功！！！
2018-04-11 17:25:55,989 [main]---测试类：'com.uiframe.testng.TestngRetry' 中的测试方法：'createAdver' 执行失败，重试第 1 次
2018-04-11 17:25:55,991 [main]---【createAdver】测试用例被跳过
2018-04-11 17:25:55,993 [main]---【createAdver】测试用例开始执行
2018-04-11 17:25:55,993 [main]---MainPage_adx使用元素文件xml：D:\Users\admin\workspace2\uiautotest\webelementinfos\MainPage_adx.xml
2018-04-11 17:25:56,015 [main]---元素【投放管理模块】识别不成功
2018-04-11 17:25:56,289 [main]---截图保存的路径为:D:\Users\admin\workspace2\uiautotest\screenshotimgs\error_2018_04_11_17_25_56.png
2018-04-11 17:25:56,301 [main]---截图成功！！！
2018-04-11 17:25:56,302 [main]---测试类：'com.uiframe.testng.TestngRetry' 中的测试方法：'createAdver' 执行失败，重试第 2 次
2018-04-11 17:25:56,304 [main]---【createAdver】测试用例被跳过
2018-04-11 17:25:56,306 [main]---【createAdver】测试用例开始执行
2018-04-11 17:25:56,306 [main]---MainPage_adx使用元素文件xml：D:\Users\admin\workspace2\uiautotest\webelementinfos\MainPage_adx.xml
