2018-04-11 17:26:48,753 [main]---点击元素【登录按钮】
2018-04-11 17:26:48,801 [main]---MainPage_adx使用元素文件xml：D:\Users\admin\workspace2\uiautotest\webelementinfos\MainPage_adx.xml
2018-04-11 17:26:48,821 [main]---元素【欢迎登陆】识别成功
2018-04-11 17:26:48,822 [main]---【Login】测试用例执行成功
2018-04-11 17:26:48,825 [main]---【createAdver】测试用例开始执行
2018-04-11 17:26:48,826 [main]---MainPage_adx使用元素文件xml：D:\Users\admin\workspace2\uiautotest\webelementinfos\MainPage_adx.xml
2018-04-11 17:26:48,854 [main]---元素【投放管理模块】识别成功
2018-04-11 17:26:48,920 [main]---点击元素【投放管理模块】
2018-04-11 17:26:48,952 [main]---元素【广告主管理】识别成功
2018-04-11 17:26:49,601 [main]---点击元素【广告主管理】
2018-04-11 17:26:49,620 [main]---元素【新增广告主】识别成功
2018-04-11 17:26:50,942 [main]---点击元素【新增广告主】
2018-04-11 17:26:50,943 [main]---AddAdverPage_adx使用元素文件xml：D:\Users\admin\workspace2\uiautotest\webelementinfos\AddAdverPage_adx.xml
2018-04-11 17:26:50,973 [main]---元素【广告主名称】识别成功
2018-04-11 17:26:50,974 [main]---【createAdver】测试用例执行成功
2018-04-11 17:26:51,004 [main]---测试执行完毕
2018-04-11 17:26:54,099 [main]---用例执行完毕，关闭浏览器
2018-04-11 17:28:02,449 [main]---启动谷歌浏览器
2018-04-11 17:28:02,818 [main]---测试初始化
2018-04-11 17:28:02,834 [main]---【Login】测试用例开始执行
2018-04-11 17:28:02,846 [main]---LoginPage_adx使用元素文件xml：D:\Users\admin\workspace2\uiautotest\webelementinfos\LoginPage_adx.xml
2018-04-11 17:28:04,397 [main]---打开网址：http://60.166.12.158:4077/login
2018-04-11 17:28:04,454 [main]---元素【用户名输入框】识别成功
2018-04-11 17:28:04,569 [main]---在元素【用户名输入框】中输入 admin
2018-04-11 17:28:04,599 [main]---元素【密码输入框】识别成功
2018-04-11 17:28:04,685 [main]---在元素【密码输入框】中输入 Xylx1.T
2018-04-11 17:28:04,708 [main]---元素【验证码图片】识别成功
2018-04-11 17:28:04,861 [main]---验证码图片截图保存成功：tessdata\vrCodeImage\codeImage.png
2018-04-11 17:28:04,862 [main]---tessdata\vrCodeImage\codeImage.png
2018-04-11 17:28:05,705 [main]---doOCR验证码识别结果:uyato
2018-04-11 17:28:06,726 [main]---元素【验证吗输入框】识别成功
2018-04-11 17:28:06,803 [main]---在元素【验证吗输入框】中输入 uyato
2018-04-11 17:28:06,829 [main]---元素【登录按钮】识别成功
2018-04-11 17:28:08,286 [main]---点击元素【登录按钮】
2018-04-11 17:28:08,287 [main]---MainPage_adx使用元素文件xml：D:\Users\admin\workspace2\uiautotest\webelementinfos\MainPage_adx.xml
2018-04-11 17:28:08,318 [main]---元素【欢迎登陆】识别成功
2018-04-11 17:28:08,320 [main]---【Login】测试用例执行成功
2018-04-11 17:28:08,322 [main]---【createAdver】测试用例开始执行
2018-04-11 17:28:08,323 [main]---MainPage_adx使用元素文件xml：D:\Users\admin\workspace2\uiautotest\webelementinfos\MainPage_adx.xml
2018-04-11 17:28:08,362 [main]---元素【投放管理模块】识别成功
2018-04-11 17:28:08,426 [main]---点击元素【投放管理模块】
2018-04-11 17:28:08,469 [main]---元素【广告主管理】识别成功
2018-04-11 17:28:09,241 [main]---点击元素【广告主管理】
