2018-04-23 15:44:19,932 [main]---实例化谷歌浏览器_ok
2018-04-23 15:44:20,355 [main]---LoginPage使用元素文件xml：webElementInfos\LoginPage.xml
2018-04-23 15:44:22,116 [main]---打开网址：http://60.166.12.158:4077/login
2018-04-23 15:44:22,533 [main]---MainPage使用元素文件xml：webElementInfos\MainPage.xml
2018-04-23 15:44:22,686 [main]---【欢迎登陆】暂未找到，轮询中...
2018-04-23 15:44:23,200 [main]---【欢迎登陆】暂未找到，轮询中...
2018-04-23 15:44:23,713 [main]---【欢迎登陆】暂未找到，轮询中...
2018-04-23 15:44:24,225 [main]---【欢迎登陆】暂未找到，轮询中...
2018-04-23 15:44:24,738 [main]---【欢迎登陆】暂未找到，轮询中...
2018-04-23 15:44:25,252 [main]---【欢迎登陆】暂未找到，轮询中...
2018-04-23 15:44:25,764 [main]---【欢迎登陆】暂未找到，轮询中...
2018-04-23 15:44:26,279 [main]---【欢迎登陆】暂未找到，轮询中...
2018-04-23 15:44:26,795 [main]---【欢迎登陆】暂未找到，轮询中...
2018-04-23 15:44:27,307 [main]---【欢迎登陆】暂未找到，轮询中...
2018-04-23 15:44:27,820 [main]---【欢迎登陆】暂未找到，轮询中...
2018-04-23 15:44:27,821 [main]---【欢迎登陆】识别失败：识别超时
2018-04-23 15:44:28,206 [main]---截图保存的路径为:screenshotImgs\error_2018_04_23_15_44_27.png
2018-04-23 15:44:28,235 [main]---截图成功！！！
2018-04-23 15:44:31,378 [main]---用例执行完毕，关闭浏览器
2018-04-23 15:48:05,459 [main]---实例化谷歌浏览器_ok
2018-04-23 15:48:05,723 [main]---LoginPage使用元素文件xml：webElementInfos\LoginPage.xml
2018-04-23 15:48:07,448 [main]---打开网址：http://60.166.12.158:4077/login
2018-04-23 15:48:08,545 [main]---MainPage使用元素文件xml：webElementInfos\MainPage.xml
2018-04-23 15:48:08,576 [main]---【欢迎登陆】识别成功
2018-04-23 15:48:08,584 [main]---MainPage使用元素文件xml：webElementInfos\MainPage.xml
2018-04-23 15:48:08,610 [main]---【投放管理模块】识别成功
2018-04-23 15:48:08,719 [main]---点击【投放管理模块】
2018-04-23 15:48:08,745 [main]---【广告主管理】识别成功
2018-04-23 15:48:09,520 [main]---点击【广告主管理】
2018-04-23 15:48:09,540 [main]---【新增广告主】识别成功
2018-04-23 15:48:10,810 [main]---点击【新增广告主】
2018-04-23 15:48:10,811 [main]---AddAdverPage使用元素文件xml：webElementInfos\AddAdverPage.xml
2018-04-23 15:48:10,835 [main]---【广告主名称】识别成功
2018-04-23 15:48:13,908 [main]---用例执行完毕，关闭浏览器
2018-04-23 15:50:13,580 [main]---实例化谷歌浏览器_ok
2018-04-23 15:50:13,828 [main]---LoginPage使用元素文件xml：webElementInfos\LoginPage.xml
2018-04-23 15:50:15,581 [main]---打开网址：http://60.166.12.158:4077/login
2018-04-23 15:50:16,711 [main]---MainPage使用元素文件xml：webElementInfos\MainPage.xml
2018-04-23 15:50:16,749 [main]---【欢迎登陆】识别成功
2018-04-23 15:50:16,758 [main]---MainPage使用元素文件xml：webElementInfos\MainPage.xml
2018-04-23 15:50:16,784 [main]---【投放管理模块】识别成功
2018-04-23 15:50:16,844 [main]---点击【投放管理模块】
2018-04-23 15:50:16,867 [main]---【广告主管理】识别成功
2018-04-23 15:50:17,887 [main]---点击【广告主管理】
2018-04-23 15:50:17,909 [main]---【新增广告主】识别成功
2018-04-23 15:50:19,221 [main]---点击【新增广告主】
2018-04-23 15:50:19,222 [main]---AddAdverPage使用元素文件xml：webElementInfos\AddAdverPage.xml
2018-04-23 15:50:19,244 [main]---【广告主名称】识别成功
2018-04-23 15:50:24,326 [main]---用例执行完毕，关闭浏览器
2018-04-23 15:53:17,301 [main]---ʵȸ_ok
2018-04-23 15:53:17,520 [main]---Գʼ
2018-04-23 15:53:17,527 [main]---Loginʼִ
2018-04-23 15:53:17,540 [main]---LoginPageʹԪļxmlwebElementInfos\LoginPage.xml
2018-04-23 15:53:19,654 [main]---ַhttp://60.166.12.158:4077/login
2018-04-23 15:53:19,710 [main]---ûʶɹ
2018-04-23 15:53:19,902 [main]---ڡû admin
2018-04-23 15:53:19,926 [main]---ʶɹ
2018-04-23 15:53:20,016 [main]---ڡ Xylx1.T
2018-04-23 15:53:20,037 [main]---֤ͼƬʶɹ
2018-04-23 15:53:20,202 [main]---֤ͼƬͼɹtessdata\vrCodeImage\codeImage.png
2018-04-23 15:53:20,202 [main]---tessdata\vrCodeImage\codeImage.png
2018-04-23 15:53:22,073 [main]---doOCR֤ʶ:
2018-04-23 15:53:23,093 [main]---֤ʶɹ
2018-04-23 15:53:23,131 [main]---ڡ֤ 
2018-04-23 15:53:23,150 [main]---¼ťʶɹ
2018-04-23 15:53:23,215 [main]---¼ť
2018-04-23 15:53:23,216 [main]---MainPageʹԪļxmlwebElementInfos\MainPage.xml
2018-04-23 15:53:23,280 [main]---ӭ½δҵѯ...
2018-04-23 15:53:23,792 [main]---ӭ½δҵѯ...
2018-04-23 15:53:24,304 [main]---ӭ½δҵѯ...
2018-04-23 15:53:24,817 [main]---ӭ½δҵѯ...
2018-04-23 15:53:25,329 [main]---ӭ½δҵѯ...
2018-04-23 15:53:25,841 [main]---ӭ½δҵѯ...
2018-04-23 15:53:26,354 [main]---ӭ½δҵѯ...
2018-04-23 15:53:26,866 [main]---ӭ½δҵѯ...
2018-04-23 15:53:27,378 [main]---ӭ½δҵѯ...
2018-04-23 15:53:27,891 [main]---ӭ½δҵѯ...
2018-04-23 15:53:28,403 [main]---ӭ½δҵѯ...
2018-04-23 15:53:28,405 [main]---ӭ½ʶʧܣʶʱ
2018-04-23 15:53:28,652 [main]---ͼ·Ϊ:screenshotImgs\error_2018_04_23_15_53_28.png
2018-04-23 15:53:28,674 [main]---ͼɹ
2018-04-23 15:53:28,678 [main]---ࣺ'com.uiframe.testng.TestngRetry' еĲԷ'Login' ִʧܣԵ 1 
2018-04-23 15:53:28,679 [main]---Login
2018-04-23 15:53:28,680 [main]---Loginʼִ
2018-04-23 15:53:28,680 [main]---LoginPageʹԪļxmlwebElementInfos\LoginPage.xml
2018-04-23 15:53:29,180 [main]---ַhttp://60.166.12.158:4077/login
2018-04-23 15:53:29,194 [main]---ûʶɹ
2018-04-23 15:53:29,254 [main]---ڡû admin
2018-04-23 15:53:29,265 [main]---ʶɹ
2018-04-23 15:53:29,341 [main]---ڡ Xylx1.T
2018-04-23 15:53:29,351 [main]---֤ͼƬʶɹ
2018-04-23 15:53:29,385 [main]---֤ͼƬͼɹtessdata\vrCodeImage\codeImage.png
2018-04-23 15:53:29,385 [main]---tessdata\vrCodeImage\codeImage.png
2018-04-23 15:53:29,547 [main]---doOCR֤ʶ:
2018-04-23 15:53:30,557 [main]---֤ʶɹ
2018-04-23 15:53:30,595 [main]---ڡ֤ 
2018-04-23 15:53:30,606 [main]---¼ťʶɹ
2018-04-23 15:53:30,665 [main]---¼ť
2018-04-23 15:53:30,666 [main]---MainPageʹԪļxmlwebElementInfos\MainPage.xml
2018-04-23 15:53:30,681 [main]---ӭ½δҵѯ...
2018-04-23 15:53:31,194 [main]---ӭ½δҵѯ...
2018-04-23 15:53:31,706 [main]---ӭ½δҵѯ...
2018-04-23 15:53:32,217 [main]---ӭ½δҵѯ...
2018-04-23 15:53:32,733 [main]---ӭ½δҵѯ...
2018-04-23 15:53:33,245 [main]---ӭ½δҵѯ...
2018-04-23 15:53:33,758 [main]---ӭ½δҵѯ...
2018-04-23 15:53:34,271 [main]---ӭ½δҵѯ...
2018-04-23 15:53:34,782 [main]---ӭ½δҵѯ...
2018-04-23 15:53:35,294 [main]---ӭ½δҵѯ...
2018-04-23 15:53:35,806 [main]---ӭ½δҵѯ...
2018-04-23 15:53:35,806 [main]---ӭ½ʶʧܣʶʱ
2018-04-23 15:53:36,048 [main]---ͼ·Ϊ:screenshotImgs\error_2018_04_23_15_53_35.png
2018-04-23 15:53:36,051 [main]---ͼɹ
2018-04-23 15:53:36,052 [main]---ࣺ'com.uiframe.testng.TestngRetry' еĲԷ'Login' ִʧܣԵ 2 
2018-04-23 15:53:36,052 [main]---Login
2018-04-23 15:53:36,053 [main]---Loginʼִ
2018-04-23 15:53:36,053 [main]---LoginPageʹԪļxmlwebElementInfos\LoginPage.xml
2018-04-23 15:53:36,388 [main]---ַhttp://60.166.12.158:4077/login
2018-04-23 15:53:36,400 [main]---ûʶɹ
2018-04-23 15:53:36,460 [main]---ڡû admin
2018-04-23 15:53:36,474 [main]---ʶɹ
2018-04-23 15:53:36,548 [main]---ڡ Xylx1.T
2018-04-23 15:53:36,557 [main]---֤ͼƬʶɹ
2018-04-23 15:53:36,595 [main]---֤ͼƬͼɹtessdata\vrCodeImage\codeImage.png
2018-04-23 15:53:36,595 [main]---tessdata\vrCodeImage\codeImage.png
2018-04-23 15:53:36,752 [main]---doOCR֤ʶ:
2018-04-23 15:53:37,763 [main]---֤ʶɹ
2018-04-23 15:53:37,801 [main]---ڡ֤ 
2018-04-23 15:53:37,812 [main]---¼ťʶɹ
2018-04-23 15:53:37,868 [main]---¼ť
2018-04-23 15:53:37,869 [main]---MainPageʹԪļxmlwebElementInfos\MainPage.xml
2018-04-23 15:53:37,883 [main]---ӭ½δҵѯ...
2018-04-23 15:53:38,396 [main]---ӭ½δҵѯ...
2018-04-23 15:53:38,906 [main]---ӭ½δҵѯ...
2018-04-23 15:53:39,418 [main]---ӭ½δҵѯ...
2018-04-23 15:53:39,931 [main]---ӭ½δҵѯ...
2018-04-23 15:53:40,442 [main]---ӭ½δҵѯ...
2018-04-23 15:53:40,954 [main]---ӭ½δҵѯ...
2018-04-23 15:53:41,467 [main]---ӭ½δҵѯ...
2018-04-23 15:53:41,979 [main]---ӭ½δҵѯ...
2018-04-23 15:53:42,493 [main]---ӭ½δҵѯ...
2018-04-23 15:53:43,005 [main]---ӭ½δҵѯ...
2018-04-23 15:53:43,005 [main]---ӭ½ʶʧܣʶʱ
2018-04-23 15:53:43,255 [main]---ͼ·Ϊ:screenshotImgs\error_2018_04_23_15_53_43.png
2018-04-23 15:53:43,259 [main]---ͼɹ
2018-04-23 15:53:43,303 [main]---Loginִʧ
2018-04-23 15:53:43,305 [main]---createAdver
2018-04-23 15:53:43,357 [main]---ִ
2018-04-23 15:53:46,397 [main]---ִϣر
2018-04-23 15:57:22,063 [main]---ʵȸ_ok
2018-04-23 15:57:22,327 [main]---Գʼ
2018-04-23 15:57:22,335 [main]---Loginʼִ
2018-04-23 15:57:22,348 [main]---LoginPageʹԪļxmlwebElementInfos\LoginPage.xml
2018-04-23 15:57:23,939 [main]---ַhttp://60.166.12.158:4077/login
2018-04-23 15:57:23,968 [main]---ûʶɹ
2018-04-23 15:57:24,047 [main]---ڡû admin
2018-04-23 15:57:24,064 [main]---ʶɹ
2018-04-23 15:57:24,133 [main]---ڡ Xylx1.T
2018-04-23 15:57:24,152 [main]---֤ͼƬʶɹ
2018-04-23 15:57:24,267 [main]---֤ͼƬͼɹtessdata\vrCodeImage\codeImage.png
2018-04-23 15:57:24,267 [main]---tessdata\vrCodeImage\codeImage.png
2018-04-23 15:57:25,429 [main]---doOCR֤ʶ:
2018-04-23 15:57:26,448 [main]---֤ʶɹ
2018-04-23 15:57:26,484 [main]---ڡ֤ 
2018-04-23 15:57:26,502 [main]---¼ťʶɹ
2018-04-23 15:57:26,562 [main]---¼ť
2018-04-23 15:57:26,563 [main]---MainPageʹԪļxmlwebElementInfos\MainPage.xml
2018-04-23 15:57:26,599 [main]---ӭ½δҵѯ...
2018-04-23 15:57:27,113 [main]---ӭ½δҵѯ...
2018-04-23 15:57:27,625 [main]---ӭ½δҵѯ...
2018-04-23 15:57:28,136 [main]---ӭ½δҵѯ...
2018-04-23 15:57:28,648 [main]---ӭ½δҵѯ...
2018-04-23 15:57:29,159 [main]---ӭ½δҵѯ...
2018-04-23 15:57:29,671 [main]---ӭ½δҵѯ...
2018-04-23 15:57:30,184 [main]---ӭ½δҵѯ...
2018-04-23 15:57:30,696 [main]---ӭ½δҵѯ...
2018-04-23 15:57:31,209 [main]---ӭ½δҵѯ...
2018-04-23 15:57:31,720 [main]---ӭ½δҵѯ...
2018-04-23 15:57:31,722 [main]---ӭ½ʶʧܣʶʱ
2018-04-23 15:57:31,969 [main]---ͼ·Ϊ:screenshotImgs\error_2018_04_23_15_57_31.png
2018-04-23 15:57:31,974 [main]---ͼɹ
2018-04-23 15:57:31,977 [main]---ࣺ'com.uiframe.testng.TestngRetry' еĲԷ'Login' ִʧܣԵ 1 
2018-04-23 15:57:31,978 [main]---Login
2018-04-23 15:57:31,979 [main]---Loginʼִ
2018-04-23 15:57:31,979 [main]---LoginPageʹԪļxmlwebElementInfos\LoginPage.xml
2018-04-23 15:57:32,489 [main]---ַhttp://60.166.12.158:4077/login
2018-04-23 15:57:32,504 [main]---ûʶɹ
2018-04-23 15:57:32,563 [main]---ڡû admin
2018-04-23 15:57:32,574 [main]---ʶɹ
2018-04-23 15:57:32,656 [main]---ڡ Xylx1.T
2018-04-23 15:57:32,665 [main]---֤ͼƬʶɹ
2018-04-23 15:57:32,700 [main]---֤ͼƬͼɹtessdata\vrCodeImage\codeImage.png
2018-04-23 15:57:32,700 [main]---tessdata\vrCodeImage\codeImage.png
2018-04-23 15:57:32,858 [main]---doOCR֤ʶ:
2018-04-23 15:57:33,869 [main]---֤ʶɹ
2018-04-23 15:57:33,907 [main]---ڡ֤ 
2018-04-23 15:57:33,919 [main]---¼ťʶɹ
2018-04-23 15:57:33,974 [main]---¼ť
2018-04-23 15:57:33,975 [main]---MainPageʹԪļxmlwebElementInfos\MainPage.xml
2018-04-23 15:57:33,990 [main]---ӭ½δҵѯ...
2018-04-23 15:57:34,501 [main]---ӭ½δҵѯ...
2018-04-23 15:57:35,016 [main]---ӭ½δҵѯ...
2018-04-23 15:57:35,528 [main]---ӭ½δҵѯ...
2018-04-23 15:57:36,042 [main]---ӭ½δҵѯ...
2018-04-23 15:57:36,555 [main]---ӭ½δҵѯ...
2018-04-23 15:57:37,066 [main]---ӭ½δҵѯ...
2018-04-23 15:57:37,578 [main]---ӭ½δҵѯ...
2018-04-23 15:57:38,090 [main]---ӭ½δҵѯ...
2018-04-23 15:57:38,601 [main]---ӭ½δҵѯ...
2018-04-23 15:57:39,116 [main]---ӭ½δҵѯ...
2018-04-23 15:57:39,116 [main]---ӭ½ʶʧܣʶʱ
2018-04-23 15:57:39,361 [main]---ͼ·Ϊ:screenshotImgs\error_2018_04_23_15_57_39.png
2018-04-23 15:57:39,363 [main]---ͼɹ
2018-04-23 15:57:39,363 [main]---ࣺ'com.uiframe.testng.TestngRetry' еĲԷ'Login' ִʧܣԵ 2 
2018-04-23 15:57:39,364 [main]---Login
2018-04-23 15:57:39,364 [main]---Loginʼִ
2018-04-23 15:57:39,365 [main]---LoginPageʹԪļxmlwebElementInfos\LoginPage.xml
2018-04-23 15:57:39,720 [main]---ַhttp://60.166.12.158:4077/login
2018-04-23 15:57:39,730 [main]---ûʶɹ
2018-04-23 15:57:39,800 [main]---ڡû admin
2018-04-23 15:57:39,809 [main]---ʶɹ
2018-04-23 15:57:39,873 [main]---ڡ Xylx1.T
2018-04-23 15:57:39,883 [main]---֤ͼƬʶɹ
2018-04-23 15:57:39,917 [main]---֤ͼƬͼɹtessdata\vrCodeImage\codeImage.png
2018-04-23 15:57:39,917 [main]---tessdata\vrCodeImage\codeImage.png
2018-04-23 15:57:40,086 [main]---doOCR֤ʶ:
2018-04-23 15:57:41,097 [main]---֤ʶɹ
2018-04-23 15:57:41,137 [main]---ڡ֤ 
2018-04-23 15:57:41,148 [main]---¼ťʶɹ
2018-04-23 15:57:41,202 [main]---¼ť
2018-04-23 15:57:41,203 [main]---MainPageʹԪļxmlwebElementInfos\MainPage.xml
2018-04-23 15:57:41,217 [main]---ӭ½δҵѯ...
2018-04-23 15:57:41,729 [main]---ӭ½δҵѯ...
2018-04-23 15:57:42,242 [main]---ӭ½δҵѯ...
2018-04-23 15:57:42,753 [main]---ӭ½δҵѯ...
2018-04-23 15:57:43,266 [main]---ӭ½δҵѯ...
2018-04-23 15:57:43,777 [main]---ӭ½δҵѯ...
2018-04-23 15:57:44,288 [main]---ӭ½δҵѯ...
2018-04-23 15:57:44,801 [main]---ӭ½δҵѯ...
2018-04-23 15:57:45,313 [main]---ӭ½δҵѯ...
2018-04-23 15:57:45,824 [main]---ӭ½δҵѯ...
2018-04-23 15:57:46,336 [main]---ӭ½δҵѯ...
2018-04-23 15:57:46,337 [main]---ӭ½ʶʧܣʶʱ
2018-04-23 15:57:46,579 [main]---ͼ·Ϊ:screenshotImgs\error_2018_04_23_15_57_46.png
2018-04-23 15:57:46,582 [main]---ͼɹ
2018-04-23 15:57:46,590 [main]---Loginִʧ
2018-04-23 15:57:46,592 [main]---createAdver
2018-04-23 15:57:46,614 [main]---ִ
2018-04-23 15:57:49,653 [main]---ִϣر
2018-04-23 16:04:54,812 [main]---实例化谷歌浏览器_ok
2018-04-23 16:04:55,137 [main]---测试初始化
2018-04-23 16:04:55,140 [main]---测试初始化
2018-04-23 16:04:55,147 [main]---【Login】测试用例开始执行
2018-04-23 16:04:55,154 [main]---【Login】测试用例开始执行
2018-04-23 16:04:55,212 [main]---LoginPage使用元素文件xml：webElementInfos\LoginPage.xml
2018-04-23 16:04:56,369 [main]---打开网址：http://60.166.12.158:4077/login
2018-04-23 16:04:56,427 [main]---【用户名输入框】识别成功
2018-04-23 16:04:56,524 [main]---在【用户名输入框】中输入 admin
2018-04-23 16:04:56,541 [main]---【密码输入框】识别成功
2018-04-23 16:04:56,608 [main]---在【密码输入框】中输入 Xylx1.T
2018-04-23 16:04:56,626 [main]---【验证码图片】识别成功
2018-04-23 16:04:56,912 [main]---验证码图片截图保存成功：tessdata\vrCodeImage\codeImage.png
2018-04-23 16:04:56,913 [main]---tessdata\vrCodeImage\codeImage.png
2018-04-23 16:04:57,692 [main]---doOCR验证码识别结果:aque
2018-04-23 16:04:58,710 [main]---【验证吗输入框】识别成功
2018-04-23 16:04:58,778 [main]---在【验证吗输入框】中输入 aque
2018-04-23 16:04:58,799 [main]---【登录按钮】识别成功
2018-04-23 16:04:59,896 [main]---点击【登录按钮】
2018-04-23 16:04:59,897 [main]---MainPage使用元素文件xml：webElementInfos\MainPage.xml
2018-04-23 16:04:59,918 [main]---【欢迎登陆】识别成功
2018-04-23 16:04:59,920 [main]---【Login】测试用例执行成功
2018-04-23 16:04:59,922 [main]---【Login】测试用例执行成功
2018-04-23 16:04:59,926 [main]---【createAdver】测试用例开始执行
2018-04-23 16:04:59,928 [main]---【createAdver】测试用例开始执行
2018-04-23 16:04:59,930 [main]---MainPage使用元素文件xml：webElementInfos\MainPage.xml
2018-04-23 16:04:59,962 [main]---【投放管理模块】识别成功
2018-04-23 16:05:00,026 [main]---点击【投放管理模块】
2018-04-23 16:05:00,059 [main]---【广告主管理】识别成功
2018-04-23 16:05:00,956 [main]---点击【广告主管理】
2018-04-23 16:05:00,978 [main]---【新增广告主】识别成功
2018-04-23 16:05:02,864 [main]---点击【新增广告主】
2018-04-23 16:05:02,865 [main]---AddAdverPage使用元素文件xml：webElementInfos\AddAdverPage.xml
2018-04-23 16:05:02,887 [main]---【广告主名称】识别成功
2018-04-23 16:05:02,887 [main]---【createAdver】测试用例执行成功
2018-04-23 16:05:02,890 [main]---【createAdver】测试用例执行成功
2018-04-23 16:05:02,891 [main]---测试执行完毕
2018-04-23 16:05:02,892 [main]---测试执行完毕
2018-04-23 16:05:05,968 [main]---用例执行完毕，关闭浏览器
2018-04-23 16:06:56,156 [main]---实例化谷歌浏览器_ok
2018-04-23 16:06:56,384 [main]---测试初始化
2018-04-23 16:06:56,386 [main]---测试初始化
2018-04-23 16:06:58,348 [main]---实例化谷歌浏览器_ok
2018-04-23 16:06:58,369 [main]---【Login】测试用例开始执行
2018-04-23 16:06:58,382 [main]---【Login】测试用例开始执行
2018-04-23 16:06:58,399 [main]---LoginPage使用元素文件xml：webElementInfos\LoginPage.xml
2018-04-23 16:06:59,777 [main]---打开网址：http://60.166.12.158:4077/login
2018-04-23 16:07:00,848 [main]---MainPage使用元素文件xml：webElementInfos\MainPage.xml
2018-04-23 16:07:00,885 [main]---【欢迎登陆】识别成功
2018-04-23 16:07:00,888 [main]---【Login】测试用例执行成功
2018-04-23 16:07:00,889 [main]---【Login】测试用例执行成功
2018-04-23 16:07:00,891 [main]---【createAdver】测试用例开始执行
2018-04-23 16:07:00,894 [main]---【createAdver】测试用例开始执行
2018-04-23 16:07:00,895 [main]---MainPage使用元素文件xml：webElementInfos\MainPage.xml
2018-04-23 16:07:00,921 [main]---【投放管理模块】识别成功
2018-04-23 16:07:00,989 [main]---点击【投放管理模块】
2018-04-23 16:07:01,016 [main]---【广告主管理】识别成功
2018-04-23 16:07:01,949 [main]---点击【广告主管理】
2018-04-23 16:07:01,971 [main]---【新增广告主】识别成功
2018-04-23 16:07:03,712 [main]---点击【新增广告主】
2018-04-23 16:07:03,713 [main]---AddAdverPage使用元素文件xml：webElementInfos\AddAdverPage.xml
2018-04-23 16:07:03,733 [main]---【广告主名称】识别成功
2018-04-23 16:07:03,734 [main]---【createAdver】测试用例执行成功
2018-04-23 16:07:03,736 [main]---【createAdver】测试用例执行成功
2018-04-23 16:07:03,737 [main]---【Login】测试用例开始执行
2018-04-23 16:07:03,738 [main]---【Login】测试用例开始执行
2018-04-23 16:07:03,745 [main]---LoginPage使用元素文件xml：webElementInfos\LoginPage.xml
2018-04-23 16:07:04,938 [main]---打开网址：http://60.166.12.158:4077/login
2018-04-23 16:07:04,961 [main]---【用户名输入框】识别成功
2018-04-23 16:07:05,048 [main]---在【用户名输入框】中输入 admin
2018-04-23 16:07:05,065 [main]---【密码输入框】识别成功
2018-04-23 16:07:05,134 [main]---在【密码输入框】中输入 Xylx1.T
2018-04-23 16:07:05,155 [main]---【验证码图片】识别成功
2018-04-23 16:07:05,291 [main]---验证码图片截图保存成功：tessdata\vrCodeImage\codeImage.png
2018-04-23 16:07:05,292 [main]---tessdata\vrCodeImage\codeImage.png
2018-04-23 16:07:06,304 [main]---doOCR验证码识别结果:
2018-04-23 16:07:07,323 [main]---【验证吗输入框】识别成功
2018-04-23 16:07:07,361 [main]---在【验证吗输入框】中输入 
2018-04-23 16:07:07,384 [main]---【登录按钮】识别成功
2018-04-23 16:07:07,463 [main]---点击【登录按钮】
2018-04-23 16:07:07,463 [main]---MainPage使用元素文件xml：webElementInfos\MainPage.xml
2018-04-23 16:07:07,510 [main]---【欢迎登陆】暂未找到，轮询中...
2018-04-23 16:07:08,025 [main]---【欢迎登陆】暂未找到，轮询中...
2018-04-23 16:07:08,537 [main]---【欢迎登陆】暂未找到，轮询中...
2018-04-23 16:07:09,050 [main]---【欢迎登陆】暂未找到，轮询中...
2018-04-23 16:07:09,565 [main]---【欢迎登陆】暂未找到，轮询中...
2018-04-23 16:07:10,077 [main]---【欢迎登陆】暂未找到，轮询中...
2018-04-23 16:07:10,589 [main]---【欢迎登陆】暂未找到，轮询中...
2018-04-23 16:07:11,104 [main]---【欢迎登陆】暂未找到，轮询中...
2018-04-23 16:07:11,616 [main]---【欢迎登陆】暂未找到，轮询中...
2018-04-23 16:07:12,129 [main]---【欢迎登陆】暂未找到，轮询中...
2018-04-23 16:07:12,642 [main]---【欢迎登陆】暂未找到，轮询中...
2018-04-23 16:07:12,644 [main]---【欢迎登陆】识别失败：识别超时
2018-04-23 16:07:12,978 [main]---截图保存的路径为:screenshotImgs\error_2018_04_23_16_07_12.png
2018-04-23 16:07:12,983 [main]---截图成功！！！
2018-04-23 16:07:12,985 [main]---测试类：'com.uiframe.testng.TestngRetry' 中的测试方法：'Login' 执行失败，重试第 1 次
2018-04-23 16:07:12,985 [main]---【Login】测试用例被跳过
2018-04-23 16:07:12,988 [main]---【Login】测试用例被跳过
2018-04-23 16:07:12,988 [main]---【Login】测试用例开始执行
2018-04-23 16:07:12,989 [main]---【Login】测试用例开始执行
2018-04-23 16:07:12,990 [main]---LoginPage使用元素文件xml：webElementInfos\LoginPage.xml
2018-04-23 16:07:13,509 [main]---打开网址：http://60.166.12.158:4077/login
2018-04-23 16:07:13,534 [main]---【用户名输入框】识别成功
2018-04-23 16:07:13,611 [main]---在【用户名输入框】中输入 admin
2018-04-23 16:07:13,624 [main]---【密码输入框】识别成功
2018-04-23 16:07:13,702 [main]---在【密码输入框】中输入 Xylx1.T
2018-04-23 16:07:13,714 [main]---【验证码图片】识别成功
2018-04-23 16:07:13,755 [main]---验证码图片截图保存成功：tessdata\vrCodeImage\codeImage.png
2018-04-23 16:07:13,756 [main]---tessdata\vrCodeImage\codeImage.png
2018-04-23 16:07:13,935 [main]---doOCR验证码识别结果:
2018-04-23 16:07:14,946 [main]---【验证吗输入框】识别成功
2018-04-23 16:07:14,990 [main]---在【验证吗输入框】中输入 
2018-04-23 16:07:15,002 [main]---【登录按钮】识别成功
2018-04-23 16:07:15,072 [main]---点击【登录按钮】
2018-04-23 16:07:15,073 [main]---MainPage使用元素文件xml：webElementInfos\MainPage.xml
2018-04-23 16:07:15,089 [main]---【欢迎登陆】暂未找到，轮询中...
2018-04-23 16:07:15,604 [main]---【欢迎登陆】暂未找到，轮询中...
2018-04-23 16:07:16,116 [main]---【欢迎登陆】暂未找到，轮询中...
2018-04-23 16:07:16,629 [main]---【欢迎登陆】暂未找到，轮询中...
2018-04-23 16:07:17,140 [main]---【欢迎登陆】暂未找到，轮询中...
2018-04-23 16:07:17,653 [main]---【欢迎登陆】暂未找到，轮询中...
2018-04-23 16:07:18,165 [main]---【欢迎登陆】暂未找到，轮询中...
2018-04-23 16:07:18,676 [main]---【欢迎登陆】暂未找到，轮询中...
2018-04-23 16:07:19,188 [main]---【欢迎登陆】暂未找到，轮询中...
2018-04-23 16:07:19,700 [main]---【欢迎登陆】暂未找到，轮询中...
2018-04-23 16:07:20,211 [main]---【欢迎登陆】暂未找到，轮询中...
2018-04-23 16:07:20,212 [main]---【欢迎登陆】识别失败：识别超时
2018-04-23 16:07:20,499 [main]---截图保存的路径为:screenshotImgs\error_2018_04_23_16_07_20.png
2018-04-23 16:07:20,502 [main]---截图成功！！！
2018-04-23 16:07:20,502 [main]---测试类：'com.uiframe.testng.TestngRetry' 中的测试方法：'Login' 执行失败，重试第 2 次
2018-04-23 16:07:20,503 [main]---【Login】测试用例被跳过
2018-04-23 16:07:20,504 [main]---【Login】测试用例被跳过
2018-04-23 16:07:20,505 [main]---【Login】测试用例开始执行
2018-04-23 16:07:20,507 [main]---【Login】测试用例开始执行
2018-04-23 16:07:20,507 [main]---LoginPage使用元素文件xml：webElementInfos\LoginPage.xml
2018-04-23 16:07:20,863 [main]---打开网址：http://60.166.12.158:4077/login
2018-04-23 16:07:20,884 [main]---【用户名输入框】识别成功
2018-04-23 16:07:20,969 [main]---在【用户名输入框】中输入 admin
2018-04-23 16:07:20,983 [main]---【密码输入框】识别成功
2018-04-23 16:07:21,067 [main]---在【密码输入框】中输入 Xylx1.T
2018-04-23 16:07:21,079 [main]---【验证码图片】识别成功
2018-04-23 16:07:21,127 [main]---验证码图片截图保存成功：tessdata\vrCodeImage\codeImage.png
2018-04-23 16:07:21,127 [main]---tessdata\vrCodeImage\codeImage.png
2018-04-23 16:07:21,316 [main]---doOCR验证码识别结果:ﬂ
2018-04-23 16:07:22,327 [main]---【验证吗输入框】识别成功
2018-04-23 16:07:22,381 [main]---在【验证吗输入框】中输入 ﬂ
2018-04-23 16:07:22,392 [main]---【登录按钮】识别成功
2018-04-23 16:07:22,818 [main]---点击【登录按钮】
2018-04-23 16:07:22,818 [main]---MainPage使用元素文件xml：webElementInfos\MainPage.xml
2018-04-23 16:07:22,840 [main]---【欢迎登陆】暂未找到，轮询中...
2018-04-23 16:07:23,351 [main]---【欢迎登陆】暂未找到，轮询中...
2018-04-23 16:07:23,865 [main]---【欢迎登陆】暂未找到，轮询中...
2018-04-23 16:07:24,376 [main]---【欢迎登陆】暂未找到，轮询中...
2018-04-23 16:07:24,886 [main]---【欢迎登陆】暂未找到，轮询中...
2018-04-23 16:07:25,401 [main]---【欢迎登陆】暂未找到，轮询中...
2018-04-23 16:07:25,911 [main]---【欢迎登陆】暂未找到，轮询中...
2018-04-23 16:07:26,423 [main]---【欢迎登陆】暂未找到，轮询中...
2018-04-23 16:07:26,935 [main]---【欢迎登陆】暂未找到，轮询中...
2018-04-23 16:07:27,446 [main]---【欢迎登陆】暂未找到，轮询中...
2018-04-23 16:07:27,958 [main]---【欢迎登陆】暂未找到，轮询中...
2018-04-23 16:07:27,959 [main]---【欢迎登陆】识别失败：识别超时
2018-04-23 16:07:28,240 [main]---截图保存的路径为:screenshotImgs\error_2018_04_23_16_07_27.png
2018-04-23 16:07:28,243 [main]---截图成功！！！
2018-04-23 16:07:28,244 [main]---【Login】测试用例执行失败
2018-04-23 16:07:28,246 [main]---【Login】测试用例执行失败
2018-04-23 16:07:28,246 [main]---【createAdver】测试用例被跳过
2018-04-23 16:07:28,253 [main]---【createAdver】测试用例被跳过
2018-04-23 16:07:28,254 [main]---测试执行完毕
2018-04-23 16:07:28,255 [main]---测试执行完毕
2018-04-23 16:07:31,334 [main]---用例执行完毕，关闭浏览器
2018-04-23 16:07:34,395 [main]---用例执行完毕，关闭浏览器
2018-04-23 16:39:34,103 [main]---测试初始化
2018-04-23 16:39:34,108 [main]---测试初始化
2018-04-23 16:39:37,103 [main]---实例化谷歌浏览器_ok
2018-04-23 16:39:37,351 [main]---测试执行完毕
2018-04-23 16:39:37,352 [main]---测试执行完毕
2018-04-23 16:42:02,917 [main]---测试初始化
2018-04-23 16:42:02,922 [main]---测试初始化
2018-04-23 16:42:05,472 [main]---实例化谷歌浏览器_ok
2018-04-23 16:42:05,738 [main]---【Login】测试用例开始执行
2018-04-23 16:42:05,745 [main]---【Login】测试用例开始执行
2018-04-23 16:42:05,762 [main]---LoginPage使用元素文件xml：webElementInfos\LoginPage.xml
2018-04-23 16:42:06,912 [main]---打开网址：http://60.166.12.158:4077/login
2018-04-23 16:42:07,950 [main]---MainPage使用元素文件xml：webElementInfos\MainPage.xml
2018-04-23 16:42:07,994 [main]---【欢迎登陆】识别成功
2018-04-23 16:42:07,997 [main]---【Login】测试用例执行成功
2018-04-23 16:42:07,998 [main]---【Login】测试用例执行成功
2018-04-23 16:42:08,000 [main]---【createAdver】测试用例开始执行
2018-04-23 16:42:08,002 [main]---【createAdver】测试用例开始执行
2018-04-23 16:42:08,003 [main]---MainPage使用元素文件xml：webElementInfos\MainPage.xml
2018-04-23 16:42:08,028 [main]---【投放管理模块】识别成功
2018-04-23 16:42:08,089 [main]---点击【投放管理模块】
2018-04-23 16:42:08,114 [main]---【广告主管理】识别成功
2018-04-23 16:42:09,021 [main]---点击【广告主管理】
2018-04-23 16:42:09,041 [main]---【新增广告主】识别成功
2018-04-23 16:42:10,119 [main]---点击【新增广告主】
2018-04-23 16:42:10,120 [main]---AddAdverPage使用元素文件xml：webElementInfos\AddAdverPage.xml
2018-04-23 16:42:10,139 [main]---【广告主名称】识别成功
2018-04-23 16:42:10,139 [main]---【createAdver】测试用例执行成功
2018-04-23 16:42:10,141 [main]---【createAdver】测试用例执行成功
2018-04-23 16:42:10,143 [main]---【createAdver】测试用例开始执行
2018-04-23 16:42:10,145 [main]---【createAdver】测试用例开始执行
2018-04-23 16:42:10,146 [main]---MainPage使用元素文件xml：webElementInfos\MainPage.xml
2018-04-23 16:42:10,161 [main]---【投放管理模块】识别成功
2018-04-23 16:42:10,210 [main]---点击【投放管理模块】
2018-04-23 16:42:10,264 [main]---【广告主管理】暂未找到，轮询中...
2018-04-23 16:42:10,792 [main]---【广告主管理】暂未找到，轮询中...
2018-04-23 16:42:11,325 [main]---【广告主管理】暂未找到，轮询中...
2018-04-23 16:42:11,853 [main]---【广告主管理】暂未找到，轮询中...
2018-04-23 16:42:12,383 [main]---【广告主管理】暂未找到，轮询中...
2018-04-23 16:42:12,913 [main]---【广告主管理】暂未找到，轮询中...
2018-04-23 16:42:13,444 [main]---【广告主管理】暂未找到，轮询中...
2018-04-23 16:42:13,972 [main]---【广告主管理】暂未找到，轮询中...
2018-04-23 16:42:14,502 [main]---【广告主管理】暂未找到，轮询中...
2018-04-23 16:42:15,037 [main]---【广告主管理】暂未找到，轮询中...
2018-04-23 16:42:15,564 [main]---【广告主管理】暂未找到，轮询中...
2018-04-23 16:42:15,566 [main]---【广告主管理】识别失败：识别超时
2018-04-23 16:42:15,901 [main]---截图保存的路径为:screenshotImgs\error_2018_04_23_16_42_15.png
2018-04-23 16:42:15,913 [main]---截图成功！！！
2018-04-23 16:42:15,913 [main]---不能点击【广告主管理】原因是：java.lang.NullPointerException
2018-04-23 16:42:15,914 [main]---测试类：'com.uiframe.testng.TestngRetry' 中的测试方法：'createAdver' 执行失败，重试第 1 次
2018-04-23 16:42:15,915 [main]---【createAdver】测试用例被跳过
2018-04-23 16:42:15,917 [main]---【createAdver】测试用例被跳过
2018-04-23 16:42:15,917 [main]---【createAdver】测试用例开始执行
2018-04-23 16:42:15,921 [main]---【createAdver】测试用例开始执行
2018-04-23 16:42:15,924 [main]---MainPage使用元素文件xml：webElementInfos\MainPage.xml
2018-04-23 16:42:15,938 [main]---【投放管理模块】识别成功
2018-04-23 16:42:15,974 [main]---点击【投放管理模块】
2018-04-23 16:42:15,992 [main]---【广告主管理】识别成功
2018-04-23 16:42:16,459 [main]---点击【广告主管理】
2018-04-23 16:42:16,473 [main]---【新增广告主】识别成功
2018-04-23 16:42:16,992 [main]---点击【新增广告主】
2018-04-23 16:42:16,992 [main]---AddAdverPage使用元素文件xml：webElementInfos\AddAdverPage.xml
2018-04-23 16:42:17,007 [main]---【广告主名称】识别成功
2018-04-23 16:42:17,007 [main]---【createAdver】测试用例执行成功
2018-04-23 16:42:17,008 [main]---【createAdver】测试用例执行成功
2018-04-23 16:42:17,009 [main]---测试执行完毕
2018-04-23 16:42:17,010 [main]---测试执行完毕
2018-04-23 16:43:31,148 [main]---测试初始化
2018-04-23 16:43:31,152 [main]---测试初始化
2018-04-23 16:43:33,720 [main]---实例化谷歌浏览器_ok
2018-04-23 16:43:33,976 [main]---【Login】测试用例开始执行
2018-04-23 16:43:33,982 [main]---【Login】测试用例开始执行
2018-04-23 16:43:33,995 [main]---LoginPage使用元素文件xml：webElementInfos\LoginPage.xml
2018-04-23 16:43:35,314 [main]---打开网址：http://60.166.12.158:4077/login
2018-04-23 16:43:36,420 [main]---MainPage使用元素文件xml：webElementInfos\MainPage.xml
2018-04-23 16:43:36,461 [main]---【欢迎登陆】识别成功
2018-04-23 16:43:36,463 [main]---【Login】测试用例执行成功
2018-04-23 16:43:36,465 [main]---【Login】测试用例执行成功
2018-04-23 16:43:36,468 [main]---【createAdver】测试用例开始执行
2018-04-23 16:43:36,470 [main]---【createAdver】测试用例开始执行
2018-04-23 16:43:36,471 [main]---MainPage使用元素文件xml：webElementInfos\MainPage.xml
2018-04-23 16:43:36,498 [main]---【投放管理模块】识别成功
2018-04-23 16:43:36,559 [main]---点击【投放管理模块】
2018-04-23 16:43:36,584 [main]---【广告主管理】识别成功
2018-04-23 16:43:37,450 [main]---点击【广告主管理】
2018-04-23 16:43:37,470 [main]---【新增广告主】识别成功
2018-04-23 16:43:38,923 [main]---点击【新增广告主】
2018-04-23 16:43:38,925 [main]---AddAdverPage使用元素文件xml：webElementInfos\AddAdverPage.xml
2018-04-23 16:43:38,945 [main]---【广告主名称】识别成功
2018-04-23 16:43:38,946 [main]---【createAdver】测试用例执行成功
2018-04-23 16:43:38,947 [main]---【createAdver】测试用例执行成功
2018-04-23 16:43:38,948 [main]---【createAdver】测试用例开始执行
2018-04-23 16:43:38,949 [main]---【createAdver】测试用例开始执行
2018-04-23 16:43:38,950 [main]---MainPage使用元素文件xml：webElementInfos\MainPage.xml
2018-04-23 16:43:38,964 [main]---【投放管理模块】识别成功
2018-04-23 16:43:39,016 [main]---点击【投放管理模块】
2018-04-23 16:43:39,072 [main]---【广告主管理】暂未找到，轮询中...
2018-04-23 16:43:39,603 [main]---【广告主管理】暂未找到，轮询中...
2018-04-23 16:43:40,135 [main]---【广告主管理】暂未找到，轮询中...
2018-04-23 16:43:40,664 [main]---【广告主管理】暂未找到，轮询中...
2018-04-23 16:43:41,193 [main]---【广告主管理】暂未找到，轮询中...
2018-04-23 16:43:41,724 [main]---【广告主管理】暂未找到，轮询中...
2018-04-23 16:43:42,255 [main]---【广告主管理】暂未找到，轮询中...
2018-04-23 16:43:42,810 [main]---【广告主管理】暂未找到，轮询中...
2018-04-23 16:43:43,338 [main]---【广告主管理】暂未找到，轮询中...
2018-04-23 16:43:43,867 [main]---【广告主管理】暂未找到，轮询中...
2018-04-23 16:43:44,397 [main]---【广告主管理】暂未找到，轮询中...
2018-04-23 16:43:44,398 [main]---【广告主管理】识别失败：识别超时
2018-04-23 16:43:44,739 [main]---截图保存的路径为:screenshotImgs\error_2018_04_23_16_43_44.png
2018-04-23 16:43:44,750 [main]---截图成功！！！
2018-04-23 16:43:44,750 [main]---不能点击【广告主管理】原因是：java.lang.NullPointerException
2018-04-23 16:43:44,752 [main]---测试类：'com.uiframe.testng.TestngRetry' 中的测试方法：'createAdver' 执行失败，重试第 1 次
2018-04-23 16:43:44,752 [main]---【createAdver】测试用例被跳过
2018-04-23 16:43:44,754 [main]---【createAdver】测试用例被跳过
2018-04-23 16:43:44,755 [main]---【createAdver】测试用例开始执行
2018-04-23 16:43:44,756 [main]---【createAdver】测试用例开始执行
2018-04-23 16:43:44,757 [main]---MainPage使用元素文件xml：webElementInfos\MainPage.xml
2018-04-23 16:43:44,773 [main]---【投放管理模块】识别成功
2018-04-23 16:43:44,802 [main]---点击【投放管理模块】
2018-04-23 16:43:44,817 [main]---【广告主管理】识别成功
2018-04-23 16:43:45,415 [main]---点击【广告主管理】
2018-04-23 16:43:45,429 [main]---【新增广告主】识别成功
2018-04-23 16:43:46,405 [main]---点击【新增广告主】
2018-04-23 16:43:46,406 [main]---AddAdverPage使用元素文件xml：webElementInfos\AddAdverPage.xml
2018-04-23 16:43:46,419 [main]---【广告主名称】识别成功
2018-04-23 16:43:46,419 [main]---【createAdver】测试用例执行成功
2018-04-23 16:43:46,420 [main]---【createAdver】测试用例执行成功
2018-04-23 16:43:46,421 [main]---测试执行完毕
2018-04-23 16:43:46,422 [main]---测试执行完毕
2018-04-23 16:50:59,590 [main]---测试初始化
2018-04-23 16:50:59,594 [main]---测试初始化
2018-04-23 16:51:02,158 [main]---实例化谷歌浏览器_ok
2018-04-23 16:51:02,397 [main]---【Login】测试用例开始执行
2018-04-23 16:51:02,402 [main]---【Login】测试用例开始执行
2018-04-23 16:51:02,413 [main]---LoginPage使用元素文件xml：webElementInfos\LoginPage.xml
2018-04-23 16:51:03,866 [main]---打开网址：http://60.166.12.158:4077/login
2018-04-23 16:51:04,867 [main]---MainPage使用元素文件xml：webElementInfos\MainPage.xml
2018-04-23 16:51:04,906 [main]---【欢迎登陆】识别成功
2018-04-23 16:51:04,909 [main]---【Login】测试用例执行成功
2018-04-23 16:51:04,910 [main]---【Login】测试用例执行成功
2018-04-23 16:51:04,912 [main]---【createAdver】测试用例开始执行
2018-04-23 16:51:04,914 [main]---【createAdver】测试用例开始执行
2018-04-23 16:51:04,915 [main]---MainPage使用元素文件xml：webElementInfos\MainPage.xml
2018-04-23 16:51:04,983 [main]---【广告主管理】暂未找到，轮询中...
2018-04-23 16:51:05,519 [main]---【广告主管理】暂未找到，轮询中...
2018-04-23 16:51:06,047 [main]---【广告主管理】暂未找到，轮询中...
2018-04-23 16:51:06,576 [main]---【广告主管理】暂未找到，轮询中...
2018-04-23 16:51:07,104 [main]---【广告主管理】暂未找到，轮询中...
2018-04-23 16:51:07,632 [main]---【广告主管理】暂未找到，轮询中...
2018-04-23 16:51:08,158 [main]---【广告主管理】暂未找到，轮询中...
2018-04-23 16:51:08,688 [main]---【广告主管理】暂未找到，轮询中...
2018-04-23 16:51:09,214 [main]---【广告主管理】暂未找到，轮询中...
2018-04-23 16:51:09,744 [main]---【广告主管理】暂未找到，轮询中...
2018-04-23 16:51:10,278 [main]---【广告主管理】暂未找到，轮询中...
2018-04-23 16:51:10,279 [main]---【广告主管理】识别失败：识别超时
2018-04-23 16:51:10,607 [main]---截图保存的路径为:screenshotImgs\error_2018_04_23_16_51_10.png
2018-04-23 16:51:10,620 [main]---截图成功！！！
2018-04-23 16:51:10,620 [main]---不能点击【广告主管理】原因是：java.lang.NullPointerException
2018-04-23 16:51:10,622 [main]---测试类：'com.uiframe.testng.TestngRetry' 中的测试方法：'createAdver' 执行失败，重试第 1 次
2018-04-23 16:51:10,622 [main]---【createAdver】测试用例被跳过
2018-04-23 16:51:10,626 [main]---【createAdver】测试用例被跳过
2018-04-23 16:51:10,627 [main]---【createAdver】测试用例开始执行
2018-04-23 16:51:10,632 [main]---【createAdver】测试用例开始执行
2018-04-23 16:51:10,633 [main]---MainPage使用元素文件xml：webElementInfos\MainPage.xml
2018-04-23 16:51:10,670 [main]---【广告主管理】暂未找到，轮询中...
2018-04-23 16:51:11,199 [main]---【广告主管理】暂未找到，轮询中...
2018-04-23 16:51:11,728 [main]---【广告主管理】暂未找到，轮询中...
2018-04-23 16:51:12,312 [main]---【广告主管理】识别成功
2018-04-23 16:51:12,819 [main]---【广告主管理】暂未找到，轮询中...
2018-04-23 16:51:13,322 [main]---【广告主管理】暂未找到，轮询中...
2018-04-23 16:51:13,825 [main]---【广告主管理】暂未找到，轮询中...
2018-04-23 16:51:14,329 [main]---【广告主管理】暂未找到，轮询中...
2018-04-23 16:51:14,832 [main]---【广告主管理】暂未找到，轮询中...
2018-04-23 16:51:15,334 [main]---【广告主管理】暂未找到，轮询中...
2018-04-23 16:51:15,839 [main]---【广告主管理】暂未找到，轮询中...
2018-04-23 16:51:15,840 [main]---【广告主管理】识别失败：识别超时
2018-04-23 16:51:15,844 [main]---测试类：'com.uiframe.testng.TestngRetry' 中的测试方法：'createAdver' 执行失败，重试第 2 次
2018-04-23 16:51:15,844 [main]---【createAdver】测试用例被跳过
2018-04-23 16:51:15,851 [main]---【createAdver】测试用例被跳过
2018-04-23 16:51:15,852 [main]---【createAdver】测试用例开始执行
2018-04-23 16:51:15,853 [main]---【createAdver】测试用例开始执行
2018-04-23 16:51:15,853 [main]---MainPage使用元素文件xml：webElementInfos\MainPage.xml
2018-04-23 16:51:15,860 [main]---【广告主管理】暂未找到，轮询中...
2018-04-23 16:52:19,131 [main]---测试初始化
2018-04-23 16:52:19,135 [main]---测试初始化
2018-04-23 16:52:21,699 [main]---实例化谷歌浏览器_ok
2018-04-23 16:52:21,962 [main]---【Login】测试用例开始执行
2018-04-23 16:52:21,969 [main]---【Login】测试用例开始执行
2018-04-23 16:52:21,979 [main]---LoginPage使用元素文件xml：webElementInfos\LoginPage.xml
2018-04-23 16:52:23,121 [main]---打开网址：http://60.166.12.158:4077/login
2018-04-23 16:52:23,967 [main]---MainPage使用元素文件xml：webElementInfos\MainPage.xml
2018-04-23 16:52:24,009 [main]---【欢迎登陆】识别成功
2018-04-23 16:52:24,011 [main]---【Login】测试用例执行成功
2018-04-23 16:52:24,013 [main]---【Login】测试用例执行成功
2018-04-23 16:52:24,015 [main]---【createAdver】测试用例开始执行
2018-04-23 16:52:24,017 [main]---【createAdver】测试用例开始执行
2018-04-23 16:52:24,018 [main]---MainPage使用元素文件xml：webElementInfos\MainPage.xml
2018-04-23 16:52:24,044 [main]---【投放管理模块】识别成功
2018-04-23 16:52:24,106 [main]---点击【投放管理模块】
2018-04-23 16:52:24,133 [main]---【广告主管理】识别成功
2018-04-23 16:52:25,075 [main]---点击【广告主管理】
2018-04-23 16:52:25,097 [main]---【新增广告主】识别成功
2018-04-23 16:52:25,896 [main]---点击【新增广告主】
2018-04-23 16:52:25,896 [main]---AddAdverPage使用元素文件xml：webElementInfos\AddAdverPage.xml
2018-04-23 16:52:25,916 [main]---【广告主名称】识别成功
2018-04-23 16:52:25,917 [main]---【createAdver】测试用例执行成功
2018-04-23 16:52:25,918 [main]---【createAdver】测试用例执行成功
2018-04-23 16:52:25,919 [main]---【createAdver】测试用例开始执行
2018-04-23 16:52:25,920 [main]---【createAdver】测试用例开始执行
2018-04-23 16:52:25,921 [main]---MainPage使用元素文件xml：webElementInfos\MainPage.xml
2018-04-23 16:52:25,935 [main]---【投放管理模块】识别成功
2018-04-23 16:52:25,984 [main]---点击【投放管理模块】
2018-04-23 16:52:26,039 [main]---【广告主管理】暂未找到，轮询中...
2018-04-23 16:52:26,568 [main]---【广告主管理】暂未找到，轮询中...
2018-04-23 16:52:27,101 [main]---【广告主管理】暂未找到，轮询中...
2018-04-23 16:52:27,628 [main]---【广告主管理】暂未找到，轮询中...
2018-04-23 16:52:28,154 [main]---【广告主管理】暂未找到，轮询中...
2018-04-23 16:52:28,680 [main]---【广告主管理】暂未找到，轮询中...
2018-04-23 16:52:29,210 [main]---【广告主管理】暂未找到，轮询中...
2018-04-23 16:52:29,739 [main]---【广告主管理】暂未找到，轮询中...
2018-04-23 16:52:30,269 [main]---【广告主管理】暂未找到，轮询中...
2018-04-23 16:52:30,804 [main]---【广告主管理】暂未找到，轮询中...
2018-04-23 16:52:31,334 [main]---【广告主管理】暂未找到，轮询中...
2018-04-23 16:52:31,335 [main]---【广告主管理】识别失败：识别超时
2018-04-23 16:52:31,673 [main]---截图保存的路径为:screenshotImgs\error_2018_04_23_16_52_31.png
2018-04-23 16:52:31,684 [main]---截图成功！！！
2018-04-23 16:52:31,685 [main]---不能点击【广告主管理】原因是：java.lang.NullPointerException
2018-04-23 16:52:31,686 [main]---测试类：'com.uiframe.testng.TestngRetry' 中的测试方法：'createAdver' 执行失败，重试第 1 次
2018-04-23 16:52:31,687 [main]---【createAdver】测试用例被跳过
2018-04-23 16:52:31,692 [main]---【createAdver】测试用例被跳过
2018-04-23 16:52:31,693 [main]---【createAdver】测试用例开始执行
2018-04-23 16:52:31,697 [main]---【createAdver】测试用例开始执行
2018-04-23 16:52:31,697 [main]---MainPage使用元素文件xml：webElementInfos\MainPage.xml
2018-04-23 16:52:31,718 [main]---【投放管理模块】识别成功
2018-04-23 16:52:31,755 [main]---点击【投放管理模块】
2018-04-23 16:52:31,771 [main]---【广告主管理】识别成功
2018-04-23 16:52:32,464 [main]---点击【广告主管理】
2018-04-23 16:52:32,477 [main]---【新增广告主】识别成功
2018-04-23 16:52:33,369 [main]---点击【新增广告主】
2018-04-23 16:52:33,369 [main]---AddAdverPage使用元素文件xml：webElementInfos\AddAdverPage.xml
2018-04-23 16:52:33,381 [main]---【广告主名称】识别成功
2018-04-23 16:52:33,382 [main]---【createAdver】测试用例执行成功
2018-04-23 16:52:33,383 [main]---【createAdver】测试用例执行成功
2018-04-23 16:52:36,385 [main]---测试执行完毕
2018-04-23 16:52:36,386 [main]---测试执行完毕
2018-04-23 16:54:47,092 [main]---测试初始化
2018-04-23 16:54:47,097 [main]---测试初始化
2018-04-23 16:54:49,672 [main]---实例化谷歌浏览器_ok
2018-04-23 16:54:49,915 [main]---【Login】测试用例开始执行
2018-04-23 16:54:49,920 [main]---【Login】测试用例开始执行
2018-04-23 16:54:49,929 [main]---LoginPage使用元素文件xml：webElementInfos\LoginPage.xml
2018-04-23 16:54:51,231 [main]---打开网址：http://60.166.12.158:4077/login
2018-04-23 16:54:52,102 [main]---MainPage使用元素文件xml：webElementInfos\MainPage.xml
2018-04-23 16:54:52,141 [main]---【欢迎登陆】识别成功
2018-04-23 16:54:52,143 [main]---【Login】测试用例执行成功
2018-04-23 16:54:52,145 [main]---【Login】测试用例执行成功
2018-04-23 16:54:52,147 [main]---【createAdver】测试用例开始执行
2018-04-23 16:54:52,149 [main]---【createAdver】测试用例开始执行
2018-04-23 16:54:52,150 [main]---MainPage使用元素文件xml：webElementInfos\MainPage.xml
2018-04-23 16:54:52,177 [main]---【投放管理模块】识别成功
2018-04-23 16:54:52,242 [main]---点击【投放管理模块】
2018-04-23 16:54:52,764 [main]---【广告主管理】识别成功
2018-04-23 16:54:53,727 [main]---点击【广告主管理】
2018-04-23 16:54:53,749 [main]---【新增广告主】识别成功
2018-04-23 16:54:54,742 [main]---点击【新增广告主】
2018-04-23 16:54:54,744 [main]---AddAdverPage使用元素文件xml：webElementInfos\AddAdverPage.xml
2018-04-23 16:54:54,769 [main]---【广告主名称】识别成功
2018-04-23 16:54:54,770 [main]---【createAdver】测试用例执行成功
2018-04-23 16:54:54,771 [main]---【createAdver】测试用例执行成功
2018-04-23 16:54:54,772 [main]---【createAdver】测试用例开始执行
2018-04-23 16:54:54,773 [main]---【createAdver】测试用例开始执行
2018-04-23 16:54:54,773 [main]---MainPage使用元素文件xml：webElementInfos\MainPage.xml
2018-04-23 16:54:54,789 [main]---【投放管理模块】识别成功
2018-04-23 16:54:54,849 [main]---点击【投放管理模块】
2018-04-23 16:54:55,398 [main]---【广告主管理】暂未找到，轮询中...
2018-04-23 16:54:55,926 [main]---【广告主管理】暂未找到，轮询中...
2018-04-23 16:54:56,453 [main]---【广告主管理】暂未找到，轮询中...
2018-04-23 16:54:56,982 [main]---【广告主管理】暂未找到，轮询中...
2018-04-23 16:54:57,509 [main]---【广告主管理】暂未找到，轮询中...
2018-04-23 16:54:58,038 [main]---【广告主管理】暂未找到，轮询中...
2018-04-23 16:54:58,571 [main]---【广告主管理】暂未找到，轮询中...
2018-04-23 16:54:59,101 [main]---【广告主管理】暂未找到，轮询中...
2018-04-23 16:54:59,632 [main]---【广告主管理】暂未找到，轮询中...
2018-04-23 16:55:00,160 [main]---【广告主管理】暂未找到，轮询中...
2018-04-23 16:55:00,686 [main]---【广告主管理】暂未找到，轮询中...
2018-04-23 16:55:00,688 [main]---【广告主管理】识别失败：识别超时
2018-04-23 16:55:01,030 [main]---截图保存的路径为:screenshotImgs\error_2018_04_23_16_55_00.png
2018-04-23 16:55:01,041 [main]---截图成功！！！
2018-04-23 16:55:01,041 [main]---不能点击【广告主管理】原因是：java.lang.NullPointerException
2018-04-23 16:55:01,042 [main]---测试类：'com.uiframe.testng.TestngRetry' 中的测试方法：'createAdver' 执行失败，重试第 1 次
2018-04-23 16:55:01,043 [main]---【createAdver】测试用例被跳过
2018-04-23 16:55:01,047 [main]---【createAdver】测试用例被跳过
2018-04-23 16:55:01,048 [main]---【createAdver】测试用例开始执行
2018-04-23 16:55:01,050 [main]---【createAdver】测试用例开始执行
2018-04-23 16:55:01,051 [main]---MainPage使用元素文件xml：webElementInfos\MainPage.xml
2018-04-23 16:55:01,066 [main]---【投放管理模块】识别成功
2018-04-23 16:55:01,098 [main]---点击【投放管理模块】
2018-04-23 16:55:01,611 [main]---【广告主管理】识别成功
2018-04-23 16:55:02,128 [main]---点击【广告主管理】
2018-04-23 16:55:02,143 [main]---【新增广告主】识别成功
2018-04-23 16:55:03,043 [main]---点击【新增广告主】
2018-04-23 16:55:03,043 [main]---AddAdverPage使用元素文件xml：webElementInfos\AddAdverPage.xml
2018-04-23 16:55:03,056 [main]---【广告主名称】识别成功
2018-04-23 16:55:03,056 [main]---【createAdver】测试用例执行成功
2018-04-23 16:55:03,057 [main]---【createAdver】测试用例执行成功
2018-04-23 16:55:06,060 [main]---测试执行完毕
2018-04-23 16:55:06,061 [main]---测试执行完毕
2018-04-23 16:55:23,147 [main]---测试初始化
2018-04-23 16:55:23,151 [main]---测试初始化
2018-04-23 16:55:26,067 [main]---实例化谷歌浏览器_ok
2018-04-23 16:55:26,330 [main]---【Login】测试用例开始执行
2018-04-23 16:55:26,335 [main]---【Login】测试用例开始执行
2018-04-23 16:55:26,351 [main]---LoginPage使用元素文件xml：webElementInfos\LoginPage.xml
2018-04-23 16:55:28,074 [main]---打开网址：http://60.166.12.158:4077/login
2018-04-23 16:55:29,364 [main]---MainPage使用元素文件xml：webElementInfos\MainPage.xml
2018-04-23 16:55:29,399 [main]---【欢迎登陆】识别成功
2018-04-23 16:55:29,402 [main]---【Login】测试用例执行成功
2018-04-23 16:55:29,403 [main]---【Login】测试用例执行成功
2018-04-23 16:55:29,405 [main]---【createAdver】测试用例开始执行
2018-04-23 16:55:29,407 [main]---【createAdver】测试用例开始执行
2018-04-23 16:55:29,408 [main]---MainPage使用元素文件xml：webElementInfos\MainPage.xml
2018-04-23 16:55:29,434 [main]---【投放管理模块】识别成功
2018-04-23 16:55:29,498 [main]---点击【投放管理模块】
2018-04-23 16:55:32,522 [main]---【广告主管理】识别成功
2018-04-23 16:55:33,275 [main]---点击【广告主管理】
2018-04-23 16:55:33,294 [main]---【新增广告主】识别成功
2018-04-23 16:55:34,727 [main]---点击【新增广告主】
2018-04-23 16:55:34,728 [main]---AddAdverPage使用元素文件xml：webElementInfos\AddAdverPage.xml
2018-04-23 16:55:34,749 [main]---【广告主名称】识别成功
2018-04-23 16:55:34,749 [main]---【createAdver】测试用例执行成功
2018-04-23 16:55:34,751 [main]---【createAdver】测试用例执行成功
2018-04-23 16:55:34,752 [main]---【createAdver】测试用例开始执行
2018-04-23 16:55:34,754 [main]---【createAdver】测试用例开始执行
2018-04-23 16:55:34,755 [main]---MainPage使用元素文件xml：webElementInfos\MainPage.xml
2018-04-23 16:55:34,771 [main]---【投放管理模块】识别成功
2018-04-23 16:55:34,825 [main]---点击【投放管理模块】
2018-04-23 16:55:37,881 [main]---【广告主管理】暂未找到，轮询中...
2018-04-23 16:55:38,414 [main]---【广告主管理】暂未找到，轮询中...
2018-04-23 16:55:38,942 [main]---【广告主管理】暂未找到，轮询中...
2018-04-23 16:55:39,470 [main]---【广告主管理】暂未找到，轮询中...
2018-04-23 16:55:39,999 [main]---【广告主管理】暂未找到，轮询中...
2018-04-23 16:55:40,527 [main]---【广告主管理】暂未找到，轮询中...
2018-04-23 16:55:41,057 [main]---【广告主管理】暂未找到，轮询中...
2018-04-23 16:55:41,590 [main]---【广告主管理】暂未找到，轮询中...
2018-04-23 16:55:42,123 [main]---【广告主管理】暂未找到，轮询中...
2018-04-23 16:55:42,652 [main]---【广告主管理】暂未找到，轮询中...
2018-04-23 16:55:43,183 [main]---【广告主管理】暂未找到，轮询中...
2018-04-23 16:55:43,184 [main]---【广告主管理】识别失败：识别超时
2018-04-23 16:55:43,557 [main]---截图保存的路径为:screenshotImgs\error_2018_04_23_16_55_43.png
2018-04-23 16:55:43,567 [main]---截图成功！！！
2018-04-23 16:55:43,568 [main]---不能点击【广告主管理】原因是：java.lang.NullPointerException
2018-04-23 16:55:43,569 [main]---测试类：'com.uiframe.testng.TestngRetry' 中的测试方法：'createAdver' 执行失败，重试第 1 次
2018-04-23 16:55:43,570 [main]---【createAdver】测试用例被跳过
2018-04-23 16:55:43,575 [main]---【createAdver】测试用例被跳过
2018-04-23 16:55:43,575 [main]---【createAdver】测试用例开始执行
2018-04-23 16:55:43,579 [main]---【createAdver】测试用例开始执行
2018-04-23 16:55:43,580 [main]---MainPage使用元素文件xml：webElementInfos\MainPage.xml
2018-04-23 16:55:43,604 [main]---【投放管理模块】识别成功
2018-04-23 16:55:43,658 [main]---点击【投放管理模块】
2018-04-23 16:55:46,675 [main]---【广告主管理】识别成功
2018-04-23 16:55:47,178 [main]---点击【广告主管理】
2018-04-23 16:55:47,198 [main]---【新增广告主】识别成功
2018-04-23 16:55:48,204 [main]---点击【新增广告主】
2018-04-23 16:55:48,205 [main]---AddAdverPage使用元素文件xml：webElementInfos\AddAdverPage.xml
2018-04-23 16:55:48,229 [main]---【广告主名称】识别成功
2018-04-23 16:55:48,230 [main]---【createAdver】测试用例执行成功
2018-04-23 16:55:48,230 [main]---【createAdver】测试用例执行成功
2018-04-23 16:55:51,234 [main]---测试执行完毕
2018-04-23 16:55:51,235 [main]---测试执行完毕
2018-04-23 16:57:16,941 [main]---测试初始化
2018-04-23 16:57:16,944 [main]---测试初始化
2018-04-23 16:57:19,489 [main]---实例化谷歌浏览器_ok
2018-04-23 16:57:19,744 [main]---【Login】测试用例开始执行
2018-04-23 16:57:19,751 [main]---【Login】测试用例开始执行
2018-04-23 16:57:19,765 [main]---LoginPage使用元素文件xml：webElementInfos\LoginPage.xml
2018-04-23 16:57:21,527 [main]---打开网址：http://60.166.12.158:4077/login
2018-04-23 16:57:22,443 [main]---MainPage使用元素文件xml：webElementInfos\MainPage.xml
2018-04-23 16:57:22,484 [main]---【欢迎登陆】识别成功
2018-04-23 16:57:22,486 [main]---【Login】测试用例执行成功
2018-04-23 16:57:22,488 [main]---【Login】测试用例执行成功
2018-04-23 16:57:22,490 [main]---【createAdver】测试用例开始执行
2018-04-23 16:57:22,491 [main]---【createAdver】测试用例开始执行
2018-04-23 16:57:22,493 [main]---MainPage使用元素文件xml：webElementInfos\MainPage.xml
2018-04-23 16:57:22,520 [main]---【投放管理模块】识别成功
2018-04-23 16:57:22,584 [main]---点击【投放管理模块】
2018-04-23 16:57:25,605 [main]---【广告主管理】识别成功
2018-04-23 16:57:26,206 [main]---点击【广告主管理】
2018-04-23 16:57:26,228 [main]---【新增广告主】识别成功
2018-04-23 16:57:27,218 [main]---点击【新增广告主】
2018-04-23 16:57:27,220 [main]---AddAdverPage使用元素文件xml：webElementInfos\AddAdverPage.xml
2018-04-23 16:57:27,222 [main]---【createAdver】测试用例执行成功
2018-04-23 16:57:27,224 [main]---【createAdver】测试用例执行成功
2018-04-23 16:57:27,225 [main]---【createAdver】测试用例开始执行
2018-04-23 16:57:27,228 [main]---【createAdver】测试用例开始执行
2018-04-23 16:57:27,228 [main]---MainPage使用元素文件xml：webElementInfos\MainPage.xml
2018-04-23 16:57:27,246 [main]---【投放管理模块】识别成功
2018-04-23 16:57:27,298 [main]---点击【投放管理模块】
2018-04-23 16:57:30,344 [main]---【广告主管理】暂未找到，轮询中...
2018-04-23 16:57:30,875 [main]---【广告主管理】暂未找到，轮询中...
2018-04-23 16:57:31,410 [main]---【广告主管理】暂未找到，轮询中...
2018-04-23 16:57:31,942 [main]---【广告主管理】暂未找到，轮询中...
2018-04-23 16:57:32,468 [main]---【广告主管理】暂未找到，轮询中...
2018-04-23 16:57:32,999 [main]---【广告主管理】暂未找到，轮询中...
2018-04-23 16:57:33,530 [main]---【广告主管理】暂未找到，轮询中...
2018-04-23 16:57:34,059 [main]---【广告主管理】暂未找到，轮询中...
2018-04-23 16:57:34,589 [main]---【广告主管理】暂未找到，轮询中...
2018-04-23 16:57:35,118 [main]---【广告主管理】暂未找到，轮询中...
2018-04-23 16:57:35,646 [main]---【广告主管理】暂未找到，轮询中...
2018-04-23 16:57:35,647 [main]---【广告主管理】识别失败：识别超时
2018-04-23 16:57:35,997 [main]---截图保存的路径为:screenshotImgs\error_2018_04_23_16_57_35.png
2018-04-23 16:57:36,010 [main]---截图成功！！！
2018-04-23 16:57:36,011 [main]---不能点击【广告主管理】原因是：java.lang.NullPointerException
2018-04-23 16:57:36,012 [main]---测试类：'com.uiframe.testng.TestngRetry' 中的测试方法：'createAdver' 执行失败，重试第 1 次
2018-04-23 16:57:36,012 [main]---【createAdver】测试用例被跳过
2018-04-23 16:57:36,020 [main]---【createAdver】测试用例被跳过
2018-04-23 16:57:36,020 [main]---【createAdver】测试用例开始执行
2018-04-23 16:57:36,022 [main]---【createAdver】测试用例开始执行
2018-04-23 16:57:36,023 [main]---MainPage使用元素文件xml：webElementInfos\MainPage.xml
2018-04-23 16:57:36,050 [main]---【投放管理模块】识别成功
2018-04-23 16:57:36,098 [main]---点击【投放管理模块】
2018-04-23 16:57:39,112 [main]---【广告主管理】识别成功
2018-04-23 16:57:39,645 [main]---点击【广告主管理】
2018-04-23 16:57:39,665 [main]---【新增广告主】识别成功
2018-04-23 16:57:40,998 [main]---点击【新增广告主】
2018-04-23 16:57:40,998 [main]---AddAdverPage使用元素文件xml：webElementInfos\AddAdverPage.xml
2018-04-23 16:57:41,020 [main]---【广告主名称】识别成功
2018-04-23 16:57:41,021 [main]---【createAdver】测试用例执行成功
2018-04-23 16:57:41,022 [main]---【createAdver】测试用例执行成功
2018-04-23 16:57:44,024 [main]---测试执行完毕
2018-04-23 16:57:44,025 [main]---测试执行完毕
2018-04-23 16:58:28,053 [main]---测试初始化
2018-04-23 16:58:28,057 [main]---测试初始化
2018-04-23 16:58:30,971 [main]---实例化谷歌浏览器_ok
2018-04-23 16:58:31,344 [main]---【Login】测试用例开始执行
2018-04-23 16:58:31,354 [main]---【Login】测试用例开始执行
2018-04-23 16:58:31,370 [main]---LoginPage使用元素文件xml：webElementInfos\LoginPage.xml
2018-04-23 16:58:35,616 [main]---打开网址：http://60.166.12.158:4077/login
2018-04-23 16:58:36,818 [main]---MainPage使用元素文件xml：webElementInfos\MainPage.xml
2018-04-23 16:58:36,960 [main]---【欢迎登陆】识别成功
2018-04-23 16:58:36,963 [main]---【Login】测试用例执行成功
2018-04-23 16:58:36,965 [main]---【Login】测试用例执行成功
2018-04-23 16:58:36,966 [main]---【createAdver】测试用例开始执行
2018-04-23 16:58:36,968 [main]---【createAdver】测试用例开始执行
2018-04-23 16:58:36,969 [main]---MainPage使用元素文件xml：webElementInfos\MainPage.xml
2018-04-23 16:58:36,999 [main]---【投放管理模块】识别成功
2018-04-23 16:58:37,064 [main]---点击【投放管理模块】
2018-04-23 16:58:37,088 [main]---【广告主管理】识别成功
2018-04-23 16:58:37,935 [main]---点击【广告主管理】
2018-04-23 16:58:37,956 [main]---【新增广告主】识别成功
2018-04-23 16:58:39,623 [main]---点击【新增广告主】
2018-04-23 16:58:39,625 [main]---AddAdverPage使用元素文件xml：webElementInfos\AddAdverPage.xml
2018-04-23 16:58:39,647 [main]---【广告主名称】识别成功
2018-04-23 16:58:39,648 [main]---【createAdver】测试用例执行成功
2018-04-23 16:58:39,649 [main]---【createAdver】测试用例执行成功
2018-04-23 16:58:42,655 [main]---测试执行完毕
2018-04-23 16:58:42,656 [main]---测试执行完毕
2018-04-23 16:59:49,154 [main]---测试初始化
2018-04-23 16:59:49,158 [main]---测试初始化
2018-04-23 16:59:51,700 [main]---实例化谷歌浏览器_ok
2018-04-23 16:59:51,962 [main]---【Login】测试用例开始执行
2018-04-23 16:59:51,967 [main]---【Login】测试用例开始执行
2018-04-23 16:59:51,981 [main]---LoginPage使用元素文件xml：webElementInfos\LoginPage.xml
2018-04-23 16:59:53,152 [main]---打开网址：http://60.166.12.158:4077/login
2018-04-23 16:59:54,007 [main]---MainPage使用元素文件xml：webElementInfos\MainPage.xml
2018-04-23 16:59:54,048 [main]---【欢迎登陆】识别成功
2018-04-23 16:59:54,050 [main]---【Login】测试用例执行成功
2018-04-23 16:59:54,052 [main]---【Login】测试用例执行成功
2018-04-23 16:59:54,054 [main]---【createAdver】测试用例开始执行
2018-04-23 16:59:54,055 [main]---【createAdver】测试用例开始执行
2018-04-23 16:59:54,057 [main]---测试类：'com.uiframe.testng.TestngRetry' 中的测试方法：'createAdver' 执行失败，重试第 1 次
2018-04-23 16:59:54,058 [main]---【createAdver】测试用例被跳过
2018-04-23 16:59:54,061 [main]---【createAdver】测试用例被跳过
2018-04-23 16:59:54,061 [main]---【createAdver】测试用例开始执行
2018-04-23 16:59:54,063 [main]---【createAdver】测试用例开始执行
2018-04-23 16:59:54,064 [main]---测试类：'com.uiframe.testng.TestngRetry' 中的测试方法：'createAdver' 执行失败，重试第 2 次
2018-04-23 16:59:54,064 [main]---【createAdver】测试用例被跳过
2018-04-23 16:59:54,066 [main]---【createAdver】测试用例被跳过
2018-04-23 16:59:54,066 [main]---【createAdver】测试用例开始执行
2018-04-23 16:59:54,067 [main]---【createAdver】测试用例开始执行
2018-04-23 16:59:54,069 [main]---【createAdver】测试用例执行失败
2018-04-23 16:59:54,071 [main]---【createAdver】测试用例执行失败
2018-04-23 16:59:57,074 [main]---测试执行完毕
2018-04-23 16:59:57,075 [main]---测试执行完毕
2018-04-23 17:01:04,174 [main]---实例化谷歌浏览器_ok
2018-04-23 17:01:24,040 [main]---测试初始化
2018-04-23 17:01:24,044 [main]---测试初始化
2018-04-23 17:01:24,056 [main]---【Login】测试用例开始执行
2018-04-23 17:01:24,061 [main]---【Login】测试用例开始执行
2018-04-23 17:01:24,076 [main]---测试类：'com.uiframe.testng.TestngRetry' 中的测试方法：'Login' 执行失败，重试第 1 次
2018-04-23 17:01:24,076 [main]---【Login】测试用例被跳过
2018-04-23 17:01:24,081 [main]---【Login】测试用例被跳过
2018-04-23 17:01:24,082 [main]---【Login】测试用例开始执行
2018-04-23 17:01:24,083 [main]---【Login】测试用例开始执行
2018-04-23 17:01:24,084 [main]---测试类：'com.uiframe.testng.TestngRetry' 中的测试方法：'Login' 执行失败，重试第 2 次
2018-04-23 17:01:24,084 [main]---【Login】测试用例被跳过
2018-04-23 17:01:24,087 [main]---【Login】测试用例被跳过
2018-04-23 17:01:24,088 [main]---【Login】测试用例开始执行
2018-04-23 17:01:24,089 [main]---【Login】测试用例开始执行
2018-04-23 17:01:24,090 [main]---【Login】测试用例执行失败
2018-04-23 17:01:24,096 [main]---【Login】测试用例执行失败
2018-04-23 17:01:24,097 [main]---【setUp】测试用例开始执行
2018-04-23 17:01:24,098 [main]---【setUp】测试用例开始执行
2018-04-23 17:01:27,177 [main]---实例化谷歌浏览器_ok
2018-04-23 17:01:27,427 [main]---【setUp】测试用例执行成功
2018-04-23 17:01:27,428 [main]---【setUp】测试用例执行成功
2018-04-23 17:01:27,430 [main]---【createAdver】测试用例开始执行
2018-04-23 17:01:27,431 [main]---【createAdver】测试用例开始执行
2018-04-23 17:01:27,433 [main]---测试类：'com.uiframe.testng.TestngRetry' 中的测试方法：'createAdver' 执行失败，重试第 1 次
2018-04-23 17:01:27,433 [main]---【createAdver】测试用例被跳过
2018-04-23 17:01:27,437 [main]---【createAdver】测试用例被跳过
2018-04-23 17:01:27,438 [main]---【createAdver】测试用例开始执行
2018-04-23 17:01:27,439 [main]---【createAdver】测试用例开始执行
2018-04-23 17:01:27,440 [main]---测试类：'com.uiframe.testng.TestngRetry' 中的测试方法：'createAdver' 执行失败，重试第 2 次
2018-04-23 17:01:27,440 [main]---【createAdver】测试用例被跳过
2018-04-23 17:01:27,442 [main]---【createAdver】测试用例被跳过
2018-04-23 17:01:27,442 [main]---【createAdver】测试用例开始执行
2018-04-23 17:01:27,443 [main]---【createAdver】测试用例开始执行
2018-04-23 17:01:27,444 [main]---【createAdver】测试用例执行失败
2018-04-23 17:01:27,446 [main]---【createAdver】测试用例执行失败
2018-04-23 17:01:30,459 [main]---测试执行完毕
2018-04-23 17:01:30,460 [main]---测试执行完毕
