2018-04-24 15:19:36,303 [main]---²âÊÔ³õÊ¼»¯
2018-04-24 15:19:36,353 [main]---¡¾Login¡¿²âÊÔÓÃÀı¿ªÊ¼Ö´ĞĞ
2018-04-24 15:19:36,405 [main]---²âÊÔÀà£º'com.uiframe.testng.TestngRetry' ÖĞµÄ²âÊÔ·½·¨£º'Login' Ö´ĞĞÊ§°Ü£¬ÖØÊÔµÚ 1 ´Î
2018-04-24 15:19:36,406 [main]---¡¾Login¡¿²âÊÔÓÃÀı±»Ìø¹ı
2018-04-24 15:19:36,408 [main]---¡¾Login¡¿²âÊÔÓÃÀı¿ªÊ¼Ö´ĞĞ
2018-04-24 15:19:36,409 [main]---²âÊÔÀà£º'com.uiframe.testng.TestngRetry' ÖĞµÄ²âÊÔ·½·¨£º'Login' Ö´ĞĞÊ§°Ü£¬ÖØÊÔµÚ 2 ´Î
2018-04-24 15:19:36,409 [main]---¡¾Login¡¿²âÊÔÓÃÀı±»Ìø¹ı
2018-04-24 15:19:36,410 [main]---¡¾Login¡¿²âÊÔÓÃÀı¿ªÊ¼Ö´ĞĞ
2018-04-24 15:19:36,416 [main]---¡¾Login¡¿²âÊÔÓÃÀıÖ´ĞĞÊ§°Ü
2018-04-24 15:19:36,417 [main]---¡¾setUp¡¿²âÊÔÓÃÀı¿ªÊ¼Ö´ĞĞ
2018-04-24 15:19:47,553 [main]---ÊµÀı»¯¹È¸èä¯ÀÀÆ÷_ok
2018-04-24 15:19:48,377 [main]---¡¾setUp¡¿²âÊÔÓÃÀıÖ´ĞĞ³É¹¦
2018-04-24 15:19:48,379 [main]---¡¾createAdver¡¿²âÊÔÓÃÀı¿ªÊ¼Ö´ĞĞ
2018-04-24 15:19:48,381 [main]---²âÊÔÀà£º'com.uiframe.testng.TestngRetry' ÖĞµÄ²âÊÔ·½·¨£º'createAdver' Ö´ĞĞÊ§°Ü£¬ÖØÊÔµÚ 1 ´Î
2018-04-24 15:19:48,382 [main]---¡¾createAdver¡¿²âÊÔÓÃÀı±»Ìø¹ı
2018-04-24 15:19:48,382 [main]---¡¾createAdver¡¿²âÊÔÓÃÀı¿ªÊ¼Ö´ĞĞ
2018-04-24 15:19:48,383 [main]---²âÊÔÀà£º'com.uiframe.testng.TestngRetry' ÖĞµÄ²âÊÔ·½·¨£º'createAdver' Ö´ĞĞÊ§°Ü£¬ÖØÊÔµÚ 2 ´Î
2018-04-24 15:19:48,383 [main]---¡¾createAdver¡¿²âÊÔÓÃÀı±»Ìø¹ı
2018-04-24 15:19:48,384 [main]---¡¾createAdver¡¿²âÊÔÓÃÀı¿ªÊ¼Ö´ĞĞ
2018-04-24 15:19:48,385 [main]---¡¾createAdver¡¿²âÊÔÓÃÀıÖ´ĞĞÊ§°Ü
2018-04-24 15:19:51,457 [main]---²âÊÔÖ´ĞĞÍê±Ï
2018-04-24 15:49:46,144 [main]---æµ‹è¯•åˆå§‹åŒ–
2018-04-24 15:49:46,148 [main]---æµ‹è¯•åˆå§‹åŒ–
2018-04-24 15:49:46,160 [main]---ã€Loginã€‘æµ‹è¯•ç”¨ä¾‹å¼€å§‹æ‰§è¡Œ
2018-04-24 15:49:46,164 [main]---ã€Loginã€‘æµ‹è¯•ç”¨ä¾‹å¼€å§‹æ‰§è¡Œ
2018-04-24 15:49:46,180 [main]---æµ‹è¯•ç±»ï¼š'com.uiframe.testng.TestngRetry' ä¸­çš„æµ‹è¯•æ–¹æ³•ï¼š'Login' æ‰§è¡Œå¤±è´¥ï¼Œé‡è¯•ç¬¬ 1 æ¬¡
2018-04-24 15:49:46,181 [main]---ã€Loginã€‘æµ‹è¯•ç”¨ä¾‹è¢«è·³è¿‡
2018-04-24 15:49:46,254 [main]---ã€Loginã€‘æµ‹è¯•ç”¨ä¾‹è¢«è·³è¿‡
2018-04-24 15:49:46,255 [main]---ã€Loginã€‘æµ‹è¯•ç”¨ä¾‹å¼€å§‹æ‰§è¡Œ
2018-04-24 15:49:46,257 [main]---ã€Loginã€‘æµ‹è¯•ç”¨ä¾‹å¼€å§‹æ‰§è¡Œ
2018-04-24 15:49:46,257 [main]---æµ‹è¯•ç±»ï¼š'com.uiframe.testng.TestngRetry' ä¸­çš„æµ‹è¯•æ–¹æ³•ï¼š'Login' æ‰§è¡Œå¤±è´¥ï¼Œé‡è¯•ç¬¬ 2 æ¬¡
2018-04-24 15:49:46,257 [main]---ã€Loginã€‘æµ‹è¯•ç”¨ä¾‹è¢«è·³è¿‡
2018-04-24 15:49:46,260 [main]---ã€Loginã€‘æµ‹è¯•ç”¨ä¾‹è¢«è·³è¿‡
2018-04-24 15:49:46,262 [main]---ã€Loginã€‘æµ‹è¯•ç”¨ä¾‹å¼€å§‹æ‰§è¡Œ
2018-04-24 15:49:46,264 [main]---ã€Loginã€‘æµ‹è¯•ç”¨ä¾‹å¼€å§‹æ‰§è¡Œ
2018-04-24 15:49:46,266 [main]---ã€Loginã€‘æµ‹è¯•ç”¨ä¾‹æ‰§è¡Œå¤±è´¥
2018-04-24 15:49:46,276 [main]---ã€Loginã€‘æµ‹è¯•ç”¨ä¾‹æ‰§è¡Œå¤±è´¥
2018-04-24 15:49:46,279 [main]---ã€setUpã€‘æµ‹è¯•ç”¨ä¾‹å¼€å§‹æ‰§è¡Œ
2018-04-24 15:49:46,284 [main]---ã€setUpã€‘æµ‹è¯•ç”¨ä¾‹å¼€å§‹æ‰§è¡Œ
2018-04-24 15:49:51,646 [main]---å®ä¾‹åŒ–è°·æ­Œæµè§ˆå™¨_ok
2018-04-24 15:49:51,923 [main]---ã€setUpã€‘æµ‹è¯•ç”¨ä¾‹æ‰§è¡ŒæˆåŠŸ
2018-04-24 15:49:51,924 [main]---ã€setUpã€‘æµ‹è¯•ç”¨ä¾‹æ‰§è¡ŒæˆåŠŸ
2018-04-24 15:49:51,926 [main]---ã€createAdverã€‘æµ‹è¯•ç”¨ä¾‹å¼€å§‹æ‰§è¡Œ
2018-04-24 15:49:51,927 [main]---ã€createAdverã€‘æµ‹è¯•ç”¨ä¾‹å¼€å§‹æ‰§è¡Œ
2018-04-24 15:49:51,929 [main]---æµ‹è¯•ç±»ï¼š'com.uiframe.testng.TestngRetry' ä¸­çš„æµ‹è¯•æ–¹æ³•ï¼š'createAdver' æ‰§è¡Œå¤±è´¥ï¼Œé‡è¯•ç¬¬ 1 æ¬¡
2018-04-24 15:49:51,929 [main]---ã€createAdverã€‘æµ‹è¯•ç”¨ä¾‹è¢«è·³è¿‡
2018-04-24 15:49:51,931 [main]---ã€createAdverã€‘æµ‹è¯•ç”¨ä¾‹è¢«è·³è¿‡
2018-04-24 15:49:51,931 [main]---ã€createAdverã€‘æµ‹è¯•ç”¨ä¾‹å¼€å§‹æ‰§è¡Œ
2018-04-24 15:49:51,933 [main]---ã€createAdverã€‘æµ‹è¯•ç”¨ä¾‹å¼€å§‹æ‰§è¡Œ
2018-04-24 15:49:51,933 [main]---æµ‹è¯•ç±»ï¼š'com.uiframe.testng.TestngRetry' ä¸­çš„æµ‹è¯•æ–¹æ³•ï¼š'createAdver' æ‰§è¡Œå¤±è´¥ï¼Œé‡è¯•ç¬¬ 2 æ¬¡
2018-04-24 15:49:51,934 [main]---ã€createAdverã€‘æµ‹è¯•ç”¨ä¾‹è¢«è·³è¿‡
2018-04-24 15:49:51,936 [main]---ã€createAdverã€‘æµ‹è¯•ç”¨ä¾‹è¢«è·³è¿‡
2018-04-24 15:49:51,936 [main]---ã€createAdverã€‘æµ‹è¯•ç”¨ä¾‹å¼€å§‹æ‰§è¡Œ
2018-04-24 15:49:51,943 [main]---ã€createAdverã€‘æµ‹è¯•ç”¨ä¾‹å¼€å§‹æ‰§è¡Œ
2018-04-24 15:49:51,944 [main]---ã€createAdverã€‘æµ‹è¯•ç”¨ä¾‹æ‰§è¡Œå¤±è´¥
2018-04-24 15:49:51,947 [main]---ã€createAdverã€‘æµ‹è¯•ç”¨ä¾‹æ‰§è¡Œå¤±è´¥
2018-04-24 15:49:54,949 [main]---æµ‹è¯•æ‰§è¡Œå®Œæ¯•
2018-04-24 15:49:54,951 [main]---æµ‹è¯•æ‰§è¡Œå®Œæ¯•
2018-04-24 16:26:31,625 [main]---æµ‹è¯•åˆå§‹åŒ–
2018-04-24 16:26:31,628 [main]---æµ‹è¯•åˆå§‹åŒ–
2018-04-24 16:26:31,640 [main]---ã€Loginã€‘æµ‹è¯•ç”¨ä¾‹å¼€å§‹æ‰§è¡Œ
2018-04-24 16:26:31,644 [main]---ã€Loginã€‘æµ‹è¯•ç”¨ä¾‹å¼€å§‹æ‰§è¡Œ
2018-04-24 16:26:31,660 [main]---æµ‹è¯•ç±»ï¼š'com.uiframe.testng.TestngRetry' ä¸­çš„æµ‹è¯•æ–¹æ³•ï¼š'Login' æ‰§è¡Œå¤±è´¥ï¼Œé‡è¯•ç¬¬ 1 æ¬¡
2018-04-24 16:26:31,661 [main]---ã€Loginã€‘æµ‹è¯•ç”¨ä¾‹è¢«è·³è¿‡
2018-04-24 16:26:31,663 [main]---ã€Loginã€‘æµ‹è¯•ç”¨ä¾‹è¢«è·³è¿‡
2018-04-24 16:26:31,664 [main]---ã€Loginã€‘æµ‹è¯•ç”¨ä¾‹å¼€å§‹æ‰§è¡Œ
2018-04-24 16:26:31,666 [main]---ã€Loginã€‘æµ‹è¯•ç”¨ä¾‹å¼€å§‹æ‰§è¡Œ
2018-04-24 16:26:31,666 [main]---æµ‹è¯•ç±»ï¼š'com.uiframe.testng.TestngRetry' ä¸­çš„æµ‹è¯•æ–¹æ³•ï¼š'Login' æ‰§è¡Œå¤±è´¥ï¼Œé‡è¯•ç¬¬ 2 æ¬¡
2018-04-24 16:26:31,667 [main]---ã€Loginã€‘æµ‹è¯•ç”¨ä¾‹è¢«è·³è¿‡
2018-04-24 16:26:31,674 [main]---ã€Loginã€‘æµ‹è¯•ç”¨ä¾‹è¢«è·³è¿‡
2018-04-24 16:26:31,676 [main]---ã€Loginã€‘æµ‹è¯•ç”¨ä¾‹å¼€å§‹æ‰§è¡Œ
2018-04-24 16:26:31,682 [main]---ã€Loginã€‘æµ‹è¯•ç”¨ä¾‹å¼€å§‹æ‰§è¡Œ
2018-04-24 16:26:31,684 [main]---ã€Loginã€‘æµ‹è¯•ç”¨ä¾‹æ‰§è¡Œå¤±è´¥
2018-04-24 16:26:31,689 [main]---ã€Loginã€‘æµ‹è¯•ç”¨ä¾‹æ‰§è¡Œå¤±è´¥
2018-04-24 16:26:31,690 [main]---ã€setUpã€‘æµ‹è¯•ç”¨ä¾‹å¼€å§‹æ‰§è¡Œ
2018-04-24 16:26:31,691 [main]---ã€setUpã€‘æµ‹è¯•ç”¨ä¾‹å¼€å§‹æ‰§è¡Œ
2018-04-24 16:26:35,370 [main]---å®ä¾‹åŒ–è°·æ­Œæµè§ˆå™¨_ok
2018-04-24 16:26:35,654 [main]---ã€setUpã€‘æµ‹è¯•ç”¨ä¾‹æ‰§è¡ŒæˆåŠŸ
2018-04-24 16:26:35,655 [main]---ã€setUpã€‘æµ‹è¯•ç”¨ä¾‹æ‰§è¡ŒæˆåŠŸ
2018-04-24 16:26:35,658 [main]---ã€createAdverã€‘æµ‹è¯•ç”¨ä¾‹å¼€å§‹æ‰§è¡Œ
2018-04-24 16:26:35,659 [main]---ã€createAdverã€‘æµ‹è¯•ç”¨ä¾‹å¼€å§‹æ‰§è¡Œ
2018-04-24 16:26:35,661 [main]---æµ‹è¯•ç±»ï¼š'com.uiframe.testng.TestngRetry' ä¸­çš„æµ‹è¯•æ–¹æ³•ï¼š'createAdver' æ‰§è¡Œå¤±è´¥ï¼Œé‡è¯•ç¬¬ 1 æ¬¡
2018-04-24 16:26:35,661 [main]---ã€createAdverã€‘æµ‹è¯•ç”¨ä¾‹è¢«è·³è¿‡
2018-04-24 16:26:35,663 [main]---ã€createAdverã€‘æµ‹è¯•ç”¨ä¾‹è¢«è·³è¿‡
2018-04-24 16:26:35,665 [main]---ã€createAdverã€‘æµ‹è¯•ç”¨ä¾‹å¼€å§‹æ‰§è¡Œ
2018-04-24 16:26:35,667 [main]---ã€createAdverã€‘æµ‹è¯•ç”¨ä¾‹å¼€å§‹æ‰§è¡Œ
2018-04-24 16:26:35,667 [main]---æµ‹è¯•ç±»ï¼š'com.uiframe.testng.TestngRetry' ä¸­çš„æµ‹è¯•æ–¹æ³•ï¼š'createAdver' æ‰§è¡Œå¤±è´¥ï¼Œé‡è¯•ç¬¬ 2 æ¬¡
2018-04-24 16:26:35,668 [main]---ã€createAdverã€‘æµ‹è¯•ç”¨ä¾‹è¢«è·³è¿‡
2018-04-24 16:26:35,669 [main]---ã€createAdverã€‘æµ‹è¯•ç”¨ä¾‹è¢«è·³è¿‡
2018-04-24 16:26:35,670 [main]---ã€createAdverã€‘æµ‹è¯•ç”¨ä¾‹å¼€å§‹æ‰§è¡Œ
2018-04-24 16:26:35,673 [main]---ã€createAdverã€‘æµ‹è¯•ç”¨ä¾‹å¼€å§‹æ‰§è¡Œ
2018-04-24 16:26:35,674 [main]---ã€createAdverã€‘æµ‹è¯•ç”¨ä¾‹æ‰§è¡Œå¤±è´¥
2018-04-24 16:26:35,676 [main]---ã€createAdverã€‘æµ‹è¯•ç”¨ä¾‹æ‰§è¡Œå¤±è´¥
2018-04-24 16:26:38,680 [main]---æµ‹è¯•æ‰§è¡Œå®Œæ¯•
2018-04-24 16:26:38,681 [main]---æµ‹è¯•æ‰§è¡Œå®Œæ¯•
2018-04-24 16:27:07,836 [main]---æµ‹è¯•åˆå§‹åŒ–
2018-04-24 16:27:07,840 [main]---æµ‹è¯•åˆå§‹åŒ–
2018-04-24 16:27:07,852 [main]---ã€Loginã€‘æµ‹è¯•ç”¨ä¾‹å¼€å§‹æ‰§è¡Œ
2018-04-24 16:27:07,856 [main]---ã€Loginã€‘æµ‹è¯•ç”¨ä¾‹å¼€å§‹æ‰§è¡Œ
2018-04-24 16:27:07,873 [main]---æµ‹è¯•ç±»ï¼š'com.uiframe.testng.TestngRetry' ä¸­çš„æµ‹è¯•æ–¹æ³•ï¼š'Login' æ‰§è¡Œå¤±è´¥ï¼Œé‡è¯•ç¬¬ 1 æ¬¡
2018-04-24 16:27:07,875 [main]---ã€Loginã€‘æµ‹è¯•ç”¨ä¾‹è¢«è·³è¿‡
2018-04-24 16:27:07,878 [main]---ã€Loginã€‘æµ‹è¯•ç”¨ä¾‹è¢«è·³è¿‡
2018-04-24 16:27:07,879 [main]---ã€Loginã€‘æµ‹è¯•ç”¨ä¾‹å¼€å§‹æ‰§è¡Œ
2018-04-24 16:27:07,880 [main]---ã€Loginã€‘æµ‹è¯•ç”¨ä¾‹å¼€å§‹æ‰§è¡Œ
2018-04-24 16:27:07,881 [main]---æµ‹è¯•ç±»ï¼š'com.uiframe.testng.TestngRetry' ä¸­çš„æµ‹è¯•æ–¹æ³•ï¼š'Login' æ‰§è¡Œå¤±è´¥ï¼Œé‡è¯•ç¬¬ 2 æ¬¡
2018-04-24 16:27:07,881 [main]---ã€Loginã€‘æµ‹è¯•ç”¨ä¾‹è¢«è·³è¿‡
2018-04-24 16:27:07,883 [main]---ã€Loginã€‘æµ‹è¯•ç”¨ä¾‹è¢«è·³è¿‡
2018-04-24 16:27:07,884 [main]---ã€Loginã€‘æµ‹è¯•ç”¨ä¾‹å¼€å§‹æ‰§è¡Œ
2018-04-24 16:27:07,885 [main]---ã€Loginã€‘æµ‹è¯•ç”¨ä¾‹å¼€å§‹æ‰§è¡Œ
2018-04-24 16:27:07,886 [main]---ã€Loginã€‘æµ‹è¯•ç”¨ä¾‹æ‰§è¡Œå¤±è´¥
2018-04-24 16:27:07,888 [main]---ã€Loginã€‘æµ‹è¯•ç”¨ä¾‹æ‰§è¡Œå¤±è´¥
2018-04-24 16:27:07,889 [main]---ã€setUpã€‘æµ‹è¯•ç”¨ä¾‹å¼€å§‹æ‰§è¡Œ
2018-04-24 16:27:07,891 [main]---ã€setUpã€‘æµ‹è¯•ç”¨ä¾‹å¼€å§‹æ‰§è¡Œ
2018-04-24 16:27:11,194 [main]---å®ä¾‹åŒ–è°·æ­Œæµè§ˆå™¨_ok
2018-04-24 16:27:11,464 [main]---ã€setUpã€‘æµ‹è¯•ç”¨ä¾‹æ‰§è¡ŒæˆåŠŸ
2018-04-24 16:27:11,466 [main]---ã€setUpã€‘æµ‹è¯•ç”¨ä¾‹æ‰§è¡ŒæˆåŠŸ
2018-04-24 16:27:11,468 [main]---æµ‹è¯•æ‰§è¡Œå®Œæ¯•
2018-04-24 16:27:11,469 [main]---æµ‹è¯•æ‰§è¡Œå®Œæ¯•
2018-04-24 16:32:50,581 [main]---æµ‹è¯•åˆå§‹åŒ–
2018-04-24 16:32:50,584 [main]---æµ‹è¯•åˆå§‹åŒ–
2018-04-24 16:32:50,596 [main]---ã€setUpã€‘æµ‹è¯•ç”¨ä¾‹å¼€å§‹æ‰§è¡Œ
2018-04-24 16:32:50,600 [main]---ã€setUpã€‘æµ‹è¯•ç”¨ä¾‹å¼€å§‹æ‰§è¡Œ
2018-04-24 16:32:53,861 [main]---å®ä¾‹åŒ–è°·æ­Œæµè§ˆå™¨_ok
2018-04-24 16:32:54,146 [main]---ã€setUpã€‘æµ‹è¯•ç”¨ä¾‹æ‰§è¡ŒæˆåŠŸ
2018-04-24 16:32:54,147 [main]---ã€setUpã€‘æµ‹è¯•ç”¨ä¾‹æ‰§è¡ŒæˆåŠŸ
2018-04-24 16:32:54,148 [main]---ã€Loginã€‘æµ‹è¯•ç”¨ä¾‹å¼€å§‹æ‰§è¡Œ
2018-04-24 16:32:54,149 [main]---ã€Loginã€‘æµ‹è¯•ç”¨ä¾‹å¼€å§‹æ‰§è¡Œ
2018-04-24 16:32:54,273 [main]---LoginPageä½¿ç”¨å…ƒç´ æ–‡ä»¶xmlï¼šwebElementInfos\LoginPage.xml
2018-04-24 16:32:56,863 [main]---æ‰“å¼€ç½‘å€ï¼šhttp://60.166.12.158:4077/login
2018-04-24 16:32:57,998 [main]---MainPageä½¿ç”¨å…ƒç´ æ–‡ä»¶xmlï¼šwebElementInfos\MainPage.xml
2018-04-24 16:32:58,098 [main]---ã€æ¬¢è¿ç™»é™†ã€‘è¯†åˆ«æˆåŠŸ
2018-04-24 16:32:58,099 [main]---ã€Loginã€‘æµ‹è¯•ç”¨ä¾‹æ‰§è¡ŒæˆåŠŸ
2018-04-24 16:32:58,100 [main]---ã€Loginã€‘æµ‹è¯•ç”¨ä¾‹æ‰§è¡ŒæˆåŠŸ
2018-04-24 16:32:58,102 [main]---ã€createAdverã€‘æµ‹è¯•ç”¨ä¾‹å¼€å§‹æ‰§è¡Œ
2018-04-24 16:32:58,103 [main]---ã€createAdverã€‘æµ‹è¯•ç”¨ä¾‹å¼€å§‹æ‰§è¡Œ
2018-04-24 16:32:58,105 [main]---æµ‹è¯•ç±»ï¼š'com.uiframe.testng.TestngRetry' ä¸­çš„æµ‹è¯•æ–¹æ³•ï¼š'createAdver' æ‰§è¡Œå¤±è´¥ï¼Œé‡è¯•ç¬¬ 1 æ¬¡
2018-04-24 16:32:58,106 [main]---ã€createAdverã€‘æµ‹è¯•ç”¨ä¾‹è¢«è·³è¿‡
2018-04-24 16:32:58,109 [main]---ã€createAdverã€‘æµ‹è¯•ç”¨ä¾‹è¢«è·³è¿‡
2018-04-24 16:32:58,110 [main]---ã€createAdverã€‘æµ‹è¯•ç”¨ä¾‹å¼€å§‹æ‰§è¡Œ
2018-04-24 16:32:58,111 [main]---ã€createAdverã€‘æµ‹è¯•ç”¨ä¾‹å¼€å§‹æ‰§è¡Œ
2018-04-24 16:32:58,111 [main]---æµ‹è¯•ç±»ï¼š'com.uiframe.testng.TestngRetry' ä¸­çš„æµ‹è¯•æ–¹æ³•ï¼š'createAdver' æ‰§è¡Œå¤±è´¥ï¼Œé‡è¯•ç¬¬ 2 æ¬¡
2018-04-24 16:32:58,112 [main]---ã€createAdverã€‘æµ‹è¯•ç”¨ä¾‹è¢«è·³è¿‡
2018-04-24 16:32:58,113 [main]---ã€createAdverã€‘æµ‹è¯•ç”¨ä¾‹è¢«è·³è¿‡
2018-04-24 16:32:58,113 [main]---ã€createAdverã€‘æµ‹è¯•ç”¨ä¾‹å¼€å§‹æ‰§è¡Œ
2018-04-24 16:32:58,114 [main]---ã€createAdverã€‘æµ‹è¯•ç”¨ä¾‹å¼€å§‹æ‰§è¡Œ
2018-04-24 16:32:58,115 [main]---ã€createAdverã€‘æµ‹è¯•ç”¨ä¾‹æ‰§è¡Œå¤±è´¥
2018-04-24 16:32:58,118 [main]---ã€createAdverã€‘æµ‹è¯•ç”¨ä¾‹æ‰§è¡Œå¤±è´¥
2018-04-24 16:33:01,122 [main]---æµ‹è¯•æ‰§è¡Œå®Œæ¯•
2018-04-24 16:33:01,123 [main]---æµ‹è¯•æ‰§è¡Œå®Œæ¯•
2018-04-24 17:57:15,513 [main]---æµ‹è¯•åˆå§‹åŒ–
2018-04-24 17:57:15,554 [main]---æµ‹è¯•åˆå§‹åŒ–
2018-04-24 17:57:15,571 [main]---ã€setUpã€‘æµ‹è¯•ç”¨ä¾‹å¼€å§‹æ‰§è¡Œ
2018-04-24 17:57:15,577 [main]---ã€setUpã€‘æµ‹è¯•ç”¨ä¾‹å¼€å§‹æ‰§è¡Œ
2018-04-24 17:57:22,017 [main]---å®ä¾‹åŒ–è°·æ­Œæµè§ˆå™¨_ok
2018-04-24 17:57:25,699 [main]---ã€setUpã€‘æµ‹è¯•ç”¨ä¾‹æ‰§è¡ŒæˆåŠŸ
2018-04-24 17:57:25,700 [main]---ã€setUpã€‘æµ‹è¯•ç”¨ä¾‹æ‰§è¡ŒæˆåŠŸ
2018-04-24 17:57:25,701 [main]---ã€Loginã€‘æµ‹è¯•ç”¨ä¾‹å¼€å§‹æ‰§è¡Œ
2018-04-24 17:57:25,706 [main]---ã€Loginã€‘æµ‹è¯•ç”¨ä¾‹å¼€å§‹æ‰§è¡Œ
2018-04-24 17:57:25,836 [main]---LoginPageä½¿ç”¨å…ƒç´ æ–‡ä»¶xmlï¼šwebElementInfos\LoginPage.xml
2018-04-24 17:57:31,860 [main]---æ‰“å¼€ç½‘å€ï¼šhttp://60.166.12.158:4077/login
2018-04-24 17:57:34,230 [main]---MainPageä½¿ç”¨å…ƒç´ æ–‡ä»¶xmlï¼šwebElementInfos\MainPage.xml
2018-04-24 17:57:34,307 [main]---ã€æ¬¢è¿ç™»é™†ã€‘è¯†åˆ«æˆåŠŸ
2018-04-24 17:57:34,309 [main]---ã€Loginã€‘æµ‹è¯•ç”¨ä¾‹æ‰§è¡ŒæˆåŠŸ
2018-04-24 17:57:34,310 [main]---ã€Loginã€‘æµ‹è¯•ç”¨ä¾‹æ‰§è¡ŒæˆåŠŸ
2018-04-24 17:57:34,313 [main]---ã€createAdverã€‘æµ‹è¯•ç”¨ä¾‹å¼€å§‹æ‰§è¡Œ
2018-04-24 17:57:34,314 [main]---ã€createAdverã€‘æµ‹è¯•ç”¨ä¾‹å¼€å§‹æ‰§è¡Œ
2018-04-24 17:57:34,317 [main]---æµ‹è¯•ç±»ï¼š'com.uiframe.testng.TestngRetry' ä¸­çš„æµ‹è¯•æ–¹æ³•ï¼š'createAdver' æ‰§è¡Œå¤±è´¥ï¼Œé‡è¯•ç¬¬ 1 æ¬¡
2018-04-24 17:57:34,317 [main]---ã€createAdverã€‘æµ‹è¯•ç”¨ä¾‹è¢«è·³è¿‡
2018-04-24 17:57:34,347 [main]---ã€createAdverã€‘æµ‹è¯•ç”¨ä¾‹è¢«è·³è¿‡
2018-04-24 17:57:34,347 [main]---ã€createAdverã€‘æµ‹è¯•ç”¨ä¾‹å¼€å§‹æ‰§è¡Œ
2018-04-24 17:57:34,348 [main]---ã€createAdverã€‘æµ‹è¯•ç”¨ä¾‹å¼€å§‹æ‰§è¡Œ
2018-04-24 17:57:34,349 [main]---æµ‹è¯•ç±»ï¼š'com.uiframe.testng.TestngRetry' ä¸­çš„æµ‹è¯•æ–¹æ³•ï¼š'createAdver' æ‰§è¡Œå¤±è´¥ï¼Œé‡è¯•ç¬¬ 2 æ¬¡
2018-04-24 17:57:34,349 [main]---ã€createAdverã€‘æµ‹è¯•ç”¨ä¾‹è¢«è·³è¿‡
2018-04-24 17:57:34,352 [main]---ã€createAdverã€‘æµ‹è¯•ç”¨ä¾‹è¢«è·³è¿‡
2018-04-24 17:57:34,353 [main]---ã€createAdverã€‘æµ‹è¯•ç”¨ä¾‹å¼€å§‹æ‰§è¡Œ
2018-04-24 17:57:34,356 [main]---ã€createAdverã€‘æµ‹è¯•ç”¨ä¾‹å¼€å§‹æ‰§è¡Œ
2018-04-24 17:57:34,357 [main]---ã€createAdverã€‘æµ‹è¯•ç”¨ä¾‹æ‰§è¡Œå¤±è´¥
2018-04-24 17:57:34,363 [main]---ã€createAdverã€‘æµ‹è¯•ç”¨ä¾‹æ‰§è¡Œå¤±è´¥
2018-04-24 17:57:34,364 [main]---ã€tearDownã€‘æµ‹è¯•ç”¨ä¾‹å¼€å§‹æ‰§è¡Œ
2018-04-24 17:57:34,366 [main]---ã€tearDownã€‘æµ‹è¯•ç”¨ä¾‹å¼€å§‹æ‰§è¡Œ
2018-04-24 17:57:37,366 [main]---æµ‹è¯•ç±»ï¼š'com.uiframe.testng.TestngRetry' ä¸­çš„æµ‹è¯•æ–¹æ³•ï¼š'tearDown' æ‰§è¡Œå¤±è´¥ï¼Œé‡è¯•ç¬¬ 1 æ¬¡
2018-04-24 17:57:37,366 [main]---ã€tearDownã€‘æµ‹è¯•ç”¨ä¾‹è¢«è·³è¿‡
2018-04-24 17:57:37,368 [main]---ã€tearDownã€‘æµ‹è¯•ç”¨ä¾‹è¢«è·³è¿‡
2018-04-24 17:57:37,368 [main]---ã€tearDownã€‘æµ‹è¯•ç”¨ä¾‹å¼€å§‹æ‰§è¡Œ
2018-04-24 17:57:37,369 [main]---ã€tearDownã€‘æµ‹è¯•ç”¨ä¾‹å¼€å§‹æ‰§è¡Œ
2018-04-24 17:57:40,370 [main]---æµ‹è¯•ç±»ï¼š'com.uiframe.testng.TestngRetry' ä¸­çš„æµ‹è¯•æ–¹æ³•ï¼š'tearDown' æ‰§è¡Œå¤±è´¥ï¼Œé‡è¯•ç¬¬ 2 æ¬¡
2018-04-24 17:57:40,370 [main]---ã€tearDownã€‘æµ‹è¯•ç”¨ä¾‹è¢«è·³è¿‡
2018-04-24 17:57:40,372 [main]---ã€tearDownã€‘æµ‹è¯•ç”¨ä¾‹è¢«è·³è¿‡
2018-04-24 17:57:40,373 [main]---ã€tearDownã€‘æµ‹è¯•ç”¨ä¾‹å¼€å§‹æ‰§è¡Œ
2018-04-24 17:57:40,376 [main]---ã€tearDownã€‘æµ‹è¯•ç”¨ä¾‹å¼€å§‹æ‰§è¡Œ
2018-04-24 17:57:43,377 [main]---ã€tearDownã€‘æµ‹è¯•ç”¨ä¾‹æ‰§è¡Œå¤±è´¥
2018-04-24 17:57:43,380 [main]---ã€tearDownã€‘æµ‹è¯•ç”¨ä¾‹æ‰§è¡Œå¤±è´¥
2018-04-24 17:57:43,381 [main]---æµ‹è¯•æ‰§è¡Œå®Œæ¯•
2018-04-24 17:57:43,382 [main]---æµ‹è¯•æ‰§è¡Œå®Œæ¯•
2018-04-24 18:00:17,057 [main]---æµ‹è¯•åˆå§‹åŒ–
2018-04-24 18:00:17,064 [main]---æµ‹è¯•åˆå§‹åŒ–
2018-04-24 18:00:17,081 [main]---ã€setUpã€‘æµ‹è¯•ç”¨ä¾‹å¼€å§‹æ‰§è¡Œ
2018-04-24 18:00:17,088 [main]---ã€setUpã€‘æµ‹è¯•ç”¨ä¾‹å¼€å§‹æ‰§è¡Œ
2018-04-24 18:00:20,759 [main]---å®ä¾‹åŒ–è°·æ­Œæµè§ˆå™¨_ok
2018-04-24 18:00:21,039 [main]---ã€setUpã€‘æµ‹è¯•ç”¨ä¾‹æ‰§è¡ŒæˆåŠŸ
2018-04-24 18:00:21,041 [main]---ã€setUpã€‘æµ‹è¯•ç”¨ä¾‹æ‰§è¡ŒæˆåŠŸ
2018-04-24 18:00:21,042 [main]---ã€Loginã€‘æµ‹è¯•ç”¨ä¾‹å¼€å§‹æ‰§è¡Œ
2018-04-24 18:00:21,047 [main]---ã€Loginã€‘æµ‹è¯•ç”¨ä¾‹å¼€å§‹æ‰§è¡Œ
2018-04-24 18:00:21,057 [main]---LoginPageä½¿ç”¨å…ƒç´ æ–‡ä»¶xmlï¼šwebElementInfos\LoginPage.xml
2018-04-24 18:00:25,213 [main]---æ‰“å¼€ç½‘å€ï¼šhttp://60.166.12.158:4077/login
2018-04-24 18:00:26,899 [main]---MainPageä½¿ç”¨å…ƒç´ æ–‡ä»¶xmlï¼šwebElementInfos\MainPage.xml
2018-04-24 18:00:26,951 [main]---ã€æ¬¢è¿ç™»é™†ã€‘è¯†åˆ«æˆåŠŸ
2018-04-24 18:00:26,954 [main]---ã€Loginã€‘æµ‹è¯•ç”¨ä¾‹æ‰§è¡ŒæˆåŠŸ
2018-04-24 18:00:26,955 [main]---ã€Loginã€‘æµ‹è¯•ç”¨ä¾‹æ‰§è¡ŒæˆåŠŸ
2018-04-24 18:00:26,957 [main]---ã€createAdverã€‘æµ‹è¯•ç”¨ä¾‹å¼€å§‹æ‰§è¡Œ
2018-04-24 18:00:26,959 [main]---ã€createAdverã€‘æµ‹è¯•ç”¨ä¾‹å¼€å§‹æ‰§è¡Œ
2018-04-24 18:00:26,963 [main]---æµ‹è¯•ç±»ï¼š'com.uiframe.testng.TestngRetry' ä¸­çš„æµ‹è¯•æ–¹æ³•ï¼š'createAdver' æ‰§è¡Œå¤±è´¥ï¼Œé‡è¯•ç¬¬ 1 æ¬¡
2018-04-24 18:00:26,971 [main]---ã€createAdverã€‘æµ‹è¯•ç”¨ä¾‹å¼€å§‹æ‰§è¡Œ
2018-04-24 18:00:26,973 [main]---ã€createAdverã€‘æµ‹è¯•ç”¨ä¾‹å¼€å§‹æ‰§è¡Œ
2018-04-24 18:00:26,973 [main]---æµ‹è¯•ç±»ï¼š'com.uiframe.testng.TestngRetry' ä¸­çš„æµ‹è¯•æ–¹æ³•ï¼š'createAdver' æ‰§è¡Œå¤±è´¥ï¼Œé‡è¯•ç¬¬ 2 æ¬¡
2018-04-24 18:00:26,978 [main]---ã€createAdverã€‘æµ‹è¯•ç”¨ä¾‹å¼€å§‹æ‰§è¡Œ
2018-04-24 18:00:26,979 [main]---ã€createAdverã€‘æµ‹è¯•ç”¨ä¾‹å¼€å§‹æ‰§è¡Œ
2018-04-24 18:00:26,980 [main]---ã€createAdverã€‘æµ‹è¯•ç”¨ä¾‹æ‰§è¡Œå¤±è´¥
2018-04-24 18:00:26,986 [main]---ã€createAdverã€‘æµ‹è¯•ç”¨ä¾‹æ‰§è¡Œå¤±è´¥
2018-04-24 18:00:26,987 [main]---ã€tearDownã€‘æµ‹è¯•ç”¨ä¾‹å¼€å§‹æ‰§è¡Œ
2018-04-24 18:00:26,988 [main]---ã€tearDownã€‘æµ‹è¯•ç”¨ä¾‹å¼€å§‹æ‰§è¡Œ
2018-04-24 18:00:29,990 [main]---æµ‹è¯•ç±»ï¼š'com.uiframe.testng.TestngRetry' ä¸­çš„æµ‹è¯•æ–¹æ³•ï¼š'tearDown' æ‰§è¡Œå¤±è´¥ï¼Œé‡è¯•ç¬¬ 1 æ¬¡
2018-04-24 18:00:29,992 [main]---ã€tearDownã€‘æµ‹è¯•ç”¨ä¾‹å¼€å§‹æ‰§è¡Œ
2018-04-24 18:00:29,993 [main]---ã€tearDownã€‘æµ‹è¯•ç”¨ä¾‹å¼€å§‹æ‰§è¡Œ
2018-04-24 18:00:32,994 [main]---æµ‹è¯•ç±»ï¼š'com.uiframe.testng.TestngRetry' ä¸­çš„æµ‹è¯•æ–¹æ³•ï¼š'tearDown' æ‰§è¡Œå¤±è´¥ï¼Œé‡è¯•ç¬¬ 2 æ¬¡
2018-04-24 18:00:32,996 [main]---ã€tearDownã€‘æµ‹è¯•ç”¨ä¾‹å¼€å§‹æ‰§è¡Œ
2018-04-24 18:00:32,997 [main]---ã€tearDownã€‘æµ‹è¯•ç”¨ä¾‹å¼€å§‹æ‰§è¡Œ
2018-04-24 18:00:35,998 [main]---ã€tearDownã€‘æµ‹è¯•ç”¨ä¾‹æ‰§è¡Œå¤±è´¥
2018-04-24 18:00:36,002 [main]---ã€tearDownã€‘æµ‹è¯•ç”¨ä¾‹æ‰§è¡Œå¤±è´¥
2018-04-24 18:00:36,003 [main]---æµ‹è¯•æ‰§è¡Œå®Œæ¯•
2018-04-24 18:00:36,004 [main]---æµ‹è¯•æ‰§è¡Œå®Œæ¯•
2018-04-24 18:01:39,759 [main]---æµ‹è¯•åˆå§‹åŒ–
2018-04-24 18:01:39,765 [main]---æµ‹è¯•åˆå§‹åŒ–
2018-04-24 18:01:39,776 [main]---ã€setUpã€‘æµ‹è¯•ç”¨ä¾‹å¼€å§‹æ‰§è¡Œ
2018-04-24 18:01:39,781 [main]---ã€setUpã€‘æµ‹è¯•ç”¨ä¾‹å¼€å§‹æ‰§è¡Œ
2018-04-24 18:01:42,460 [main]---å®ä¾‹åŒ–è°·æ­Œæµè§ˆå™¨_ok
2018-04-24 18:01:42,725 [main]---ã€setUpã€‘æµ‹è¯•ç”¨ä¾‹æ‰§è¡ŒæˆåŠŸ
2018-04-24 18:01:42,727 [main]---ã€setUpã€‘æµ‹è¯•ç”¨ä¾‹æ‰§è¡ŒæˆåŠŸ
2018-04-24 18:01:42,728 [main]---ã€Loginã€‘æµ‹è¯•ç”¨ä¾‹å¼€å§‹æ‰§è¡Œ
2018-04-24 18:01:42,731 [main]---ã€Loginã€‘æµ‹è¯•ç”¨ä¾‹å¼€å§‹æ‰§è¡Œ
2018-04-24 18:01:42,743 [main]---LoginPageä½¿ç”¨å…ƒç´ æ–‡ä»¶xmlï¼šwebElementInfos\LoginPage.xml
2018-04-24 18:01:45,269 [main]---æ‰“å¼€ç½‘å€ï¼šhttp://60.166.12.158:4077/login
2018-04-24 18:01:46,692 [main]---MainPageä½¿ç”¨å…ƒç´ æ–‡ä»¶xmlï¼šwebElementInfos\MainPage.xml
2018-04-24 18:01:46,729 [main]---ã€æ¬¢è¿ç™»é™†ã€‘è¯†åˆ«æˆåŠŸ
2018-04-24 18:01:46,731 [main]---ã€Loginã€‘æµ‹è¯•ç”¨ä¾‹æ‰§è¡ŒæˆåŠŸ
2018-04-24 18:01:46,732 [main]---ã€Loginã€‘æµ‹è¯•ç”¨ä¾‹æ‰§è¡ŒæˆåŠŸ
2018-04-24 18:01:46,734 [main]---ã€createAdverã€‘æµ‹è¯•ç”¨ä¾‹å¼€å§‹æ‰§è¡Œ
2018-04-24 18:01:46,736 [main]---ã€createAdverã€‘æµ‹è¯•ç”¨ä¾‹å¼€å§‹æ‰§è¡Œ
2018-04-24 18:01:46,739 [main]---æµ‹è¯•ç±»ï¼š'com.uiframe.testng.TestngRetry' ä¸­çš„æµ‹è¯•æ–¹æ³•ï¼š'createAdver' æ‰§è¡Œå¤±è´¥ï¼Œé‡è¯•ç¬¬ 1 æ¬¡
2018-04-24 18:01:46,741 [main]---ã€createAdverã€‘æµ‹è¯•ç”¨ä¾‹å¼€å§‹æ‰§è¡Œ
2018-04-24 18:01:46,743 [main]---ã€createAdverã€‘æµ‹è¯•ç”¨ä¾‹å¼€å§‹æ‰§è¡Œ
2018-04-24 18:01:46,744 [main]---æµ‹è¯•ç±»ï¼š'com.uiframe.testng.TestngRetry' ä¸­çš„æµ‹è¯•æ–¹æ³•ï¼š'createAdver' æ‰§è¡Œå¤±è´¥ï¼Œé‡è¯•ç¬¬ 2 æ¬¡
2018-04-24 18:01:46,750 [main]---ã€createAdverã€‘æµ‹è¯•ç”¨ä¾‹å¼€å§‹æ‰§è¡Œ
2018-04-24 18:01:46,752 [main]---ã€createAdverã€‘æµ‹è¯•ç”¨ä¾‹å¼€å§‹æ‰§è¡Œ
2018-04-24 18:01:46,754 [main]---ã€createAdverã€‘æµ‹è¯•ç”¨ä¾‹æ‰§è¡Œå¤±è´¥
2018-04-24 18:01:46,755 [main]---ã€createAdverã€‘æµ‹è¯•ç”¨ä¾‹æ‰§è¡Œå¤±è´¥
2018-04-24 18:01:46,756 [main]---ã€tearDownã€‘æµ‹è¯•ç”¨ä¾‹å¼€å§‹æ‰§è¡Œ
2018-04-24 18:01:46,757 [main]---ã€tearDownã€‘æµ‹è¯•ç”¨ä¾‹å¼€å§‹æ‰§è¡Œ
2018-04-24 18:01:49,757 [main]---æµ‹è¯•ç±»ï¼š'com.uiframe.testng.TestngRetry' ä¸­çš„æµ‹è¯•æ–¹æ³•ï¼š'tearDown' æ‰§è¡Œå¤±è´¥ï¼Œé‡è¯•ç¬¬ 1 æ¬¡
2018-04-24 18:01:49,759 [main]---ã€tearDownã€‘æµ‹è¯•ç”¨ä¾‹å¼€å§‹æ‰§è¡Œ
2018-04-24 18:01:49,760 [main]---ã€tearDownã€‘æµ‹è¯•ç”¨ä¾‹å¼€å§‹æ‰§è¡Œ
2018-04-24 18:01:52,761 [main]---æµ‹è¯•ç±»ï¼š'com.uiframe.testng.TestngRetry' ä¸­çš„æµ‹è¯•æ–¹æ³•ï¼š'tearDown' æ‰§è¡Œå¤±è´¥ï¼Œé‡è¯•ç¬¬ 2 æ¬¡
2018-04-24 18:01:52,762 [main]---ã€tearDownã€‘æµ‹è¯•ç”¨ä¾‹å¼€å§‹æ‰§è¡Œ
2018-04-24 18:01:52,764 [main]---ã€tearDownã€‘æµ‹è¯•ç”¨ä¾‹å¼€å§‹æ‰§è¡Œ
2018-04-24 18:01:55,764 [main]---ã€tearDownã€‘æµ‹è¯•ç”¨ä¾‹æ‰§è¡Œå¤±è´¥
2018-04-24 18:01:55,768 [main]---ã€tearDownã€‘æµ‹è¯•ç”¨ä¾‹æ‰§è¡Œå¤±è´¥
2018-04-24 18:01:55,768 [main]---æµ‹è¯•æ‰§è¡Œå®Œæ¯•
2018-04-24 18:01:55,769 [main]---æµ‹è¯•æ‰§è¡Œå®Œæ¯•
2018-04-24 18:05:25,477 [main]---å®ä¾‹åŒ–è°·æ­Œæµè§ˆå™¨_ok
2018-04-24 18:07:05,783 [main]---å®ä¾‹åŒ–è°·æ­Œæµè§ˆå™¨_ok
2018-04-24 18:09:17,637 [main]---å®ä¾‹åŒ–è°·æ­Œæµè§ˆå™¨_ok
2018-04-24 20:59:45,301 [main]---å®ä¾‹åŒ–è°·æ­Œæµè§ˆå™¨_ok
2018-04-24 21:00:37,404 [main]---å®ä¾‹åŒ–è°·æ­Œæµè§ˆå™¨_ok
2018-04-24 21:17:53,512 [main]---å®ä¾‹åŒ–è°·æ­Œæµè§ˆå™¨_ok
2018-04-24 21:23:50,397 [main]---å®ä¾‹åŒ–è°·æ­Œæµè§ˆå™¨_ok
2018-04-24 21:23:50,884 [main]---LoginPageä½¿ç”¨å…ƒç´ æ–‡ä»¶xmlï¼šwebElementInfos\LoginPage.xml
2018-04-24 21:23:54,006 [main]---æ‰“å¼€ç½‘å€ï¼šhttp://60.166.12.158:4077/login
2018-04-24 21:23:54,202 [main]---ã€ç”¨æˆ·åè¾“å…¥æ¡†ã€‘è¯†åˆ«æˆåŠŸ
2018-04-24 21:23:54,533 [main]---åœ¨ã€ç”¨æˆ·åè¾“å…¥æ¡†ã€‘ä¸­è¾“å…¥ admin
2018-04-24 21:23:54,569 [main]---ã€å¯†ç è¾“å…¥æ¡†ã€‘è¯†åˆ«æˆåŠŸ
2018-04-24 21:23:54,682 [main]---åœ¨ã€å¯†ç è¾“å…¥æ¡†ã€‘ä¸­è¾“å…¥ Xylx1.T
2018-04-24 21:23:54,769 [main]---ã€éªŒè¯ç å›¾ç‰‡ã€‘è¯†åˆ«æˆåŠŸ
2018-04-24 21:23:55,574 [main]---éªŒè¯ç å›¾ç‰‡æˆªå›¾ä¿å­˜æˆåŠŸï¼štessdata\vrCodeImage\codeImage.png
2018-04-24 21:23:55,577 [main]---tessdata\vrCodeImage\codeImage.png
2018-04-24 21:24:02,037 [main]---doOCRéªŒè¯ç è¯†åˆ«ç»“æœ:
2018-04-24 21:24:03,132 [main]---ã€éªŒè¯å—è¾“å…¥æ¡†ã€‘è¯†åˆ«æˆåŠŸ
2018-04-24 21:24:03,199 [main]---åœ¨ã€éªŒè¯å—è¾“å…¥æ¡†ã€‘ä¸­è¾“å…¥ 
2018-04-24 21:24:03,229 [main]---ã€ç™»å½•æŒ‰é’®ã€‘è¯†åˆ«æˆåŠŸ
2018-04-24 21:24:03,354 [main]---ç‚¹å‡»ã€ç™»å½•æŒ‰é’®ã€‘
2018-04-24 21:24:03,356 [main]---MainPageä½¿ç”¨å…ƒç´ æ–‡ä»¶xmlï¼šwebElementInfos\MainPage.xml
2018-04-24 21:24:03,575 [main]---ã€æ¬¢è¿ç™»é™†ã€‘æš‚æœªæ‰¾åˆ°ï¼Œè½®è¯¢ä¸­...
2018-04-24 21:24:04,189 [main]---ã€æ¬¢è¿ç™»é™†ã€‘æš‚æœªæ‰¾åˆ°ï¼Œè½®è¯¢ä¸­...
2018-04-24 21:24:04,787 [main]---ã€æ¬¢è¿ç™»é™†ã€‘æš‚æœªæ‰¾åˆ°ï¼Œè½®è¯¢ä¸­...
2018-04-24 21:24:05,342 [main]---ã€æ¬¢è¿ç™»é™†ã€‘æš‚æœªæ‰¾åˆ°ï¼Œè½®è¯¢ä¸­...
2018-04-24 21:24:05,904 [main]---ã€æ¬¢è¿ç™»é™†ã€‘æš‚æœªæ‰¾åˆ°ï¼Œè½®è¯¢ä¸­...
2018-04-24 21:24:06,535 [main]---ã€æ¬¢è¿ç™»é™†ã€‘æš‚æœªæ‰¾åˆ°ï¼Œè½®è¯¢ä¸­...
2018-04-24 21:24:07,058 [main]---ã€æ¬¢è¿ç™»é™†ã€‘æš‚æœªæ‰¾åˆ°ï¼Œè½®è¯¢ä¸­...
2018-04-24 21:24:07,631 [main]---ã€æ¬¢è¿ç™»é™†ã€‘æš‚æœªæ‰¾åˆ°ï¼Œè½®è¯¢ä¸­...
2018-04-24 21:24:08,239 [main]---ã€æ¬¢è¿ç™»é™†ã€‘æš‚æœªæ‰¾åˆ°ï¼Œè½®è¯¢ä¸­...
2018-04-24 21:24:08,758 [main]---ã€æ¬¢è¿ç™»é™†ã€‘æš‚æœªæ‰¾åˆ°ï¼Œè½®è¯¢ä¸­...
2018-04-24 21:24:08,759 [main]---ã€æ¬¢è¿ç™»é™†ã€‘è¯†åˆ«å¤±è´¥ï¼šè¯†åˆ«è¶…æ—¶
2018-04-24 21:24:09,341 [main]---æˆªå›¾ä¿å­˜çš„è·¯å¾„ä¸º:screenshotImgs\error_2018_04_24_21_24_08.png
2018-04-24 21:24:09,392 [main]---æˆªå›¾æˆåŠŸï¼ï¼ï¼
2018-04-24 21:25:14,544 [main]---å®ä¾‹åŒ–è°·æ­Œæµè§ˆå™¨_ok
2018-04-24 21:25:14,960 [main]---LoginPageä½¿ç”¨å…ƒç´ æ–‡ä»¶xmlï¼šwebElementInfos\LoginPage.xml
2018-04-24 21:25:17,591 [main]---æ‰“å¼€ç½‘å€ï¼šhttp://60.166.12.158:4077/login
2018-04-24 21:25:17,702 [main]---ã€ç”¨æˆ·åè¾“å…¥æ¡†ã€‘è¯†åˆ«æˆåŠŸ
2018-04-24 21:25:17,914 [main]---åœ¨ã€ç”¨æˆ·åè¾“å…¥æ¡†ã€‘ä¸­è¾“å…¥ admin
2018-04-24 21:25:17,943 [main]---ã€å¯†ç è¾“å…¥æ¡†ã€‘è¯†åˆ«æˆåŠŸ
2018-04-24 21:25:18,059 [main]---åœ¨ã€å¯†ç è¾“å…¥æ¡†ã€‘ä¸­è¾“å…¥ Xylx1.T
2018-04-24 21:25:18,092 [main]---ã€éªŒè¯ç å›¾ç‰‡ã€‘è¯†åˆ«æˆåŠŸ
2018-04-24 21:25:18,388 [main]---éªŒè¯ç å›¾ç‰‡æˆªå›¾ä¿å­˜æˆåŠŸï¼štessdata\vrCodeImage\codeImage.png
2018-04-24 21:25:18,390 [main]---tessdata\vrCodeImage\codeImage.png
2018-04-24 21:25:19,948 [main]---doOCRéªŒè¯ç è¯†åˆ«ç»“æœ:tebu
2018-04-24 21:25:21,027 [main]---ã€éªŒè¯å—è¾“å…¥æ¡†ã€‘è¯†åˆ«æˆåŠŸ
2018-04-24 21:25:21,320 [main]---åœ¨ã€éªŒè¯å—è¾“å…¥æ¡†ã€‘ä¸­è¾“å…¥ tebu
2018-04-24 21:25:21,377 [main]---ã€ç™»å½•æŒ‰é’®ã€‘è¯†åˆ«æˆåŠŸ
2018-04-24 21:25:23,055 [main]---ç‚¹å‡»ã€ç™»å½•æŒ‰é’®ã€‘
2018-04-24 21:25:23,058 [main]---MainPageä½¿ç”¨å…ƒç´ æ–‡ä»¶xmlï¼šwebElementInfos\MainPage.xml
2018-04-24 21:25:23,129 [main]---ã€æ¬¢è¿ç™»é™†ã€‘è¯†åˆ«æˆåŠŸ
2018-04-24 21:25:23,138 [main]---MainPageä½¿ç”¨å…ƒç´ æ–‡ä»¶xmlï¼šwebElementInfos\MainPage.xml
2018-04-24 21:25:23,181 [main]---ã€æŠ•æ”¾ç®¡ç†æ¨¡å—ã€‘è¯†åˆ«æˆåŠŸ
2018-04-24 21:25:23,275 [main]---ç‚¹å‡»ã€æŠ•æ”¾ç®¡ç†æ¨¡å—ã€‘
2018-04-24 21:25:23,314 [main]---ã€å¹¿å‘Šä¸»ç®¡ç†ã€‘è¯†åˆ«æˆåŠŸ
2018-04-24 21:25:24,318 [main]---ç‚¹å‡»ã€å¹¿å‘Šä¸»ç®¡ç†ã€‘
2018-04-24 21:25:24,354 [main]---ã€æ–°å¢å¹¿å‘Šä¸»ã€‘è¯†åˆ«æˆåŠŸ
2018-04-24 21:25:25,417 [main]---ç‚¹å‡»ã€æ–°å¢å¹¿å‘Šä¸»ã€‘
2018-04-24 21:25:25,419 [main]---AddAdverPageä½¿ç”¨å…ƒç´ æ–‡ä»¶xmlï¼šwebElementInfos\AddAdverPage.xml
2018-04-24 21:25:25,455 [main]---ã€å¹¿å‘Šä¸»åç§°ã€‘è¯†åˆ«æˆåŠŸ
2018-04-24 21:37:53,482 [main]---æµ‹è¯•åˆå§‹åŒ–
2018-04-24 21:37:53,488 [main]---æµ‹è¯•åˆå§‹åŒ–
2018-04-24 21:37:53,508 [main]---ã€setUpã€‘æµ‹è¯•ç”¨ä¾‹å¼€å§‹æ‰§è¡Œ
2018-04-24 21:37:53,516 [main]---ã€setUpã€‘æµ‹è¯•ç”¨ä¾‹å¼€å§‹æ‰§è¡Œ
2018-04-24 21:37:57,648 [main]---å®ä¾‹åŒ–è°·æ­Œæµè§ˆå™¨_ok
2018-04-24 21:37:58,057 [main]---ã€setUpã€‘æµ‹è¯•ç”¨ä¾‹æ‰§è¡ŒæˆåŠŸ
2018-04-24 21:37:58,062 [main]---ã€setUpã€‘æµ‹è¯•ç”¨ä¾‹æ‰§è¡ŒæˆåŠŸ
2018-04-24 21:37:58,070 [main]---ã€Loginã€‘æµ‹è¯•ç”¨ä¾‹å¼€å§‹æ‰§è¡Œ
2018-04-24 21:37:58,072 [main]---ã€Loginã€‘æµ‹è¯•ç”¨ä¾‹å¼€å§‹æ‰§è¡Œ
2018-04-24 21:37:58,089 [main]---LoginPageä½¿ç”¨å…ƒç´ æ–‡ä»¶xmlï¼šwebElementInfos\LoginPage.xml
2018-04-24 21:38:00,427 [main]---æ‰“å¼€ç½‘å€ï¼šhttp://60.166.12.158:4077/login
2018-04-24 21:38:01,706 [main]---MainPageä½¿ç”¨å…ƒç´ æ–‡ä»¶xmlï¼šwebElementInfos\MainPage.xml
2018-04-24 21:38:01,775 [main]---ã€æ¬¢è¿ç™»é™†ã€‘è¯†åˆ«æˆåŠŸ
2018-04-24 21:38:01,777 [main]---ã€Loginã€‘æµ‹è¯•ç”¨ä¾‹æ‰§è¡ŒæˆåŠŸ
2018-04-24 21:38:01,779 [main]---ã€Loginã€‘æµ‹è¯•ç”¨ä¾‹æ‰§è¡ŒæˆåŠŸ
2018-04-24 21:38:01,780 [main]---ã€createAdverã€‘æµ‹è¯•ç”¨ä¾‹å¼€å§‹æ‰§è¡Œ
2018-04-24 21:38:01,782 [main]---ã€createAdverã€‘æµ‹è¯•ç”¨ä¾‹å¼€å§‹æ‰§è¡Œ
2018-04-24 21:38:01,785 [main]---æµ‹è¯•ç±»ï¼š'com.uiframe.testng.TestngRetry' ä¸­çš„æµ‹è¯•æ–¹æ³•ï¼š'createAdver' æ‰§è¡Œå¤±è´¥ï¼Œé‡è¯•ç¬¬ 1 æ¬¡
2018-04-24 21:38:01,786 [main]---ã€createAdverã€‘æµ‹è¯•ç”¨ä¾‹è¢«è·³è¿‡
2018-04-24 21:38:01,790 [main]---ã€createAdverã€‘æµ‹è¯•ç”¨ä¾‹è¢«è·³è¿‡
2018-04-24 21:38:01,791 [main]---ã€createAdverã€‘æµ‹è¯•ç”¨ä¾‹å¼€å§‹æ‰§è¡Œ
2018-04-24 21:38:01,793 [main]---ã€createAdverã€‘æµ‹è¯•ç”¨ä¾‹å¼€å§‹æ‰§è¡Œ
2018-04-24 21:38:01,793 [main]---æµ‹è¯•ç±»ï¼š'com.uiframe.testng.TestngRetry' ä¸­çš„æµ‹è¯•æ–¹æ³•ï¼š'createAdver' æ‰§è¡Œå¤±è´¥ï¼Œé‡è¯•ç¬¬ 2 æ¬¡
2018-04-24 21:38:01,795 [main]---ã€createAdverã€‘æµ‹è¯•ç”¨ä¾‹è¢«è·³è¿‡
2018-04-24 21:38:01,800 [main]---ã€createAdverã€‘æµ‹è¯•ç”¨ä¾‹è¢«è·³è¿‡
2018-04-24 21:38:01,802 [main]---ã€createAdverã€‘æµ‹è¯•ç”¨ä¾‹å¼€å§‹æ‰§è¡Œ
2018-04-24 21:38:01,804 [main]---ã€createAdverã€‘æµ‹è¯•ç”¨ä¾‹å¼€å§‹æ‰§è¡Œ
2018-04-24 21:38:01,806 [main]---ã€createAdverã€‘æµ‹è¯•ç”¨ä¾‹æ‰§è¡Œå¤±è´¥
2018-04-24 21:38:01,812 [main]---ã€createAdverã€‘æµ‹è¯•ç”¨ä¾‹æ‰§è¡Œå¤±è´¥
2018-04-24 21:38:01,815 [main]---ã€tearDownã€‘æµ‹è¯•ç”¨ä¾‹å¼€å§‹æ‰§è¡Œ
2018-04-24 21:38:01,817 [main]---ã€tearDownã€‘æµ‹è¯•ç”¨ä¾‹å¼€å§‹æ‰§è¡Œ
2018-04-24 21:38:04,821 [main]---æµ‹è¯•ç±»ï¼š'com.uiframe.testng.TestngRetry' ä¸­çš„æµ‹è¯•æ–¹æ³•ï¼š'tearDown' æ‰§è¡Œå¤±è´¥ï¼Œé‡è¯•ç¬¬ 1 æ¬¡
2018-04-24 21:38:04,822 [main]---ã€tearDownã€‘æµ‹è¯•ç”¨ä¾‹è¢«è·³è¿‡
2018-04-24 21:38:04,838 [main]---ã€tearDownã€‘æµ‹è¯•ç”¨ä¾‹è¢«è·³è¿‡
2018-04-24 21:38:04,842 [main]---ã€tearDownã€‘æµ‹è¯•ç”¨ä¾‹å¼€å§‹æ‰§è¡Œ
2018-04-24 21:38:04,852 [main]---ã€tearDownã€‘æµ‹è¯•ç”¨ä¾‹å¼€å§‹æ‰§è¡Œ
2018-04-24 21:38:07,856 [main]---æµ‹è¯•ç±»ï¼š'com.uiframe.testng.TestngRetry' ä¸­çš„æµ‹è¯•æ–¹æ³•ï¼š'tearDown' æ‰§è¡Œå¤±è´¥ï¼Œé‡è¯•ç¬¬ 2 æ¬¡
2018-04-24 21:38:07,857 [main]---ã€tearDownã€‘æµ‹è¯•ç”¨ä¾‹è¢«è·³è¿‡
2018-04-24 21:38:07,883 [main]---ã€tearDownã€‘æµ‹è¯•ç”¨ä¾‹è¢«è·³è¿‡
2018-04-24 21:38:07,885 [main]---ã€tearDownã€‘æµ‹è¯•ç”¨ä¾‹å¼€å§‹æ‰§è¡Œ
2018-04-24 21:38:07,886 [main]---ã€tearDownã€‘æµ‹è¯•ç”¨ä¾‹å¼€å§‹æ‰§è¡Œ
2018-04-24 21:38:10,897 [main]---ã€tearDownã€‘æµ‹è¯•ç”¨ä¾‹æ‰§è¡Œå¤±è´¥
2018-04-24 21:38:10,920 [main]---ã€tearDownã€‘æµ‹è¯•ç”¨ä¾‹æ‰§è¡Œå¤±è´¥
2018-04-24 21:38:10,932 [main]---æµ‹è¯•æ‰§è¡Œå®Œæ¯•
2018-04-24 21:38:10,937 [main]---æµ‹è¯•æ‰§è¡Œå®Œæ¯•
2018-04-24 21:42:08,057 [main]---æµ‹è¯•åˆå§‹åŒ–
2018-04-24 21:42:08,064 [main]---æµ‹è¯•åˆå§‹åŒ–
2018-04-24 21:42:08,089 [main]---ã€setUpã€‘æµ‹è¯•ç”¨ä¾‹å¼€å§‹æ‰§è¡Œ
2018-04-24 21:42:08,096 [main]---ã€setUpã€‘æµ‹è¯•ç”¨ä¾‹å¼€å§‹æ‰§è¡Œ
2018-04-24 21:42:11,867 [main]---å®ä¾‹åŒ–è°·æ­Œæµè§ˆå™¨_ok
2018-04-24 21:42:12,348 [main]---ã€setUpã€‘æµ‹è¯•ç”¨ä¾‹æ‰§è¡ŒæˆåŠŸ
2018-04-24 21:42:12,351 [main]---ã€setUpã€‘æµ‹è¯•ç”¨ä¾‹æ‰§è¡ŒæˆåŠŸ
2018-04-24 21:42:12,354 [main]---ã€Loginã€‘æµ‹è¯•ç”¨ä¾‹å¼€å§‹æ‰§è¡Œ
2018-04-24 21:42:12,360 [main]---ã€Loginã€‘æµ‹è¯•ç”¨ä¾‹å¼€å§‹æ‰§è¡Œ
2018-04-24 21:42:12,378 [main]---LoginPageä½¿ç”¨å…ƒç´ æ–‡ä»¶xmlï¼šwebElementInfos\LoginPage.xml
2018-04-24 21:42:14,292 [main]---æ‰“å¼€ç½‘å€ï¼šhttp://60.166.12.158:4077/login
2018-04-24 21:42:15,802 [main]---MainPageä½¿ç”¨å…ƒç´ æ–‡ä»¶xmlï¼šwebElementInfos\MainPage.xml
2018-04-24 21:42:15,861 [main]---ã€æ¬¢è¿ç™»é™†ã€‘è¯†åˆ«æˆåŠŸ
2018-04-24 21:42:15,865 [main]---ã€Loginã€‘æµ‹è¯•ç”¨ä¾‹æ‰§è¡ŒæˆåŠŸ
2018-04-24 21:42:15,867 [main]---ã€Loginã€‘æµ‹è¯•ç”¨ä¾‹æ‰§è¡ŒæˆåŠŸ
2018-04-24 21:42:15,868 [main]---ã€createAdverã€‘æµ‹è¯•ç”¨ä¾‹å¼€å§‹æ‰§è¡Œ
2018-04-24 21:42:15,870 [main]---ã€createAdverã€‘æµ‹è¯•ç”¨ä¾‹å¼€å§‹æ‰§è¡Œ
2018-04-24 21:42:44,554 [main]---MainPageä½¿ç”¨å…ƒç´ æ–‡ä»¶xmlï¼šwebElementInfos\MainPage.xml
2018-04-24 21:42:44,613 [main]---ã€æŠ•æ”¾ç®¡ç†æ¨¡å—ã€‘è¯†åˆ«æˆåŠŸ
2018-04-24 21:42:44,797 [main]---ç‚¹å‡»ã€æŠ•æ”¾ç®¡ç†æ¨¡å—ã€‘
2018-04-24 21:42:44,847 [main]---ã€å¹¿å‘Šä¸»ç®¡ç†ã€‘è¯†åˆ«æˆåŠŸ
2018-04-24 21:42:45,810 [main]---ç‚¹å‡»ã€å¹¿å‘Šä¸»ç®¡ç†ã€‘
2018-04-24 21:42:45,850 [main]---ã€æ–°å¢å¹¿å‘Šä¸»ã€‘è¯†åˆ«æˆåŠŸ
2018-04-24 21:42:46,858 [main]---ç‚¹å‡»ã€æ–°å¢å¹¿å‘Šä¸»ã€‘
2018-04-24 21:42:46,861 [main]---AddAdverPageä½¿ç”¨å…ƒç´ æ–‡ä»¶xmlï¼šwebElementInfos\AddAdverPage.xml
2018-04-24 21:42:46,914 [main]---ã€å¹¿å‘Šä¸»åç§°ã€‘è¯†åˆ«æˆåŠŸ
2018-04-24 21:43:04,145 [main]---æµ‹è¯•åˆå§‹åŒ–
2018-04-24 21:43:04,155 [main]---æµ‹è¯•åˆå§‹åŒ–
2018-04-24 21:43:04,190 [main]---ã€setUpã€‘æµ‹è¯•ç”¨ä¾‹å¼€å§‹æ‰§è¡Œ
2018-04-24 21:43:04,206 [main]---ã€setUpã€‘æµ‹è¯•ç”¨ä¾‹å¼€å§‹æ‰§è¡Œ
2018-04-24 21:43:08,173 [main]---å®ä¾‹åŒ–è°·æ­Œæµè§ˆå™¨_ok
2018-04-24 21:43:08,707 [main]---ã€setUpã€‘æµ‹è¯•ç”¨ä¾‹æ‰§è¡ŒæˆåŠŸ
2018-04-24 21:43:08,709 [main]---ã€setUpã€‘æµ‹è¯•ç”¨ä¾‹æ‰§è¡ŒæˆåŠŸ
2018-04-24 21:43:08,713 [main]---ã€Loginã€‘æµ‹è¯•ç”¨ä¾‹å¼€å§‹æ‰§è¡Œ
2018-04-24 21:43:08,716 [main]---ã€Loginã€‘æµ‹è¯•ç”¨ä¾‹å¼€å§‹æ‰§è¡Œ
2018-04-24 21:43:08,742 [main]---LoginPageä½¿ç”¨å…ƒç´ æ–‡ä»¶xmlï¼šwebElementInfos\LoginPage.xml
2018-04-24 21:43:10,666 [main]---æ‰“å¼€ç½‘å€ï¼šhttp://60.166.12.158:4077/login
2018-04-24 21:43:11,937 [main]---MainPageä½¿ç”¨å…ƒç´ æ–‡ä»¶xmlï¼šwebElementInfos\MainPage.xml
2018-04-24 21:43:12,020 [main]---ã€æ¬¢è¿ç™»é™†ã€‘è¯†åˆ«æˆåŠŸ
2018-04-24 21:43:12,025 [main]---ã€Loginã€‘æµ‹è¯•ç”¨ä¾‹æ‰§è¡ŒæˆåŠŸ
2018-04-24 21:43:12,027 [main]---ã€Loginã€‘æµ‹è¯•ç”¨ä¾‹æ‰§è¡ŒæˆåŠŸ
2018-04-24 21:43:12,029 [main]---ã€createAdverã€‘æµ‹è¯•ç”¨ä¾‹å¼€å§‹æ‰§è¡Œ
2018-04-24 21:43:12,032 [main]---ã€createAdverã€‘æµ‹è¯•ç”¨ä¾‹å¼€å§‹æ‰§è¡Œ
2018-04-24 21:46:45,459 [main]---MainPageä½¿ç”¨å…ƒç´ æ–‡ä»¶xmlï¼šwebElementInfos\MainPage.xml
2018-04-24 21:47:41,977 [main]---ã€æŠ•æ”¾ç®¡ç†æ¨¡å—ã€‘è¯†åˆ«æˆåŠŸ
2018-04-24 21:47:42,152 [main]---ç‚¹å‡»ã€æŠ•æ”¾ç®¡ç†æ¨¡å—ã€‘
2018-04-24 21:47:45,187 [main]---ã€å¹¿å‘Šä¸»ç®¡ç†ã€‘è¯†åˆ«æˆåŠŸ
2018-04-24 21:47:45,983 [main]---ç‚¹å‡»ã€å¹¿å‘Šä¸»ç®¡ç†ã€‘
2018-04-24 21:47:47,361 [main]---ã€æ–°å¢å¹¿å‘Šä¸»ã€‘è¯†åˆ«æˆåŠŸ
2018-04-24 21:47:48,057 [main]---ç‚¹å‡»ã€æ–°å¢å¹¿å‘Šä¸»ã€‘
2018-04-24 21:47:49,401 [main]---AddAdverPageä½¿ç”¨å…ƒç´ æ–‡ä»¶xmlï¼šwebElementInfos\AddAdverPage.xml
2018-04-24 21:48:09,008 [main]---ã€å¹¿å‘Šä¸»åç§°ã€‘è¯†åˆ«æˆåŠŸ
2018-04-24 21:48:23,652 [main]---ã€createAdverã€‘æµ‹è¯•ç”¨ä¾‹æ‰§è¡ŒæˆåŠŸ
2018-04-24 21:48:23,662 [main]---ã€createAdverã€‘æµ‹è¯•ç”¨ä¾‹æ‰§è¡ŒæˆåŠŸ
2018-04-24 21:48:59,343 [main]---ã€tearDownã€‘æµ‹è¯•ç”¨ä¾‹å¼€å§‹æ‰§è¡Œ
2018-04-24 21:48:59,362 [main]---ã€tearDownã€‘æµ‹è¯•ç”¨ä¾‹å¼€å§‹æ‰§è¡Œ
2018-04-24 21:49:02,810 [main]---ç”¨ä¾‹æ‰§è¡Œå®Œæ¯•ï¼Œå…³é—­æµè§ˆå™¨
2018-04-24 21:49:02,813 [main]---ã€tearDownã€‘æµ‹è¯•ç”¨ä¾‹æ‰§è¡ŒæˆåŠŸ
2018-04-24 21:49:02,823 [main]---ã€tearDownã€‘æµ‹è¯•ç”¨ä¾‹æ‰§è¡ŒæˆåŠŸ
2018-04-24 22:05:06,882 [main]---æµ‹è¯•åˆå§‹åŒ–
2018-04-24 22:05:06,885 [main]---æµ‹è¯•åˆå§‹åŒ–
2018-04-24 22:05:06,899 [main]---ã€setUpã€‘æµ‹è¯•ç”¨ä¾‹å¼€å§‹æ‰§è¡Œ
2018-04-24 22:05:06,904 [main]---ã€setUpã€‘æµ‹è¯•ç”¨ä¾‹å¼€å§‹æ‰§è¡Œ
2018-04-24 22:05:09,991 [main]---å®ä¾‹åŒ–è°·æ­Œæµè§ˆå™¨_ok
2018-04-24 22:05:10,409 [main]---ã€setUpã€‘æµ‹è¯•ç”¨ä¾‹æ‰§è¡ŒæˆåŠŸ
2018-04-24 22:05:10,412 [main]---ã€setUpã€‘æµ‹è¯•ç”¨ä¾‹æ‰§è¡ŒæˆåŠŸ
2018-04-24 22:05:10,416 [main]---ã€Loginã€‘æµ‹è¯•ç”¨ä¾‹å¼€å§‹æ‰§è¡Œ
2018-04-24 22:05:10,420 [main]---ã€Loginã€‘æµ‹è¯•ç”¨ä¾‹å¼€å§‹æ‰§è¡Œ
2018-04-24 22:05:10,440 [main]---LoginPageä½¿ç”¨å…ƒç´ æ–‡ä»¶xmlï¼šwebElementInfos\LoginPage.xml
2018-04-24 22:05:13,504 [main]---æ‰“å¼€ç½‘å€ï¼šhttp://60.166.12.158:4077/login
2018-04-24 22:05:14,907 [main]---MainPageä½¿ç”¨å…ƒç´ æ–‡ä»¶xmlï¼šwebElementInfos\MainPage.xml
2018-04-24 22:05:14,963 [main]---ã€æ¬¢è¿ç™»é™†ã€‘è¯†åˆ«æˆåŠŸ
2018-04-24 22:05:14,966 [main]---ã€Loginã€‘æµ‹è¯•ç”¨ä¾‹æ‰§è¡ŒæˆåŠŸ
2018-04-24 22:05:14,967 [main]---ã€Loginã€‘æµ‹è¯•ç”¨ä¾‹æ‰§è¡ŒæˆåŠŸ
2018-04-24 22:05:14,969 [main]---ã€createAdverã€‘æµ‹è¯•ç”¨ä¾‹å¼€å§‹æ‰§è¡Œ
2018-04-24 22:05:14,970 [main]---ã€createAdverã€‘æµ‹è¯•ç”¨ä¾‹å¼€å§‹æ‰§è¡Œ
2018-04-24 22:05:14,971 [main]---MainPageä½¿ç”¨å…ƒç´ æ–‡ä»¶xmlï¼šwebElementInfos\MainPage.xml
2018-04-24 22:05:15,010 [main]---ã€æŠ•æ”¾ç®¡ç†æ¨¡å—ã€‘è¯†åˆ«æˆåŠŸ
2018-04-24 22:05:15,131 [main]---ç‚¹å‡»ã€æŠ•æ”¾ç®¡ç†æ¨¡å—ã€‘
2018-04-24 22:05:15,166 [main]---ã€å¹¿å‘Šä¸»ç®¡ç†ã€‘è¯†åˆ«æˆåŠŸ
2018-04-24 22:05:16,396 [main]---ç‚¹å‡»ã€å¹¿å‘Šä¸»ç®¡ç†ã€‘
2018-04-24 22:05:16,426 [main]---ã€æ–°å¢å¹¿å‘Šä¸»ã€‘è¯†åˆ«æˆåŠŸ
2018-04-24 22:05:17,269 [main]---ç‚¹å‡»ã€æ–°å¢å¹¿å‘Šä¸»ã€‘
2018-04-24 22:05:17,269 [main]---AddAdverPageä½¿ç”¨å…ƒç´ æ–‡ä»¶xmlï¼šwebElementInfos\AddAdverPage.xml
2018-04-24 22:05:17,303 [main]---ã€å¹¿å‘Šä¸»åç§°ã€‘è¯†åˆ«æˆåŠŸ
2018-04-24 22:05:17,304 [main]---ã€createAdverã€‘æµ‹è¯•ç”¨ä¾‹æ‰§è¡ŒæˆåŠŸ
2018-04-24 22:05:17,305 [main]---ã€createAdverã€‘æµ‹è¯•ç”¨ä¾‹æ‰§è¡ŒæˆåŠŸ
2018-04-24 22:05:17,306 [main]---ã€tearDownã€‘æµ‹è¯•ç”¨ä¾‹å¼€å§‹æ‰§è¡Œ
2018-04-24 22:05:17,308 [main]---ã€tearDownã€‘æµ‹è¯•ç”¨ä¾‹å¼€å§‹æ‰§è¡Œ
2018-04-24 22:05:20,514 [main]---ç”¨ä¾‹æ‰§è¡Œå®Œæ¯•ï¼Œå…³é—­æµè§ˆå™¨
2018-04-24 22:05:20,515 [main]---ã€tearDownã€‘æµ‹è¯•ç”¨ä¾‹æ‰§è¡ŒæˆåŠŸ
2018-04-24 22:05:20,518 [main]---ã€tearDownã€‘æµ‹è¯•ç”¨ä¾‹æ‰§è¡ŒæˆåŠŸ
2018-04-24 22:05:20,520 [main]---æµ‹è¯•æ‰§è¡Œå®Œæ¯•
2018-04-24 22:05:20,524 [main]---æµ‹è¯•æ‰§è¡Œå®Œæ¯•
2018-04-24 22:06:16,774 [main]---æµ‹è¯•åˆå§‹åŒ–
2018-04-24 22:06:16,780 [main]---æµ‹è¯•åˆå§‹åŒ–
2018-04-24 22:06:16,799 [main]---ã€setUpã€‘æµ‹è¯•ç”¨ä¾‹å¼€å§‹æ‰§è¡Œ
2018-04-24 22:06:16,805 [main]---ã€setUpã€‘æµ‹è¯•ç”¨ä¾‹å¼€å§‹æ‰§è¡Œ
2018-04-24 22:06:20,654 [main]---å®ä¾‹åŒ–è°·æ­Œæµè§ˆå™¨_ok
2018-04-24 22:06:21,123 [main]---ã€setUpã€‘æµ‹è¯•ç”¨ä¾‹æ‰§è¡ŒæˆåŠŸ
2018-04-24 22:06:21,127 [main]---ã€setUpã€‘æµ‹è¯•ç”¨ä¾‹æ‰§è¡ŒæˆåŠŸ
2018-04-24 22:06:21,130 [main]---ã€Loginã€‘æµ‹è¯•ç”¨ä¾‹å¼€å§‹æ‰§è¡Œ
2018-04-24 22:06:21,134 [main]---ã€Loginã€‘æµ‹è¯•ç”¨ä¾‹å¼€å§‹æ‰§è¡Œ
2018-04-24 22:06:21,154 [main]---LoginPageä½¿ç”¨å…ƒç´ æ–‡ä»¶xmlï¼šwebElementInfos\LoginPage.xml
2018-04-24 22:06:22,744 [main]---æ‰“å¼€ç½‘å€ï¼šhttp://60.166.12.158:4077/login
2018-04-24 22:06:24,070 [main]---MainPageä½¿ç”¨å…ƒç´ æ–‡ä»¶xmlï¼šwebElementInfos\MainPage.xml
2018-04-24 22:06:24,127 [main]---ã€æ¬¢è¿ç™»é™†ã€‘è¯†åˆ«æˆåŠŸ
2018-04-24 22:06:24,129 [main]---ã€Loginã€‘æµ‹è¯•ç”¨ä¾‹æ‰§è¡ŒæˆåŠŸ
2018-04-24 22:06:24,131 [main]---ã€Loginã€‘æµ‹è¯•ç”¨ä¾‹æ‰§è¡ŒæˆåŠŸ
2018-04-24 22:06:24,132 [main]---ã€createAdverã€‘æµ‹è¯•ç”¨ä¾‹å¼€å§‹æ‰§è¡Œ
2018-04-24 22:06:24,134 [main]---ã€createAdverã€‘æµ‹è¯•ç”¨ä¾‹å¼€å§‹æ‰§è¡Œ
2018-04-24 22:06:24,135 [main]---MainPageä½¿ç”¨å…ƒç´ æ–‡ä»¶xmlï¼šwebElementInfos\MainPage.xml
2018-04-24 22:06:24,174 [main]---ã€æŠ•æ”¾ç®¡ç†æ¨¡å—ã€‘è¯†åˆ«æˆåŠŸ
2018-04-24 22:06:24,277 [main]---ç‚¹å‡»ã€æŠ•æ”¾ç®¡ç†æ¨¡å—ã€‘
2018-04-24 22:06:24,319 [main]---ã€å¹¿å‘Šä¸»ç®¡ç†ã€‘è¯†åˆ«æˆåŠŸ
2018-04-24 22:06:25,151 [main]---ç‚¹å‡»ã€å¹¿å‘Šä¸»ç®¡ç†ã€‘
2018-04-24 22:06:25,181 [main]---ã€æ–°å¢å¹¿å‘Šä¸»ã€‘è¯†åˆ«æˆåŠŸ
2018-04-24 22:06:26,440 [main]---ç‚¹å‡»ã€æ–°å¢å¹¿å‘Šä¸»ã€‘
2018-04-24 22:06:26,441 [main]---AddAdverPageä½¿ç”¨å…ƒç´ æ–‡ä»¶xmlï¼šwebElementInfos\AddAdverPage.xml
2018-04-24 22:06:26,471 [main]---ã€å¹¿å‘Šä¸»åç§°ã€‘è¯†åˆ«æˆåŠŸ
2018-04-24 22:06:26,472 [main]---ã€createAdverã€‘æµ‹è¯•ç”¨ä¾‹æ‰§è¡ŒæˆåŠŸ
2018-04-24 22:06:26,473 [main]---ã€createAdverã€‘æµ‹è¯•ç”¨ä¾‹æ‰§è¡ŒæˆåŠŸ
2018-04-24 22:06:26,474 [main]---æµ‹è¯•æ‰§è¡Œå®Œæ¯•
2018-04-24 22:06:26,476 [main]---æµ‹è¯•æ‰§è¡Œå®Œæ¯•
2018-04-24 22:06:29,717 [main]---ç”¨ä¾‹æ‰§è¡Œå®Œæ¯•ï¼Œå…³é—­æµè§ˆå™¨
