2018-04-11 17:25:56,326 [main]---元素【投放管理模块】识别不成功
2018-04-11 17:25:56,623 [main]---截图保存的路径为:D:\Users\admin\workspace2\uiautotest\screenshotimgs\error_2018_04_11_17_25_56.png
2018-04-11 17:25:56,627 [main]---截图成功！！！
2018-04-11 17:25:56,629 [main]---【createAdver】测试用例执行失败
2018-04-11 17:25:56,662 [main]---测试执行完毕
2018-04-11 17:25:59,778 [main]---用例执行完毕，关闭浏览器
2018-04-11 17:26:40,274 [main]---启动谷歌浏览器
2018-04-11 17:26:40,586 [main]---测试初始化
2018-04-11 17:26:40,604 [main]---【Login】测试用例开始执行
2018-04-11 17:26:40,621 [main]---LoginPage_adx使用元素文件xml：D:\Users\admin\workspace2\uiautotest\webelementinfos\LoginPage_adx.xml
2018-04-11 17:26:41,837 [main]---打开网址：http://60.166.12.158:4077/login
2018-04-11 17:26:41,894 [main]---元素【用户名输入框】识别成功
2018-04-11 17:26:42,057 [main]---在元素【用户名输入框】中输入 admin
2018-04-11 17:26:42,075 [main]---元素【密码输入框】识别成功
2018-04-11 17:26:42,160 [main]---在元素【密码输入框】中输入 Xylx1.T
2018-04-11 17:26:42,181 [main]---元素【验证码图片】识别成功
2018-04-11 17:26:42,339 [main]---验证码图片截图保存成功：tessdata\vrCodeImage\codeImage.png
2018-04-11 17:26:42,339 [main]---tessdata\vrCodeImage\codeImage.png
2018-04-11 17:26:43,331 [main]---doOCR验证码识别结果:
2018-04-11 17:26:44,353 [main]---元素【验证吗输入框】识别成功
2018-04-11 17:26:44,404 [main]---在元素【验证吗输入框】中输入 
2018-04-11 17:26:44,426 [main]---元素【登录按钮】识别成功
2018-04-11 17:26:44,512 [main]---点击元素【登录按钮】
2018-04-11 17:26:44,513 [main]---MainPage_adx使用元素文件xml：D:\Users\admin\workspace2\uiautotest\webelementinfos\MainPage_adx.xml
2018-04-11 17:26:44,582 [main]---元素【欢迎登陆】识别不成功
2018-04-11 17:26:44,973 [main]---截图保存的路径为:D:\Users\admin\workspace2\uiautotest\screenshotimgs\error_2018_04_11_17_26_44.png
2018-04-11 17:26:44,977 [main]---截图成功！！！
2018-04-11 17:26:44,980 [main]---测试类：'com.uiframe.testng.TestngRetry' 中的测试方法：'Login' 执行失败，重试第 1 次
2018-04-11 17:26:44,984 [main]---【Login】测试用例被跳过
2018-04-11 17:26:44,987 [main]---【Login】测试用例开始执行
2018-04-11 17:26:44,988 [main]---LoginPage_adx使用元素文件xml：D:\Users\admin\workspace2\uiautotest\webelementinfos\LoginPage_adx.xml
2018-04-11 17:26:45,526 [main]---打开网址：http://60.166.12.158:4077/login
2018-04-11 17:26:45,546 [main]---元素【用户名输入框】识别成功
2018-04-11 17:26:45,634 [main]---在元素【用户名输入框】中输入 admin
2018-04-11 17:26:45,647 [main]---元素【密码输入框】识别成功
2018-04-11 17:26:45,732 [main]---在元素【密码输入框】中输入 Xylx1.T
2018-04-11 17:26:45,744 [main]---元素【验证码图片】识别成功
2018-04-11 17:26:45,790 [main]---验证码图片截图保存成功：tessdata\vrCodeImage\codeImage.png
2018-04-11 17:26:45,791 [main]---tessdata\vrCodeImage\codeImage.png
2018-04-11 17:26:46,043 [main]---doOCR验证码识别结果:gipa
2018-04-11 17:26:47,056 [main]---元素【验证吗输入框】识别成功
2018-04-11 17:26:47,134 [main]---在元素【验证吗输入框】中输入 gipa
2018-04-11 17:26:47,147 [main]---元素【登录按钮】识别成功
